208
5 55 13 14 5 19
5 6 29 45 3 92
6 18 62 30 38 55 99
5 68 38 95 55 45
6 92 87 98 82 51 6
6 38 28 88 32 78 37
6 78 89 12 59 11 61
7 58 99 75 82 70 62 84
7 4 34 15 24 68 71 16
4 38 11 60 23
4 72 33 51 27
6 46 68 88 74 40 56
6 45 85 22 73 60 23
7 20 21 47 74 80 36 98
5 58 87 2 8 21
6 28 90 47 7 64 41
6 75 60 98 58 85 51
6 32 97 26 72 56 89
6 14 95 48 11 41 81
6 24 27 91 15 39 11
6 19 97 33 25 23 26
7 15 75 49 59 20 87 79
7 60 24 3 26 33 13 52
7 1 47 98 43 92 72 21
6 30 16 2 65 18 19
4 63 82 31 54
6 22 10 92 12 7 93
5 77 79 18 33 43
7 32 33 9 48 49 5 72
6 7 2 79 75 59 58
6 5 96 9 33 62 48
6 99 57 28 2 47 98
7 22 49 12 93 55 97 11
6 59 10 96 16 89 71
4 26 65 44 22
6 35 93 78 29 72 55
6 89 69 9 91 62 51
5 26 30 88 42 65
7 94 88 73 60 13 78 29
6 76 38 79 29 58 15
6 95 68 31 24 79 65
6 61 73 5 86 24 52
6 21 12 68 91 100 20
6 54 33 16 5 32 82
5 54 65 100 28 13
6 73 46 86 87 54 23
5 49 70 80 30 68
6 92 52 78 34 6 2
6 96 51 50 65 22 14
6 79 10 94 88 16 43
7 46 8 4 34 80 99 25
6 58 17 35 6 83 64
4 2 40 12 86
6 62 32 63 23 18 17
7 27 14 91 46 36 17 93
6 86 63 67 19 89 2
6 43 24 48 35 53 5
7 69 46 78 77 17 6 50
7 56 64 10 19 80 24 85
5 82 89 79 26 33
8 69 61 28 85 9 48 13 5
5 35 40 53 32 57
6 91 4 57 15 19 37
7 24 16 64 34 94 13 41
6 5 39 24 44 63 94
8 80 66 95 88 27 59 89 16
6 18 27 17 9 69 31
7 70 14 42 100 15 97 21
6 1 46 19 8 57 31
6 23 27 28 50 45 59
6 99 93 47 98 77 94
6 6 12 80 51 24 83
7 10 76 4 7 50 81 48
8 3 30 73 56 96 42 63 50
6 36 100 38 27 20 58
7 35 19 85 80 43 58 24
6 8 56 83 90 16 37
7 81 77 19 75 65 15 98
5 52 60 49 75 10
6 36 95 98 71 47 53
5 39 42 46 90 40
6 45 12 10 26 8 3
5 14 16 24 25 9
6 52 5 6 1 87 30
4 43 60 35 42
5 26 83 64 68 91
6 17 26 71 39 96 14
5 71 60 63 4 90
5 33 99 70 37 45
7 85 92 91 69 10 83 79
7 70 74 100 52 84 55 94
6 100 57 63 44 49 59
7 47 15 26 73 83 98 74
6 23 64 59 39 24 3
6 27 74 40 72 7 20
6 66 84 2 44 42 21
5 69 21 42 32 47
7 69 27 7 73 45 53 94
6 35 52 37 67 65 82
5 74 72 5 37 59
6 75 98 5 72 77 37
7 28 25 44 100 46 57 68
8 59 90 16 56 32 13 39 30
8 7 87 20 34 4 84 40 19
7 79 99 90 93 31 76 51
8 95 47 80 79 25 52 91 65
6 98 41 74 59 100 20
6 73 88 54 98 99 42
5 1 47 96 80 70
7 49 80 22 61 99 51 20
5 53 36 69 23 61
7 61 3 17 84 14 39 22
5 19 78 86 18 50
6 39 29 81 34 87 82
6 89 36 50 82 10 84
7 85 60 30 91 39 84 29
6 21 78 15 53 68 37
7 7 70 48 33 58 87 86
6 99 17 38 42 86 36
7 58 15 49 40 51 9 64
7 82 43 37 70 41 7 67
6 87 100 86 95 1 81
8 64 61 45 13 48 76 7 80
7 63 86 61 2 96 3 93
6 23 17 75 41 35 36
5 54 62 57 64 66
7 94 30 77 57 84 10 83
5 90 44 41 86 77
5 30 55 48 57 42
8 98 92 74 34 16 3 95 5
7 96 98 53 69 51 44 76
8 44 90 78 15 1 100 29 21
6 88 6 97 16 66 33
5 29 31 75 66 39
6 12 81 23 65 75 8
7 13 73 82 90 97 14 21
6 56 24 36 74 51 3
7 46 10 23 8 41 92 62
6 18 98 76 8 43 41
6 18 86 47 35 36 50
7 8 88 71 70 76 14 67
8 58 20 25 40 63 7 34 39
6 34 31 72 67 35 9
5 36 50 86 68 16
7 32 16 3 53 11 97 56
7 84 15 90 83 81 11 40
6 87 73 65 94 69 52
7 17 61 66 18 55 45 93
7 57 16 38 85 4 100 3
7 87 76 90 91 23 73 15
7 28 65 50 57 14 27 37
6 11 71 67 24 54 62
6 19 66 84 67 8 53
6 89 99 60 75 4 95
9 14 76 55 52 25 34 84 67 6
6 62 57 24 99 100 35
6 69 50 54 67 29 79
7 94 12 72 1 71 38 9
6 75 22 84 6 5 48
6 49 83 36 97 17 74
8 15 11 37 33 10 7 43 12
7 55 86 67 51 76 18 40
8 33 41 16 1 90 43 28 32
5 35 14 85 73 45
8 20 34 4 7 87 13 54 16
7 59 40 84 9 95 61 81
6 6 10 59 44 78 11
7 97 89 39 29 74 82 57
6 25 29 43 34 32 24
6 22 77 96 55 67 100
5 63 42 72 92 23
7 14 50 93 21 3 77 24
6 40 7 60 58 62 88
5 12 5 94 8 14
6 20 26 34 42 4 52
7 31 44 96 59 90 27 7
5 40 3 64 77 26
6 60 82 41 89 98 62
5 83 95 40 58 85
7 25 84 33 60 6 83 22
7 1 20 61 25 63 54 29
6 31 81 74 22 14 34
5 75 28 97 77 93
5 46 70 31 44 10
6 83 63 37 70 85 67
6 32 82 46 17 13 38
7 50 13 16 94 72 30 27
6 56 69 9 99 75 79
7 97 86 52 87 2 64 31
6 12 9 83 73 28 58
6 10 46 79 89 95 55
6 88 93 9 49 76 53
6 2 65 70 13 51 32
6 51 69 19 44 56 18
7 80 51 90 6 20 27 4
6 54 16 53 69 83 87
7 48 28 37 75 96 8 25
7 52 76 65 58 93 25 78
6 67 68 70 29 84 20
8 36 2 34 71 87 67 7 63
5 77 30 17 88 80
6 4 96 97 55 15 92
6 80 8 4 60 66 21
8 45 55 21 66 61 48 43 37
8 4 48 49 97 71 66 18 55
8 76 1 48 80 9 58 79 99
7 16 13 5 22 68 85 92
6 47 62 81 32 39 82
