2549
8 375 121 63 498 296 57 360 78
9 478 255 95 246 470 472 1 383 497
8 92 259 104 116 153 133 138 53
11 192 492 270 160 14 409 256 80 85 429 258
8 344 385 205 63 363 236 390 463
10 274 252 125 275 149 43 133 176 386 485
6 82 416 496 315 17 72
7 278 203 80 416 145 250 401
8 352 31 465 469 462 372 398 287
8 111 277 340 167 283 408 303 179
7 290 148 431 317 146 471 207
2 369 331
10 337 98 463 137 177 201 51 291 385 288
10 182 420 163 416 164 409 253 263 235 282
6 112 167 462 246 99 330
10 489 465 171 383 177 77 426 249 427 308
9 417 123 175 155 246 215 88 401 354
12 205 320 311 12 265 149 124 280 152 113 401 103
9 63 387 368 145 18 256 36 357 305
8 449 418 353 15 499 443 274 16
10 271 95 486 132 452 44 81 50 352 262
8 412 309 289 345 185 76 197 420
10 59 308 230 449 219 379 68 182 82 240
8 114 417 301 413 462 238 282 329
11 483 475 92 253 353 50 30 368 379 156 450
8 172 475 49 58 341 404 13 362
8 166 301 42 3 52 350 143 444
8 182 8 392 342 45 462 141 10
11 393 439 164 449 409 487 429 239 184 256 210
8 200 458 13 395 425 232 194 255
11 158 400 181 42 43 401 325 262 119 121 345
8 221 109 178 454 190 20 374 248
10 459 478 216 286 410 131 253 320 319 335
9 266 239 172 16 454 117 407 52 128
10 237 239 229 358 338 373 44 89 8 215
10 274 402 230 415 231 125 141 43 234 156
10 439 165 279 307 269 156 243 292 34 89
7 94 221 235 63 139 44 177
7 460 232 402 118 197 225 449
10 317 382 367 243 104 272 152 468 345 292
8 192 335 438 65 499 27 101 468
8 488 366 274 41 377 5 65 106
8 163 304 430 215 106 475 193 18
9 443 83 114 413 22 335 137 411 81
7 65 143 497 484 281 121 332
8 117 307 488 33 29 302 3 51
9 8 129 496 187 297 163 61 463 174
11 148 95 488 464 391 317 456 215 10 119 461
7 370 79 313 399 152 483 128
11 263 186 10 228 32 289 367 64 233 124 472
9 119 367 106 217 481 20 389 328 85
8 207 273 146 476 120 154 218 404
11 338 342 437 76 261 92 351 428 209 231 40
9 22 242 112 134 467 401 113 350 46
9 167 300 182 367 420 33 93 405 62
10 375 429 492 413 310 486 80 455 60 324
9 348 487 328 234 282 111 300 116 357
11 274 154 167 481 309 176 410 246 123 455 321
5 455 434 363 20 282
11 248 176 118 134 446 266 356 375 437 200 23
11 36 491 348 20 167 485 386 19 38 146 252
7 42 212 8 414 79 372 489
8 328 175 186 211 70 218 58 269
10 126 420 314 362 138 58 27 124 127 167
9 267 312 237 170 204 323 258 213 140
8 46 419 91 478 2 374 357 48
11 384 459 463 201 156 390 408 33 444 6 426
11 314 117 412 144 201 365 487 220 43 100 126
8 4 450 227 89 479 466 274 372
11 434 319 386 329 470 131 351 380 345 135 211
10 323 389 264 35 307 400 182 231 393 99
9 446 388 284 367 63 207 93 141 404
9 273 300 385 108 45 312 164 142 143
10 194 296 265 474 38 122 65 267 103 445
7 486 326 487 268 176 218 44
11 119 341 350 427 378 155 181 419 407 177 217
11 254 164 143 68 329 100 472 202 134 247 286
11 33 153 426 421 316 12 367 500 325 298 311
7 482 138 147 254 471 212 498
10 157 244 193 279 146 345 385 76 229 363
9 22 370 343 479 200 230 372 179 302
8 253 319 479 468 98 46 364 222
8 4 173 450 377 494 146 495 267
9 96 187 63 276 126 264 59 350 72
9 428 87 221 190 368 487 63 276 379
10 216 226 424 308 219 175 416 158 37 160
10 318 55 132 10 341 120 46 268 303 151
9 151 196 187 61 306 473 469 423 350
6 111 179 313 346 143 220
6 256 435 46 33 185 179
8 304 278 201 439 101 15 343 6
9 446 376 431 360 215 114 30 346 439
9 277 358 319 78 273 162 462 34 312
11 80 4 12 70 339 442 390 379 396 334 205
10 115 461 141 149 312 260 446 185 171 360
11 276 145 22 112 239 89 393 118 200 109 105
6 247 323 183 28 98 266
9 250 139 485 150 334 217 341 72 133
11 92 226 30 17 282 212 278 445 29 166 66
8 26 232 6 13 135 429 64 313
8 104 167 429 330 332 463 45 256
9 12 64 221 279 39 477 99 30 431
10 1 43 414 117 416 48 216 20 311 182
9 259 202 357 18 419 363 312 438 179
7 310 381 181 130 343 410 396
10 70 50 415 267 165 68 284 205 107 52
11 132 105 223 113 221 271 302 314 181 238 411
9 84 378 114 320 112 81 143 177 273
9 56 314 221 322 282 224 202 438 334
6 145 171 246 467 297 26
11 254 21 258 245 16 447 429 270 407 140 204
8 465 148 332 469 331 353 368 85
9 256 363 194 429 482 319 110 202 403
11 186 408 66 278 370 432 418 212 452 299 314
9 405 45 277 307 476 323 35 293 406
9 322 188 371 174 232 296 367 126 135
10 306 412 192 423 99 336 415 147 12 432
9 33 311 116 69 96 228 11 478 303
9 469 399 403 11 387 51 33 98 251
11 11 330 276 78 494 352 243 154 69 271 35
8 463 66 9 439 453 376 377 230
11 206 43 128 372 364 117 440 431 11 24 391
9 183 54 153 302 16 30 499 11 32
11 158 183 178 166 54 444 342 407 209 91 360
11 224 132 359 422 334 22 455 281 104 403 332
8 130 54 402 212 20 248 87 398
10 177 94 1 76 490 199 478 207 63 165
10 235 196 471 470 228 5 40 211 75 331
11 401 149 79 177 424 260 158 500 323 100 246
7 384 228 452 148 370 152 172
10 145 213 10 139 392 329 219 461 95 401
12 498 55 261 170 426 482 263 12 499 189 21 213
11 146 129 154 390 270 291 142 53 148 433 222
10 387 440 274 278 268 349 259 63 40 35
10 445 357 270 189 347 39 312 185 466 431
10 113 76 478 69 403 240 63 42 400 382
10 185 295 355 263 249 270 393 202 131 437
10 98 476 342 18 207 209 195 127 358 480
8 121 460 496 477 274 285 433 463
9 116 246 288 252 87 422 101 99 241
6 351 60 369 191 421 57
11 18 268 127 6 318 483 353 374 111 485 496
9 159 346 21 312 201 445 365 41 19
9 373 147 5 31 109 41 56 170 310
9 295 217 349 33 144 55 75 327 350
8 311 185 266 276 145 306 494 353
9 100 192 281 412 357 201 424 300 468
9 25 356 119 438 340 226 51 468 331
10 254 443 163 368 352 467 395 138 265 64
11 465 478 360 229 242 94 113 378 127 104 131
6 463 7 279 354 272 241
9 432 359 377 47 500 398 11 135 140
11 214 142 141 454 340 81 322 136 433 222 423
10 413 449 159 291 435 68 283 292 370 472
10 175 191 24 36 495 253 128 55 381 476
6 259 484 302 287 486 238
10 13 231 387 120 46 229 361 125 428 95
11 443 435 155 53 290 157 274 44 222 390 244
10 378 109 86 447 374 469 220 5 399 412
9 372 355 472 268 137 79 251 351 37
9 71 228 328 183 495 408 54 21 223
8 315 466 148 199 407 57 398 168
11 439 475 231 159 125 56 425 436 75 312 494
9 424 337 96 421 98 272 247 433 380
8 454 145 83 433 266 381 249 164
9 234 46 55 315 280 44 73 330 225
10 29 112 411 174 335 496 445 441 393 188
9 422 307 238 335 455 462 342 425 85
9 152 461 265 313 391 431 443 12 75
6 323 177 394 472 211 258
9 479 184 438 476 258 475 171 4 321
10 164 184 495 286 435 147 183 275 228 470
10 38 219 44 308 37 309 49 461 396 78
8 437 313 263 170 251 481 322 412
10 415 222 313 455 301 243 325 220 41 109
8 449 163 459 65 492 398 363 156
10 313 129 331 23 113 381 157 144 412 100
9 367 356 245 305 141 470 291 262 307
9 19 253 39 262 222 188 226 359 257
8 216 252 393 276 241 303 108 491
12 319 159 42 439 49 2 496 62 349 333 232 208
8 373 479 86 217 3 83 42 174
8 448 317 194 403 336 380 361 278
9 100 74 494 269 177 386 491 102 122
9 192 7 66 282 112 111 234 161 2
7 105 111 264 310 209 78 421
11 366 387 465 224 359 302 5 419 455 448 50
9 341 381 148 64 305 113 365 240 408
8 330 307 463 108 182 438 228 462
10 271 167 245 330 191 41 346 84 83 20
10 320 250 6 488 106 77 71 181 21 366
7 433 218 315 369 53 448 11
9 136 128 341 157 436 215 14 360 316
7 218 328 207 62 226 57 55
9 334 347 113 439 216 489 361 173 305
8 267 176 146 325 439 416 153 47
12 42 422 258 408 213 479 33 97 157 202 248 491
10 435 130 206 296 105 151 213 344 86 322
10 229 308 400 324 419 100 23 217 207 51
8 227 270 185 453 216 87 193 192
9 118 128 422 136 155 455 437 93 364
8 499 410 379 212 400 88 239 482
10 417 42 125 221 287 499 191 120 381 324
8 338 159 311 467 323 362 177 178
8 279 196 14 305 99 161 174 213
8 305 354 145 442 121 173 316 271
10 126 431 167 173 163 495 46 274 54 485
7 427 341 125 123 464 270 21
10 397 143 218 210 340 369 119 251 47 169
8 172 192 437 122 436 124 414 225
10 45 29 92 398 145 412 204 192 297 426
9 209 20 340 249 271 358 323 243 38
9 286 487 406 290 321 77 54 198 70
10 415 209 230 67 92 91 427 11 114 449
10 130 21 27 499 95 38 473 219 140 37
11 15 342 168 214 464 459 414 410 484 328 22
12 199 258 401 62 343 230 203 121 237 65 239 60
9 285 444 399 419 312 398 248 374 117
8 309 255 206 78 151 409 43 170
9 44 414 467 469 393 190 300 305 61
10 274 239 143 334 191 485 396 336 381 262
8 34 246 296 107 282 132 467 437
10 252 66 422 43 294 20 442 379 183 421
9 70 310 110 340 232 421 41 71 122
7 85 428 164 27 291 463 473
9 74 4 456 166 175 270 380 222 241
9 328 47 150 208 209 468 5 499 434
9 278 148 335 155 319 261 240 342 274
10 394 234 188 112 335 323 475 78 170 75
9 359 56 433 64 379 10 417 419 464
12 453 497 287 402 489 70 214 73 210 212 233 420
7 381 408 287 207 218 22 442
10 146 170 8 362 437 238 306 32 358 17
7 232 295 90 120 428 251 210
8 181 73 8 255 240 47 272 110
8 465 457 199 160 156 17 431 272
9 380 344 456 124 308 31 390 263 100
11 486 252 321 84 394 208 328 351 195 64 42
9 37 106 31 245 134 86 493 42 101
12 479 427 249 240 490 381 110 114 393 297 484 453
11 98 277 319 15 233 378 238 187 258 343 411
11 54 77 151 4 56 488 166 388 391 308 82
10 3 294 207 195 341 369 128 459 23 218
6 270 176 325 154 192 255
6 315 86 95 391 147 442
10 366 27 413 127 211 318 430 472 344 443
10 361 215 321 342 379 38 477 303 25 337
7 396 121 16 195 469 288 375
9 356 291 42 50 92 251 108 55 43
8 251 281 169 45 90 22 224 240
6 150 237 87 214 136 49
11 148 110 50 261 275 132 424 465 358 319 53
10 193 322 453 189 380 432 13 253 7 327
5 189 426 100 337 38
9 181 400 478 241 407 231 378 319 396
9 455 451 405 163 253 95 177 446 26
9 360 137 379 479 271 287 308 340 31
11 208 244 376 156 309 216 281 394 409 231 447
9 480 24 142 279 420 31 223 108 48
6 133 115 267 490 289 366
10 34 29 471 466 212 133 123 288 413 163
10 445 321 63 442 410 100 238 314 399 15
11 122 244 408 33 255 433 340 44 272 450 359
11 370 170 32 382 436 481 309 215 361 471 448
7 136 52 366 241 149 415 299
10 186 257 369 435 334 44 471 290 137 273
6 196 150 211 69 266 454
7 462 291 16 182 454 266 181
7 226 158 456 135 54 488 432
12 45 242 381 32 463 276 336 293 480 369 241 484
9 309 329 262 481 462 371 200 21 185
9 337 231 331 202 221 291 114 313 55
12 447 419 108 473 63 308 277 155 480 387 174 348
7 351 193 132 325 330 289 222
9 49 145 464 199 99 317 58 289 119
8 285 499 55 207 442 181 269 102
9 71 216 372 237 178 89 338 291 116
8 461 98 69 246 150 404 374 353
5 293 244 470 345 467
11 249 252 197 4 21 45 432 254 170 484 460
10 401 445 298 469 38 63 44 113 288 37
7 317 347 320 180 316 146 16
10 414 438 196 98 5 333 253 480 430 183
7 117 443 373 285 75 425 419
10 2 343 190 254 461 360 109 185 64 426
9 451 310 441 76 34 458 157 331 86
9 30 483 195 420 32 491 384 292 298
10 246 46 218 334 150 470 268 55 44 6
9 359 203 41 68 385 18 242 455 290
10 153 236 10 414 15 220 233 148 403 351
11 483 363 247 451 335 161 249 115 342 437 433
9 487 451 56 240 335 356 302 24 212
10 49 490 384 88 405 283 397 2 238 257
8 370 195 2 381 394 237 263 234
10 430 22 438 290 226 306 144 182 77 138
10 64 131 125 362 175 358 489 488 82 28
9 51 190 495 63 23 203 227 49 24
7 26 143 24 96 64 357 168
11 61 14 15 220 241 436 490 456 380 95 103
10 285 277 25 238 10 225 67 101 208 16
11 174 153 280 260 12 23 220 120 118 327 73
11 392 465 237 22 45 173 404 212 14 59 475
11 15 382 414 233 229 493 133 104 440 172 130
11 433 55 290 213 270 408 369 497 21 114 264
10 379 142 418 417 354 61 490 275 115 41
8 441 149 6 306 29 371 1 155
9 88 378 11 367 421 377 474 372 297
6 430 182 457 421 168 310
9 217 76 193 81 390 188 416 335 201
11 358 359 209 459 336 99 261 280 217 462 449
8 129 439 258 203 391 1 225 128
7 24 162 222 327 110 361 28
11 2 146 122 496 410 79 311 26 339 283 392
10 15 266 441 275 473 194 205 488 352 122
10 124 442 298 164 79 435 423 117 287 450
7 382 89 445 103 222 84 211
9 98 396 257 421 115 136 339 310 253
7 167 408 418 319 20 273 480
8 64 127 29 134 414 287 137 195
7 194 325 337 77 37 221 498
5 355 434 404 106 253
10 152 253 139 283 267 425 400 48 144 125
9 301 112 208 110 28 264 388 495 245
8 301 354 326 315 227 110 191 98
9 35 161 186 189 18 171 49 111 449
12 264 422 235 329 403 456 39 96 65 16 281 262
10 107 427 220 39 490 408 328 422 414 264
10 348 431 332 191 90 324 215 24 125 499
10 104 297 320 428 399 467 401 125 199 444
8 438 409 193 3 139 312 420 413
6 84 416 330 489 115 249
9 449 319 24 108 457 329 242 470 279
10 210 59 481 333 291 436 197 31 252 246
10 154 84 461 355 69 447 30 208 53 220
7 53 310 138 52 50 168 444
11 392 42 388 191 160 334 346 127 311 301 165
7 361 324 204 385 120 383 375
12 331 238 199 322 253 233 136 76 339 417 351 40
10 380 40 176 322 403 469 252 111 141 444
12 173 438 116 284 4 31 348 184 479 499 263 323
12 121 111 209 433 62 332 432 484 410 285 373 239
11 296 320 174 439 54 144 106 315 93 407 3
10 22 195 361 87 234 440 59 490 487 278
9 495 264 332 258 45 384 46 28 431
8 426 342 362 177 71 119 99 417
10 264 334 286 446 353 10 121 453 66 130
10 119 70 490 88 218 310 338 250 288 322
11 275 227 316 424 173 402 348 167 303 470 381
10 72 391 211 75 487 287 405 369 31 4
9 298 209 496 79 300 6 424 406 111
6 98 175 253 11 376 81
8 452 239 125 306 401 477 268 486
9 474 203 130 208 220 46 283 257 223
12 484 6 371 416 220 197 183 158 257 483 203 262
9 240 297 129 449 148 244 20 284 233
7 432 267 398 111 312 323 76
10 127 21 493 460 250 470 122 219 65 399
11 108 122 441 158 270 74 5 73 471 203 211
11 148 196 226 132 173 286 292 429 441 199 64
7 185 192 332 438 226 154 160
10 353 446 200 440 500 96 272 478 58 131
7 407 412 206 317 268 5 352
9 118 76 409 58 22 97 420 337 138
12 124 497 401 123 352 420 456 311 478 230 441 375
10 126 350 173 144 368 436 273 292 412 462
9 8 358 47 417 437 433 322 113 81
11 381 33 464 276 186 97 144 201 490 2 290
12 331 308 8 11 250 198 393 462 65 286 98 130
11 8 473 25 238 439 277 293 299 50 135 122
10 79 325 409 37 298 144 3 86 71 488
7 122 353 57 165 420 53 313
7 399 476 340 20 155 251 131
10 133 290 186 9 56 491 74 348 18 387
7 212 243 230 122 302 108 279
9 66 432 286 137 102 40 129 408 2
11 296 161 465 172 105 49 57 309 132 109 355
9 8 32 140 309 473 28 345 1 482
8 211 487 256 409 441 221 435 497
11 254 445 247 159 92 338 442 465 27 393 151
9 128 17 118 305 470 497 104 381 153
12 99 280 389 336 490 141 190 361 115 8 234 237
10 51 270 241 198 105 112 484 33 216 390
9 339 407 321 17 414 195 397 30 415
9 301 158 98 230 37 277 417 298 268
9 5 359 181 455 310 492 67 341 423
8 456 317 115 498 5 130 82 68
9 339 181 124 109 210 485 198 205 268
8 25 454 36 491 286 218 329 488
10 66 131 409 471 214 82 273 359 362 78
9 95 37 190 353 2 298 384 155 285
9 498 449 344 245 279 232 33 117 140
10 391 208 146 33 54 45 498 20 167 32
9 455 148 183 270 20 437 153 210 98
6 146 62 239 207 84 224
8 73 271 297 462 260 17 68 120
10 161 123 49 50 56 130 413 481 117 170
9 296 241 408 181 390 270 359 327 323
8 167 439 434 409 22 318 118 42
10 90 1 371 16 119 423 460 29 106 12
10 493 354 155 16 221 274 89 348 390 291
9 377 354 443 223 490 13 484 322 207
8 307 467 258 365 293 494 452 461
11 234 120 193 486 270 12 213 487 452 475 498
9 442 121 422 403 339 135 205 248 284
9 473 234 452 495 164 365 425 122 13
9 92 489 210 457 180 431 116 214 420
9 7 226 416 210 73 33 180 443 408
9 186 393 445 392 17 349 103 295 15
9 454 202 311 146 451 204 259 358 222
8 201 127 281 31 244 101 258 356
9 439 478 466 133 416 114 230 138 265
9 98 178 315 242 158 111 221 429 134
8 368 460 266 126 375 255 293 148
8 399 54 126 24 322 270 273 484
9 49 384 454 123 268 237 176 211 7
8 461 104 264 160 61 166 346 113
10 204 243 414 410 25 258 127 318 101 353
10 279 172 155 144 245 140 37 337 8 274
12 500 280 46 248 216 362 127 122 494 267 467 204
8 329 59 287 161 51 435 230 208
8 271 32 317 267 143 312 181 51
8 460 278 321 454 479 222 249 365
11 476 179 364 400 3 185 139 258 43 166 468
7 479 432 397 332 241 326 457
8 486 173 28 299 48 458 46 107
8 220 138 163 57 55 9 175 283
8 275 403 400 113 121 66 445 55
9 272 296 31 259 332 314 334 62 263
10 346 5 474 452 461 311 224 402 69 82
9 144 13 122 189 480 39 278 338 441
10 21 378 35 95 94 233 68 499 293 405
11 329 222 73 277 47 386 458 169 14 380 152
9 159 254 234 435 68 277 219 195 175
9 367 29 45 271 408 450 415 428 111
9 169 261 135 206 316 281 342 379 102
11 223 93 279 203 172 245 77 259 182 225 150
10 227 367 405 286 295 79 29 394 479 242
7 89 39 6 11 405 321 76
7 316 154 226 277 268 408 336
9 78 291 320 295 497 65 500 448 214
7 46 164 204 412 74 280 394
10 315 56 295 100 71 157 286 144 319 234
10 330 234 83 282 345 329 353 375 181 276
11 200 470 35 230 352 273 232 420 478 455 154
7 96 366 1 288 184 304 378
10 118 341 123 343 237 117 116 450 239 455
8 418 474 475 6 404 203 324 452
9 100 254 311 23 152 429 82 346 113
8 393 269 379 14 437 350 438 227
12 134 65 431 67 291 388 448 81 315 148 196 214
9 143 117 26 63 265 372 225 32 113
6 140 141 327 112 383 336
10 305 443 307 230 18 465 274 291 165 343
10 166 439 361 102 77 407 305 435 206 458
8 493 415 382 272 202 460 365 359
10 113 168 159 351 231 195 469 265 332 466
8 250 31 405 18 187 223 338 310
9 238 91 152 400 112 321 391 414 166
10 372 390 378 449 138 95 13 185 195 184
11 280 290 50 182 8 289 338 475 468 33 6
7 236 126 135 413 298 428 366
10 8 121 353 472 254 268 80 145 132 109
7 428 433 139 164 336 209 68
8 344 95 490 398 493 176 262 312
8 401 420 70 480 88 488 478 119
8 168 299 452 172 294 412 389 267
10 461 116 160 450 177 150 200 428 307 26
10 456 375 360 230 101 298 105 311 145 10
10 110 75 212 42 453 273 369 484 322 97
9 47 254 74 365 87 113 245 390 101
7 224 385 357 178 63 296 57
9 130 340 165 243 7 157 406 163 242
7 315 136 366 484 176 371 4
10 38 337 482 458 76 439 194 287 1 15
9 378 279 244 115 300 157 267 66 465
10 470 127 98 438 152 216 288 463 101 384
8 93 428 398 211 339 325 215 310
9 3 235 24 77 498 200 203 237 37
10 263 164 363 480 469 4 70 316 487 488
8 446 498 219 248 418 249 346 466
9 355 480 75 446 327 469 430 5 168
7 404 185 239 269 118 451 176
7 206 144 467 181 297 430 159
11 421 222 65 471 234 456 442 289 339 486 147
10 322 249 453 363 244 108 294 28 295 90
10 102 166 42 496 361 79 306 269 476 25
10 79 29 447 202 492 408 58 72 219 17
9 209 278 146 84 154 360 103 235 250
7 354 308 171 344 117 321 246
10 237 358 195 320 124 347 43 115 71 335
11 294 442 438 500 354 422 403 202 391 12 59
8 69 131 285 238 244 415 376 256
10 460 295 455 276 129 425 256 69 450 186
9 197 281 290 5 54 203 1 100 246
10 146 67 167 235 440 327 121 219 362 366
12 308 299 60 56 302 439 489 54 104 72 158 334
10 130 342 114 155 373 59 5 387 63 366
7 454 438 391 214 13 328 185
12 181 272 411 259 53 410 345 444 361 221 261 314
10 447 103 63 490 204 284 367 254 34 262
7 206 109 131 185 15 80 345
9 428 79 325 158 170 313 306 295 248
9 208 451 310 26 456 434 483 329 330
10 191 311 293 150 437 459 212 20 163 170
8 10 23 403 321 339 411 449 119
11 356 74 203 302 499 389 462 266 270 102 361
11 344 239 25 204 328 402 156 284 255 20 465
8 102 106 161 325 289 287 19 227
10 238 433 317 479 336 43 61 241 414 446
9 500 435 126 6 256 36 124 463 71
8 449 253 295 57 136 210 306 193
9 174 333 11 125 3 227 89 191 484
9 52 485 58 150 110 490 358 209 168
8 100 285 365 410 143 372 188 207
12 27 220 300 110 453 193 208 458 216 244 351 363
9 276 9 210 284 494 369 470 159 109
11 321 173 131 215 190 378 198 305 98 368 276
11 194 156 8 467 302 389 226 366 140 342 303
11 74 233 104 400 47 235 366 119 231 491 241
9 99 151 487 55 269 447 14 363 480
10 473 38 362 1 110 429 217 162 173 9
10 444 42 306 341 371 406 380 123 188 64
8 47 167 463 27 459 218 202 186
7 409 350 196 400 78 297 66
9 434 326 370 496 11 307 114 112 445
9 239 427 126 29 368 379 287 66 276
9 54 141 360 328 49 75 404 56 97
8 79 141 233 431 457 30 261 279
9 182 359 84 17 168 304 135 151 223
9 368 356 216 487 113 425 243 156 189
10 304 44 461 433 253 139 258 38 427 474
9 310 226 225 481 421 50 185 404 15
9 351 472 453 488 346 214 455 446 116
10 264 399 423 193 334 141 432 156 15 388
11 319 484 89 377 273 54 378 9 391 45 288
12 249 228 396 333 286 349 424 494 441 345 204 358
9 40 412 396 111 410 175 253 28 239
9 328 74 29 158 181 51 482 434 349
7 153 310 197 279 460 41 413
9 88 491 329 168 244 174 218 279 242
8 436 417 208 252 406 310 468 37
7 38 184 233 103 68 471 190
10 193 76 219 385 142 204 188 146 120 43
11 107 9 422 382 261 91 155 83 395 46 467
8 253 488 400 80 478 469 310 57
8 452 494 95 417 246 62 459 458
8 336 224 449 348 393 272 202 494
9 100 229 157 421 248 212 438 391 496
11 67 410 327 13 308 277 179 390 371 39 426
10 230 103 34 390 199 88 318 444 111 377
12 499 198 489 144 8 290 54 5 155 208 130 450
10 320 14 44 407 253 400 316 74 317 364
9 109 449 214 454 40 176 300 46 255
7 492 102 314 285 245 469 315
11 170 201 450 432 222 155 494 4 104 499 173
10 63 293 452 66 480 475 357 32 241 31
12 268 237 130 206 335 477 499 274 18 213 440 39
10 234 64 203 433 123 464 239 456 53 230
9 442 277 165 37 259 229 235 61 361
10 74 251 203 127 229 94 347 111 66 444
11 477 483 281 229 456 316 344 479 61 342 143
9 94 282 21 389 459 466 86 47 7
7 197 485 289 91 260 116 233
7 390 253 77 102 385 98 33
8 27 415 156 249 267 375 176 349
11 299 452 78 315 338 27 172 166 86 25 101
10 146 122 322 292 74 410 438 250 496 32
8 31 407 125 398 392 475 427 263
8 155 193 352 105 268 277 269 211
10 54 402 287 124 294 423 411 93 107 281
10 192 374 259 254 224 297 68 434 461 37
7 156 285 471 492 256 34 287
8 232 12 481 259 294 265 168 202
7 453 474 27 461 186 116 57
8 396 53 380 228 367 201 190 361
8 104 325 59 15 293 254 79 255
10 413 441 366 178 365 468 423 45 450 451
9 53 444 416 433 196 330 244 181 345
10 250 317 72 164 207 145 489 49 82 296
6 167 47 398 182 420 347
10 428 189 11 381 287 474 191 200 49 369
9 243 462 127 90 393 52 366 444 293
11 180 260 355 34 377 222 274 419 155 391 455
10 220 396 131 484 190 143 12 119 286 147
9 256 116 320 210 184 478 86 324 323
8 94 376 454 276 232 213 157 401
9 470 285 451 336 85 401 399 8 372
10 29 81 446 27 235 149 184 434 128 485
8 436 114 19 275 101 386 67 250
8 414 296 206 375 38 9 467 483
9 1 195 399 20 405 184 301 420 57
10 341 217 324 340 322 218 81 362 194 177
6 73 438 388 227 201 393
9 186 311 494 184 488 477 15 335 447
6 121 211 35 209 176 296
7 182 265 99 486 490 352 63
10 229 162 95 212 32 302 423 355 57 213
8 242 434 341 356 303 10 207 50
11 203 266 132 80 196 500 219 179 93 232 298
10 203 22 18 37 281 410 108 218 67 416
9 220 140 229 411 394 282 148 64 249
7 324 143 484 404 235 391 175
8 86 455 185 42 43 104 442 403
9 477 411 236 269 45 108 487 406 115
10 444 361 78 440 246 201 349 56 360 382
10 416 52 300 32 99 31 361 190 382 457
10 19 261 467 259 440 202 431 32 224 250
6 30 324 199 355 320 349
8 92 169 96 464 316 16 47 225
11 389 179 24 401 336 72 361 8 374 175 270
7 397 230 299 180 402 305 311
9 152 231 461 404 10 418 275 470 374
10 427 64 86 457 314 282 392 330 196 470
9 204 425 282 146 222 408 263 442 231
6 473 412 428 146 232 198
11 482 168 47 132 156 17 28 407 339 140 434
10 317 161 197 52 109 247 255 309 214 120
5 441 120 288 20 492
10 223 485 33 341 116 46 67 300 17 279
11 186 365 65 26 332 317 412 151 107 478 46
8 409 424 160 174 364 349 10 246
10 429 374 296 172 57 217 90 178 346 406
10 233 285 498 131 151 113 163 343 256 124
8 291 228 303 373 199 313 436 78
13 434 317 215 485 258 369 332 318 123 81 228 400 49
10 424 389 401 167 145 164 416 114 7 436
11 414 120 321 139 91 22 163 393 197 65 100
11 82 485 38 33 200 288 384 239 96 248 196
12 242 29 306 30 406 482 373 490 269 147 379 377
11 212 390 482 229 459 391 24 426 313 238 70
10 224 41 223 181 314 106 359 252 159 410
10 60 6 363 84 163 43 18 149 384 459
9 445 463 19 469 358 71 131 474 459
11 408 457 469 498 382 91 204 271 284 309 283
9 410 356 96 147 435 277 159 481 160
7 179 317 39 168 275 493 354
9 371 81 407 75 112 73 361 419 475
10 387 176 415 479 358 185 91 16 307 288
10 200 242 203 92 420 282 261 381 470 424
9 467 275 317 71 277 299 331 340 383
10 370 474 357 265 282 278 469 421 46 226
9 263 331 350 314 199 451 293 359 223
10 325 224 362 95 266 127 368 494 356 426
12 107 195 306 363 130 453 317 151 193 120 23 336
11 472 160 127 443 144 39 107 346 40 422 267
11 144 365 454 101 151 401 160 499 427 51 275
8 154 411 63 167 372 93 26 445
9 264 73 456 317 385 164 16 242 120
11 175 488 184 299 150 111 402 264 225 267 70
8 309 337 302 320 113 380 111 17
11 81 131 271 424 64 371 378 62 113 293 104
8 286 177 397 340 487 74 406 129
9 411 452 281 495 431 384 313 88 233
11 376 180 270 461 294 345 333 435 225 413 204
12 461 56 131 43 54 98 224 356 127 437 104 380
11 294 174 144 210 215 84 39 112 304 121 62
10 285 124 61 109 347 252 261 66 149 275
9 353 233 94 378 60 181 415 8 230
5 134 100 179 465 215
11 128 443 121 296 248 472 145 117 265 84 399
7 465 235 22 313 326 80 121
10 469 333 55 385 391 151 152 334 337 228
11 431 202 360 134 463 308 315 302 347 229 150
11 398 163 426 480 30 500 236 453 65 197 241
11 477 75 252 376 102 453 15 118 465 500 254
12 210 138 118 112 57 9 301 32 58 382 393 325
9 247 355 58 284 8 199 286 17 485
8 374 285 465 211 415 24 336 175
9 142 162 140 404 108 74 257 462 87
5 103 167 263 321 136
10 463 438 430 194 500 228 421 426 274 154
10 243 292 211 286 491 8 179 453 87 242
9 167 425 434 178 130 185 263 217 429
10 23 451 446 180 77 326 208 498 58 16
10 120 2 6 307 208 33 474 139 242 327
10 227 185 465 470 454 345 269 396 50 25
7 449 162 383 422 431 279 210
9 39 294 306 266 447 448 10 180 19
11 282 394 194 298 64 314 377 196 339 199 99
9 455 435 240 362 56 39 237 478 392
8 412 500 168 274 15 356 222 34
9 332 476 428 406 46 139 252 432 40
8 334 85 46 60 27 65 30 2
9 73 153 17 410 32 459 70 62 494
10 337 249 124 322 492 45 432 74 463 122
9 458 496 268 368 179 251 50 161 292
7 55 405 133 350 497 295 65
8 23 345 400 492 303 26 51 66
10 166 137 333 20 35 197 500 175 55 172
10 489 198 258 454 430 175 411 269 429 438
9 423 161 195 325 306 33 32 147 347
9 33 274 164 38 35 129 92 48 267
11 373 124 381 66 479 225 391 380 303 361 348
9 249 6 373 358 124 437 69 214 91
7 232 193 171 277 280 186 71
8 105 453 349 202 369 302 229 221
9 198 404 103 260 488 334 256 25 131
10 198 464 430 194 438 341 415 241 442 402
11 16 358 480 391 39 355 308 92 382 277 204
9 460 474 105 389 173 424 187 282 145
9 339 363 353 99 421 441 316 41 70
11 110 163 26 87 397 445 38 362 238 241 20
9 413 62 371 104 359 296 493 478 460
11 294 155 43 380 96 246 285 463 111 108 170
10 242 459 412 342 432 447 155 92 344 178
9 4 311 462 249 87 7 82 298 359
7 21 489 367 274 3 312 143
10 146 8 272 413 308 322 449 358 271 230
11 446 248 297 344 438 100 212 331 127 6 356
11 472 223 212 397 465 100 46 108 45 310 254
9 361 340 142 99 479 382 362 179 289
7 439 346 295 451 17 309 453
11 123 402 236 384 490 405 304 301 442 102 317
7 312 72 228 81 190 135 356
9 257 117 378 302 215 162 371 364 407
11 238 163 358 392 431 335 499 166 323 59 293
11 42 86 453 323 250 198 257 259 458 181 100
11 29 155 492 447 62 136 176 315 337 284 263
12 60 132 319 288 63 283 406 76 257 375 96 54
8 93 422 141 274 9 81 273 97
7 405 35 266 466 494 72 488
7 91 373 286 300 232 116 369
10 341 470 337 369 36 276 201 91 372 384
9 203 235 421 218 162 433 149 11 326
8 48 416 399 97 209 338 285 432
9 198 182 393 417 24 108 114 240 306
10 459 376 268 4 6 453 422 39 339 19
10 37 212 92 289 270 483 456 56 310 241
9 359 150 85 353 184 151 92 47 13
9 272 195 320 253 366 194 444 476 361
6 347 4 422 132 95 145
10 339 418 303 486 93 86 278 97 213 268
8 432 26 135 73 40 480 493 458
9 130 180 432 273 446 348 241 377 305
7 482 389 174 383 126 199 40
5 153 160 330 442 316
11 10 278 290 451 376 438 321 409 231 305 46
9 247 51 188 251 3 329 466 345 68
11 208 107 468 160 436 374 351 147 409 429 51
11 70 80 77 96 426 364 110 384 22 50 198
9 184 3 406 243 459 237 24 7 403
8 364 43 35 319 114 84 128 276
10 74 324 304 299 104 50 351 58 294 112
10 369 344 154 281 409 385 176 247 497 410
7 160 333 490 191 177 182 109
7 241 297 182 255 291 154 125
8 325 41 66 495 287 234 137 401
7 385 303 384 451 327 323 348
8 16 90 80 100 492 273 2 431
11 80 271 500 498 75 121 192 204 93 296 475
7 431 328 41 268 471 115 425
11 341 109 14 254 183 331 245 409 255 220 360
8 320 403 115 187 30 194 461 290
9 229 45 79 370 260 58 118 174 28
12 354 58 104 327 265 395 40 17 68 272 478 410
9 228 109 246 326 53 354 333 500 373
11 88 320 423 138 171 12 477 283 498 106 414
9 243 96 127 18 54 217 183 286 64
11 108 329 364 63 363 14 150 488 219 57 471
12 172 161 400 350 166 299 378 113 115 22 181 293
9 206 316 42 313 267 236 13 115 379
8 352 371 149 134 83 464 443 265
11 49 35 405 119 390 379 189 232 333 33 269
9 475 234 427 365 48 353 478 183 157
10 109 441 200 423 492 3 225 142 238 180
9 433 385 111 155 250 49 452 68 150
8 306 405 37 207 220 304 75 92
9 415 340 166 414 172 8 433 185 139
8 462 336 488 377 191 454 82 140
8 383 386 275 19 119 109 114 360
8 200 498 196 395 240 55 313 285
11 216 286 132 395 291 40 148 196 61 129 16
9 283 355 168 87 412 371 119 390 400
8 325 448 5 464 265 333 79 98
11 394 462 493 106 357 233 373 117 321 40 353
9 348 138 447 399 272 60 361 192 387
11 232 49 281 123 71 410 432 376 286 203 13
5 142 173 106 179 18
9 490 398 280 87 259 71 1 291 119
9 141 413 46 376 309 167 220 483 342
9 350 216 149 321 172 33 40 245 77
9 126 380 206 209 237 39 40 78 127
9 448 38 187 25 337 149 1 209 159
6 111 400 265 497 369 304
9 206 107 228 183 35 51 180 295 261
8 287 330 261 37 281 479 65 351
9 111 72 178 295 40 412 350 425 62
12 277 204 272 275 105 435 132 274 413 343 348 252
11 500 68 40 34 82 326 396 413 239 78 233
9 212 477 110 314 287 202 288 96 152
9 211 245 470 230 73 422 329 423 101
10 184 23 233 494 265 241 130 51 286 97
9 94 264 432 57 103 127 480 113 392
9 330 233 458 35 24 78 279 315 415
11 276 112 429 9 200 173 299 22 104 239 37
11 68 248 436 284 272 134 411 339 309 29 494
9 112 171 161 166 402 178 293 150 255
11 387 180 233 416 225 130 174 489 329 149 305
9 339 84 355 404 140 17 285 407 451
9 180 275 160 100 440 292 435 48 159
11 450 402 361 97 239 31 428 55 12 394 59
9 97 424 165 382 199 448 46 248 147
9 234 278 464 489 355 282 231 370 238
10 376 394 7 234 42 182 297 110 191 294
7 463 255 67 488 286 300 84
11 302 275 154 212 487 134 426 356 327 276 173
9 144 147 51 257 247 254 76 245 282
9 299 405 313 62 151 478 488 337 191
9 240 387 70 487 128 248 257 193 463
10 217 310 180 455 253 18 23 331 405 457
10 311 87 216 125 95 80 321 254 231 140
9 156 321 392 350 46 465 57 48 22
10 27 459 128 103 147 105 219 348 355 146
12 410 426 423 283 141 30 171 43 445 391 496 351
7 52 259 346 163 406 19 217
10 270 142 477 359 478 494 63 265 118 375
8 327 275 131 448 125 153 361 457
10 190 201 192 250 54 79 235 468 139 256
11 375 301 496 399 317 17 494 402 405 118 31
9 326 338 292 328 389 75 140 238 40
8 100 244 158 480 80 426 368 201
10 154 72 53 211 259 371 203 66 199 26
6 243 296 402 128 182 150
10 442 444 345 252 230 208 94 164 149 330
9 458 453 494 113 352 310 364 80 97
10 58 466 392 249 383 395 358 445 389 54
9 12 221 420 314 461 70 484 380 225
10 118 500 161 192 179 418 101 97 432 288
8 392 59 23 267 201 469 195 114
12 346 143 354 172 166 500 280 225 129 35 50 294
10 169 254 387 26 113 468 353 419 438 64
8 260 112 218 91 271 306 354 95
8 129 96 407 267 184 148 84 117
11 54 286 473 248 365 202 362 221 479 165 430
9 371 179 235 368 143 156 147 99 119
8 25 129 194 228 267 259 225 355
10 414 115 142 429 309 243 287 416 103 474
11 376 216 389 449 462 233 280 65 456 23 85
9 444 210 209 204 9 58 323 446 485
12 420 70 468 255 157 284 155 8 489 457 118 499
12 167 35 346 107 411 274 209 44 246 22 94 102
11 258 498 125 138 395 80 456 64 105 323 457
10 378 386 377 57 350 293 463 334 85 291
9 348 458 391 38 60 152 18 200 58
9 123 428 444 489 265 30 210 466 402
8 333 351 408 201 103 213 79 158
6 474 101 300 478 414 10
11 251 421 357 240 12 387 339 1 79 86 98
10 370 461 434 230 10 53 124 184 137 284
12 424 333 481 261 459 262 24 89 272 343 6 144
11 162 336 61 323 178 409 460 352 406 330 109
10 36 356 467 16 38 448 92 422 274 349
8 198 331 260 276 401 476 98 28
8 337 153 166 185 4 86 157 339
7 449 215 184 255 256 409 347
6 390 378 222 270 461 261
10 217 390 216 98 354 435 1 33 201 425
7 2 292 424 346 475 272 115
11 301 3 319 306 307 326 42 197 148 335 278
8 344 374 313 255 318 217 368 364
9 164 304 267 111 387 251 195 110 173
10 279 200 333 431 47 446 150 182 49 282
10 458 345 321 182 377 181 195 101 167 269
8 6 336 304 446 411 115 429 130
11 91 51 261 25 197 436 189 351 160 453 37
7 321 377 279 161 174 323 481
7 220 388 484 432 242 485 155
7 448 477 265 183 209 103 224
10 168 386 405 421 486 163 136 365 131 399
7 16 34 12 22 76 458 447
9 192 77 235 70 82 187 88 210 497
11 114 475 275 121 436 67 159 325 192 383 158
10 155 325 356 160 347 189 437 428 224 354
8 300 277 263 454 420 84 151 41
11 373 262 299 160 74 229 239 367 79 88 421
12 341 409 67 50 15 470 194 411 477 255 449 287
8 146 387 329 483 371 305 79 470
8 320 195 43 245 191 123 339 60
7 25 321 351 451 93 486 176
9 37 363 173 230 445 360 189 26 65
11 303 433 361 412 120 24 234 153 204 222 442
9 278 46 204 293 272 217 70 403 326
7 30 344 23 46 318 131 458
10 74 137 155 437 298 425 374 256 184 287
6 459 363 361 375 236 134
8 432 56 269 425 31 137 166 475
8 379 21 4 467 189 26 95 94
9 300 171 266 416 62 443 410 377 239
9 330 341 61 49 192 489 134 286 352
8 329 471 32 417 33 17 386 74
8 131 14 61 457 77 181 58 167
11 455 494 65 438 279 264 317 232 292 83 280
10 65 134 447 178 186 15 50 109 327 433
11 303 382 483 467 237 319 494 204 89 304 78
10 466 497 20 302 356 103 71 347 447 53
10 71 409 349 374 256 12 23 251 278 305
9 58 374 472 169 5 370 11 118 15
9 339 32 370 196 450 58 440 471 431
10 112 307 413 375 426 276 79 106 368 41
8 434 98 301 194 116 375 463 52
8 318 23 453 213 309 184 208 489
11 108 269 7 317 370 443 44 81 461 391 45
9 395 271 406 111 303 311 86 478 12
10 1 423 455 5 328 458 357 203 252 157
8 425 306 449 448 288 330 462 194
12 328 234 213 320 392 42 493 416 288 33 442 329
10 167 437 488 406 496 494 115 247 299 102
9 333 335 430 349 74 59 266 496 480
10 187 22 365 251 188 174 294 195 453 234
9 345 303 242 468 344 156 250 149 283
8 19 116 320 359 167 455 80 268
9 35 126 415 171 498 469 278 16 331
11 302 403 361 134 380 43 458 74 320 41 22
8 83 374 156 102 448 309 457 485
9 106 337 245 187 15 259 271 224 440
9 390 446 381 379 254 217 205 26 253
8 203 80 423 214 78 82 85 378
9 115 38 484 313 190 66 337 96 380
10 244 129 483 198 267 158 300 80 54 349
9 198 349 42 436 250 27 380 38 141
8 309 374 5 275 462 354 489 224
10 99 215 474 49 126 416 378 82 399 127
11 234 316 307 173 284 381 45 407 170 132 327
9 94 410 314 382 40 416 272 252 397
9 440 453 190 367 228 235 227 70 233
9 54 21 14 466 363 433 417 376 76
4 440 280 347 378
10 248 244 6 408 452 384 115 175 396 495
12 26 433 330 336 463 214 205 131 96 48 381 206
7 298 181 77 326 427 387 83
12 422 410 344 482 499 170 242 284 369 428 88 231
10 93 136 327 263 416 390 474 115 344 338
10 188 262 98 486 97 12 135 457 490 39
8 256 119 219 150 397 104 407 252
10 72 234 426 19 164 208 66 456 473 365
9 148 144 269 260 294 496 128 389 116
9 257 395 255 315 323 359 425 446 234
10 434 224 490 355 363 169 307 481 28 288
10 172 163 123 365 89 86 409 41 471 282
9 193 480 400 129 486 189 268 472 109
9 466 426 399 478 278 383 378 219 331
8 5 142 415 30 382 303 470 133
12 440 201 229 2 309 148 359 100 79 327 213 248
9 329 281 490 107 65 254 132 310 60
9 284 155 31 125 59 291 347 391 388
10 496 199 156 221 62 386 448 315 374 343
9 290 144 62 298 356 17 230 295 258
9 74 342 161 469 133 353 293 337 380
9 233 165 451 113 366 134 172 347 24
10 431 500 437 122 393 107 74 236 17 216
10 387 91 187 497 77 271 55 450 276 88
11 384 16 459 162 11 251 2 66 444 431 74
8 462 307 238 468 447 378 446 87
8 249 402 372 93 498 273 359 20
9 25 158 381 131 495 295 57 16 471
9 141 65 146 79 433 120 214 264 356
7 149 189 77 298 266 79 242
9 225 301 136 166 137 402 143 302 325
9 483 184 484 296 320 479 129 107 242
10 250 292 265 32 68 139 283 66 207 432
8 168 82 395 390 154 491 141 119
11 292 225 200 399 47 449 1 312 209 150 163
10 210 100 231 479 346 113 383 238 83 197
6 121 84 280 319 21 90
9 377 32 82 417 419 372 67 472 206
11 435 198 489 205 210 27 399 72 44 60 194
7 415 132 330 34 337 70 201
11 444 426 13 156 327 140 447 73 242 277 149
11 211 60 101 237 44 91 127 264 78 71 160
10 70 257 323 369 302 137 481 387 183 127
9 436 427 485 116 286 85 178 228 441
10 14 23 63 375 254 59 308 96 101 353
9 178 463 45 444 82 455 472 208 128
9 356 483 46 165 482 486 60 200 189
10 185 348 312 190 1 434 445 337 48 155
8 72 20 248 68 152 139 397 59
7 3 272 271 165 495 434 122
10 39 253 138 164 444 264 254 495 136 301
10 470 442 302 479 483 54 388 199 150 380
9 234 40 46 128 264 301 231 44 460
10 454 485 260 24 36 323 32 198 403 482
9 458 435 258 3 305 121 216 427 167
12 394 363 360 450 150 461 402 491 315 111 307 147
10 198 63 265 349 256 244 415 7 16 384
6 408 383 50 105 25 146
9 44 369 298 320 228 495 25 145 368
11 15 299 1 315 48 221 54 150 218 337 248
9 298 262 79 259 415 35 333 246 365
9 104 63 201 426 384 322 491 437 352
10 210 304 183 397 493 371 487 291 223 373
11 199 207 164 317 122 260 269 159 188 17 354
10 332 423 484 90 469 476 287 227 243 134
8 252 248 386 341 417 17 398 37
10 137 442 327 12 173 464 76 16 403 79
11 429 338 351 90 473 171 52 135 333 91 480
6 248 186 200 188 54 189
10 292 123 164 237 92 435 11 198 489 428
9 74 111 191 148 499 189 87 184 389
11 246 466 96 499 357 354 349 293 380 373 18
10 288 478 143 334 157 181 324 113 369 320
7 266 14 298 354 123 34 92
8 59 471 301 433 87 318 237 450
11 333 357 492 465 148 172 42 408 307 340 24
10 303 228 410 166 32 293 337 432 291 418
10 102 125 32 412 2 225 183 493 4 407
10 247 324 268 115 406 154 4 347 323 352
12 155 88 444 38 353 448 251 399 265 491 464 272
9 370 67 248 446 419 65 440 241 79
12 239 274 491 111 94 443 102 127 377 497 57 488
10 346 267 345 135 418 262 55 476 45 269
11 412 434 29 424 349 90 136 8 129 300 103
6 429 415 19 184 31 438
11 93 35 407 346 286 387 91 143 144 51 284
8 355 53 103 460 113 177 256 410
7 50 391 473 56 289 45 381
8 465 351 105 490 412 305 213 234
9 495 449 20 145 55 54 35 256 207
8 420 330 128 30 247 308 458 323
8 273 117 253 53 266 330 224 323
10 184 105 418 1 199 340 500 448 372 316
11 206 240 176 76 255 46 155 400 1 63 309
10 37 52 128 269 325 192 249 316 374 271
10 316 72 219 211 131 399 292 396 457 153
10 160 85 256 451 45 62 342 398 205 334
11 482 403 383 16 18 352 469 276 205 34 353
11 273 135 7 322 168 227 33 497 154 185 295
11 115 322 484 423 181 56 351 320 12 338 39
12 350 182 490 230 128 279 79 322 308 420 212 30
7 316 429 170 186 189 208 281
10 115 351 417 27 495 86 216 474 268 175
9 327 219 24 366 402 294 302 243 222
9 298 330 465 266 193 128 132 332 264
12 27 378 194 286 65 235 275 326 331 445 446 203
10 82 22 110 297 419 352 370 159 135 195
9 154 242 56 69 4 204 86 238 361
8 152 357 488 349 299 464 158 394
9 29 246 132 206 96 191 95 1 484
10 43 439 398 450 484 377 96 3 29 268
8 114 171 391 255 153 230 68 104
9 286 151 400 142 128 133 362 436 222
9 386 284 343 133 270 406 63 341 175
11 226 132 205 204 107 296 345 105 209 211 83
9 196 253 415 257 50 175 397 77 156
9 458 326 77 337 160 29 3 483 202
10 188 91 37 487 9 170 134 398 288 300
10 424 377 261 437 92 293 278 50 349 6
11 483 89 276 47 321 328 292 222 486 389 439
7 199 206 151 311 479 421 46
9 107 54 95 200 396 209 379 384 458
11 68 243 133 214 330 415 355 423 192 139 288
8 362 169 479 73 173 326 210 14
9 161 170 26 464 460 443 433 223 203
8 202 39 493 485 185 69 260 209
9 56 481 201 180 310 482 218 367 235
12 292 339 3 268 50 249 156 294 77 253 323 298
11 162 149 469 230 273 401 422 9 250 110 261
8 314 214 151 370 362 228 473 430
9 266 195 249 465 362 305 169 368 157
10 306 360 114 36 297 159 349 222 77 260
10 386 329 247 376 314 395 281 251 201 477
10 76 398 264 456 51 53 168 315 492 310
10 25 188 209 252 300 162 311 39 150 44
9 335 265 307 459 169 322 61 203 261
8 3 220 144 295 450 363 249 197
9 167 45 392 249 402 320 240 118 76
8 143 494 177 311 31 486 402 285
11 188 104 9 120 81 213 491 22 318 204 214
11 123 420 293 160 484 263 324 288 331 174 441
7 1 480 21 311 463 346 211
10 410 192 381 88 284 319 387 254 153 70
7 418 42 432 52 82 316 285
10 3 141 106 359 242 475 218 471 324 30
10 178 373 74 205 119 391 375 342 9 112
11 10 174 153 120 16 128 414 242 235 29 86
11 53 375 433 120 10 192 203 56 482 480 475
8 117 129 19 482 257 76 170 323
7 356 394 414 328 104 491 228
9 24 418 368 414 198 9 195 147 321
10 212 470 133 2 162 289 342 398 460 372
9 71 497 319 307 455 13 206 299 151
9 493 226 131 36 126 37 75 233 491
9 476 151 351 139 372 2 419 79 400
10 317 345 323 156 60 416 203 279 209 53
11 136 436 468 478 219 456 369 118 70 93 128
8 352 410 218 244 357 176 89 265
9 382 158 81 428 481 53 454 68 197
9 380 442 329 175 14 314 237 87 392
8 13 248 353 38 169 374 49 115
9 218 256 235 222 190 312 228 332 286
10 309 419 363 289 105 475 500 275 454 163
12 178 323 268 381 144 48 303 15 425 295 341 334
5 6 493 369 41 328
9 407 293 393 467 97 417 158 70 397
11 430 76 241 229 108 252 61 453 338 188 43
8 394 379 246 311 167 348 133 116
10 215 485 213 105 439 155 52 490 42 211
10 425 150 15 359 178 308 4 412 72 327
10 306 362 68 343 47 125 156 475 279 230
10 129 221 91 211 241 101 449 15 314 430
9 239 459 420 279 20 495 48 66 128
9 113 117 104 445 247 202 239 409 37
9 87 272 467 67 115 294 171 116 463
9 425 298 294 236 177 190 312 324 256
10 148 467 428 269 226 404 326 385 408 357
11 260 227 138 474 189 314 411 449 395 394 382
9 366 428 65 358 214 276 158 350 198
11 369 49 123 167 186 225 15 87 349 305 220
11 14 303 243 73 423 465 353 94 5 76 183
10 317 107 215 467 304 294 94 371 83 458
10 238 241 348 346 322 209 331 196 189 313
8 446 58 335 289 330 486 445 256
8 2 320 94 148 103 171 250 11
11 177 308 27 210 155 213 176 340 332 71 428
10 452 333 422 364 464 249 460 107 128 388
10 109 49 481 71 295 78 20 374 221 134
10 371 320 472 290 402 95 182 442 21 222
10 369 236 329 221 136 456 218 4 337 145
12 210 290 8 434 190 50 91 47 82 90 135 270
12 115 488 5 472 352 166 89 8 247 237 11 265
9 171 495 278 140 141 66 78 394 156
8 426 281 209 384 65 362 97 204
11 219 34 109 82 441 74 407 496 45 293 468
12 193 85 217 68 257 379 236 346 493 378 423 142
10 270 72 339 316 280 157 158 255 102 216
10 134 411 208 437 394 397 5 450 247 95
11 129 90 179 204 391 59 469 374 219 425 462
9 203 120 193 105 287 271 50 116 86
7 353 195 312 53 234 406 208
11 62 131 52 189 313 149 18 261 447 21 77
11 276 144 152 466 400 39 395 17 385 112 407
11 311 411 223 402 93 422 278 120 166 202 113
8 249 328 142 493 467 60 413 80
10 26 456 107 305 283 125 130 175 274 289
11 91 482 234 190 9 300 333 491 8 164 159
9 375 144 285 200 410 177 426 142 261
9 50 255 409 225 474 51 439 277 269
11 165 199 188 277 465 426 493 371 42 45 234
11 400 372 133 60 376 36 363 324 203 72 137
11 468 330 31 482 113 348 61 238 147 140 479
10 10 17 227 194 262 421 140 25 236 274
10 75 141 439 23 278 146 180 174 319 464
10 102 357 174 179 32 419 496 224 196 236
8 288 385 489 423 391 85 422 345
10 69 418 485 305 492 26 173 417 258 360
9 473 38 45 441 472 160 303 321 497
9 92 209 496 72 356 202 491 392 36
9 379 249 9 263 318 37 409 355 204
6 159 358 7 92 277 281
11 394 57 421 259 298 379 203 138 443 156 59
9 465 126 374 192 161 468 304 157 493
8 361 24 62 465 195 197 319 396
9 307 240 20 72 454 376 18 393 83
7 417 481 141 84 468 26 497
8 50 112 178 121 185 193 432 107
9 232 110 241 173 273 500 295 408 5
10 213 162 420 216 236 195 140 444 312 21
7 116 146 199 34 9 256 18
9 19 421 238 21 410 443 122 367 161
10 401 399 422 244 397 129 326 331 384 448
8 455 331 466 295 174 199 109 40
9 420 124 132 107 225 119 472 200 70
11 487 179 242 410 432 358 428 69 256 261 373
8 375 90 346 344 290 298 238 56
9 482 40 263 16 462 228 107 158 478
9 222 359 96 50 76 185 343 296 270
12 223 103 252 46 309 162 214 29 350 106 283 483
10 446 7 211 150 203 108 171 172 298 454
9 339 27 144 166 128 146 217 350 383
9 469 311 123 2 290 87 265 7 404
9 196 87 86 17 451 431 315 134 321
10 442 477 323 12 230 258 400 268 240 207
7 143 51 253 317 140 467 144
11 428 491 432 387 399 437 246 296 93 420 69
10 412 427 337 218 77 326 489 266 293 11
10 326 214 220 81 440 395 166 446 145 43
11 118 32 33 289 147 471 486 98 75 480 498
9 391 165 472 475 250 214 354 450 205
9 291 165 123 423 2 183 437 371 72
9 259 216 260 434 355 82 389 495 128
10 293 272 381 129 194 1 247 57 463 340
7 50 151 5 332 296 185 287
8 301 382 289 123 190 22 91 227
8 73 319 318 430 8 439 480 106
12 32 368 9 98 356 331 113 92 255 127 400 51
10 411 287 223 475 50 280 203 108 324 451
6 261 27 331 305 454 82
9 76 64 286 287 234 417 54 173 159
10 85 442 170 350 55 463 74 66 380 231
8 98 86 469 126 255 474 493 147
9 442 253 23 229 22 396 260 208 187
10 476 413 411 14 370 163 105 116 212 311
8 58 341 440 275 286 358 223 479
11 278 158 274 165 311 160 477 216 308 202 231
8 65 353 372 51 349 470 78 50
9 11 481 374 223 26 309 448 313 24
6 176 179 37 109 44 384
11 118 441 486 403 352 341 2 192 276 120 157
8 96 447 138 248 389 71 383 281
12 253 79 174 310 370 265 410 66 15 5 136 468
8 289 298 10 314 130 148 287 460
10 466 110 142 394 379 279 171 100 35 318
10 35 449 3 180 197 147 470 459 217 96
10 141 99 157 246 381 312 255 158 284 102
10 178 71 144 28 421 17 280 33 140 75
9 355 377 253 490 189 145 305 322 128
11 252 20 56 269 474 17 346 18 351 77 238
8 1 126 438 78 388 316 8 492
11 160 315 451 199 431 56 64 499 60 413 233
9 332 232 469 88 188 86 390 202 126
11 434 67 47 330 446 409 11 437 5 238 127
10 330 412 491 284 423 457 282 281 26 417
8 295 458 194 451 335 134 363 221
11 327 490 370 288 188 443 422 258 438 167 411
7 95 155 344 306 180 197 135
9 351 445 50 54 126 99 51 49 127
11 137 46 73 262 187 127 106 482 333 5 181
11 33 203 476 18 24 236 223 361 275 246 3
9 372 480 340 418 314 275 299 370 37
10 425 177 138 399 86 259 68 269 422 182
9 347 269 369 302 97 53 264 136 119
9 199 99 337 151 456 316 380 376 350
9 219 167 123 45 159 216 74 173 101
7 56 295 482 257 84 271 238
9 124 470 319 86 416 139 397 201 451
12 308 327 436 193 447 455 441 494 197 439 301 158
9 386 192 417 99 139 39 298 86 189
10 237 37 478 205 255 450 375 178 122 280
7 465 173 222 220 263 489 55
8 430 297 469 212 356 421 58 377
9 378 377 99 390 434 409 326 297 476
10 70 482 474 367 175 165 309 36 142 273
11 294 373 308 216 394 337 395 376 434 77 339
9 175 19 82 80 379 289 257 419 268
9 52 358 35 96 311 206 359 159 466
10 186 477 356 197 282 26 467 142 331 5
9 139 416 318 462 84 394 120 95 117
12 410 168 309 327 93 127 354 260 89 124 120 28
10 114 98 33 30 269 217 100 289 258 467
10 449 15 116 44 443 59 5 465 274 80
10 125 332 102 281 222 169 411 187 458 270
10 17 72 116 69 372 234 289 274 111 2
10 26 203 485 262 75 49 397 439 304 464
9 209 427 275 3 238 21 163 383 289
9 394 361 231 349 21 441 7 95 210
9 73 427 395 91 201 407 66 45 83
11 435 159 261 193 359 409 436 9 76 449 89
9 295 493 78 66 370 14 73 440 329
8 327 298 302 17 219 309 56 310
6 468 251 400 388 218 437
9 47 103 168 435 379 57 186 471 17
10 81 134 34 360 19 463 338 289 182 197
10 409 296 156 67 411 183 317 102 471 179
10 96 436 60 373 481 421 180 435 121 174
10 250 95 119 378 246 231 264 369 145 82
9 281 5 363 283 273 118 471 440 370
11 369 387 47 169 182 179 93 337 187 62 13
10 267 28 417 114 176 15 124 472 177 500
12 121 331 383 32 26 460 197 371 486 287 230 491
10 327 416 184 217 458 191 406 278 345 178
9 13 495 344 96 25 23 311 29 10
10 247 381 43 351 71 56 73 195 151 216
7 404 369 437 440 415 228 358
10 27 205 489 80 250 149 85 271 52 442
11 350 377 321 199 343 440 55 66 92 355 173
9 119 364 356 20 62 481 324 438 154
11 197 395 353 420 154 367 300 260 233 387 455
10 379 375 236 339 203 94 10 282 200 424
9 157 44 195 300 162 329 483 39 85
9 206 11 214 204 392 272 190 237 457
11 239 344 391 363 208 176 438 454 258 456 146
10 455 67 79 178 37 158 273 368 295 325
12 204 421 307 282 203 500 215 132 105 314 326 93
10 220 31 139 87 415 123 41 407 89 97
8 48 419 390 11 113 104 302 361
5 438 283 136 9 342
7 176 350 425 49 257 442 223
8 209 41 92 491 80 496 110 168
8 205 28 437 341 338 352 309 197
12 154 343 218 279 31 362 110 315 465 357 383 475
9 45 104 492 414 400 35 224 272 8
7 346 214 420 73 304 21 223
9 141 349 103 176 261 439 128 222 305
10 460 462 418 310 389 479 309 27 184 60
12 346 139 68 94 193 81 113 293 458 248 363 400
10 153 40 351 12 196 28 162 350 339 207
10 41 457 356 97 170 499 248 17 69 255
10 89 181 21 236 210 169 262 473 124 72
9 337 51 268 142 384 59 265 477 278
12 335 247 322 52 254 378 80 346 95 22 271 200
11 312 75 281 117 17 121 258 477 159 431 9
11 131 109 126 177 485 174 424 50 143 490 380
7 468 240 250 328 413 283 192
7 495 448 395 351 403 459 417
10 99 346 263 16 172 342 31 482 137 140
10 88 332 428 132 256 426 276 19 85 168
9 228 67 150 237 403 235 14 333 273
10 387 365 127 385 229 19 361 240 164 75
10 294 145 361 389 352 39 481 266 388 355
11 185 275 447 169 338 67 302 411 166 292 107
8 186 159 41 421 78 208 180 344
8 158 205 332 6 256 131 471 122
10 129 138 2 449 109 424 397 41 403 407
11 417 166 315 249 43 258 383 324 401 62 422
11 239 371 93 171 324 123 410 367 62 207 292
10 15 142 112 164 157 382 445 100 81 135
10 432 165 174 244 74 365 405 236 187 421
10 251 32 68 293 279 382 122 463 66 402
8 180 332 289 213 444 465 140 344
10 314 241 61 301 153 212 264 297 100 63
10 126 117 326 287 98 383 333 390 349 372
8 212 25 27 337 102 53 119 217
11 100 299 476 493 258 318 312 249 228 30 365
9 39 125 65 363 400 312 301 44 151
12 434 429 178 153 53 413 498 38 69 251 268 162
8 142 490 256 39 463 404 172 318
10 73 7 161 105 297 227 229 367 311 469
9 337 134 248 309 174 265 481 202 478
12 484 41 354 490 213 477 461 181 390 177 94 81
9 3 171 298 462 283 456 83 111 179
12 100 131 306 445 103 219 172 401 37 39 29 392
7 113 293 19 385 14 496 127
9 494 1 299 408 345 423 231 445 497
4 4 88 40 349
10 348 70 473 500 447 355 497 487 302 459
9 89 57 213 60 272 333 259 453 174
11 166 188 338 208 33 178 277 234 130 172 62
11 76 194 115 136 496 322 201 12 434 463 417
11 193 135 376 433 453 463 270 240 105 367 421
10 258 370 402 11 411 297 152 418 83 166
8 126 151 371 119 165 145 191 25
9 291 177 329 41 201 43 71 424 4
9 290 40 360 162 437 185 2 316 389
8 292 436 388 272 31 481 419 403
8 287 351 4 186 160 417 110 472
12 376 249 445 222 23 150 10 363 453 202 151 39
9 417 498 162 389 124 344 86 25 343
10 27 175 146 38 432 70 344 497 250 398
9 357 224 81 141 483 435 354 230 344
10 175 362 376 155 371 466 72 8 392 439
7 372 430 471 481 23 184 331
7 230 133 280 362 34 223 456
11 313 260 221 96 229 180 66 79 89 276 426
10 248 342 71 204 10 152 457 283 217 407
8 450 184 264 371 223 77 187 149
11 467 143 61 196 428 464 297 82 454 261 285
10 133 258 414 485 243 352 334 439 353 208
10 306 299 101 376 435 51 152 290 328 347
9 47 45 196 483 435 198 496 158 322
7 82 187 248 67 403 300 466
8 353 288 144 57 148 213 268 226
9 135 14 372 178 270 142 473 464 235
8 261 420 300 110 103 150 91 296
6 475 35 78 380 427 107
9 2 111 7 443 452 330 88 271 486
12 181 277 39 351 461 345 252 360 321 204 343 187
9 286 455 253 232 216 300 87 215 98
11 362 185 157 130 394 59 104 132 129 7 15
11 190 476 20 332 155 89 372 391 479 421 386
8 444 353 385 193 478 120 85 88
11 240 279 128 460 155 178 88 375 148 411 116
9 278 361 120 327 478 374 443 385 312
8 423 307 442 61 3 238 243 23
9 191 227 192 498 101 143 438 456 357
10 389 338 414 29 400 39 16 369 277 140
11 260 138 276 5 384 123 448 158 477 198 499
10 94 135 172 347 293 283 50 299 489 101
10 245 12 299 312 261 397 487 316 436 317
9 148 89 481 221 460 291 158 389 486
9 283 305 269 14 43 246 162 108 458
9 116 284 353 117 111 368 357 28 105
9 90 347 483 183 304 264 434 260 35
10 410 104 214 288 320 175 68 21 24 283
9 498 490 382 392 113 213 487 224 454
10 186 2 444 162 327 460 46 367 289 128
11 240 75 131 51 355 110 212 395 465 229 313
10 447 93 309 90 215 364 169 378 271 85
9 111 142 230 463 432 81 322 424 190
10 33 326 122 256 393 73 320 290 338 330
10 68 174 251 343 364 142 479 24 3 471
11 323 318 437 107 491 243 91 80 93 296 216
10 69 116 47 384 390 377 34 135 142 372
9 365 174 421 92 224 359 310 110 159
11 67 370 237 234 444 294 39 477 215 231 278
9 20 474 370 387 62 18 205 23 354
8 331 164 428 395 486 296 83 111
10 71 178 294 411 15 143 343 275 164 191
8 79 12 298 305 398 309 138 408
10 366 356 257 368 226 150 36 60 467 134
11 290 59 58 81 473 374 7 364 313 348 352
9 204 461 293 366 336 122 140 243 266
8 405 337 345 1 221 191 104 331
9 406 264 466 103 241 82 206 456 460
10 192 490 60 199 61 387 18 318 436 315
12 76 360 122 15 69 381 201 453 339 311 124 146
9 454 187 31 171 438 266 459 257 248
8 349 10 428 240 288 198 141 332
9 438 349 7 323 45 395 352 322 75
11 123 95 320 456 368 479 404 334 428 450 216
9 223 257 217 489 170 401 493 362 84
10 44 286 459 239 410 455 304 344 36 460
10 149 469 29 246 498 46 136 38 260 288
9 163 441 10 395 437 162 187 194 413
8 306 138 352 414 403 238 346 495
9 339 434 460 59 284 294 355 419 236
9 319 440 391 122 21 350 159 260 59
7 173 476 12 323 34 247 374
9 419 302 147 106 34 63 186 289 244
9 111 46 283 362 126 469 43 486 67
8 161 226 450 177 308 208 391 368
10 51 24 186 241 302 5 63 189 465 327
8 377 496 142 260 75 127 334 441
10 363 282 486 76 296 127 339 89 50 303
10 379 321 485 451 377 492 419 268 441 59
9 440 130 206 280 391 479 211 219 487
11 422 91 94 314 139 294 47 322 396 14 247
9 80 48 370 304 336 426 54 241 155
10 424 227 42 442 79 191 228 3 171 136
9 414 459 36 172 194 228 413 240 274
9 268 27 164 213 183 333 240 149 176
11 490 294 249 411 10 202 178 314 209 232 336
9 145 374 496 189 411 139 256 327 16
11 2 385 461 145 109 247 374 433 317 381 119
10 117 250 344 328 311 234 25 204 90 284
11 40 108 425 184 314 460 221 178 49 247 14
10 284 182 79 192 439 128 370 229 105 136
8 291 408 224 449 347 426 207 434
9 486 499 285 278 472 394 90 232 267
9 470 101 460 170 54 42 352 481 423
9 260 106 483 252 303 309 92 452 498
11 90 492 278 202 103 85 259 86 246 363 196
11 376 3 205 449 216 272 242 434 395 236 180
9 126 15 310 253 180 80 257 34 109
11 63 254 221 77 166 55 435 495 140 62 113
9 156 347 43 84 202 209 421 363 450
11 308 38 60 226 272 194 260 161 302 259 169
12 160 372 158 18 37 440 359 93 219 67 413 255
11 187 444 151 156 178 272 177 54 243 343 199
12 325 408 450 368 366 287 5 255 50 342 12 29
8 257 422 138 234 7 213 45 315
10 327 124 149 127 441 27 204 265 29 403
8 72 245 464 409 291 293 188 411
9 442 241 430 26 408 33 298 139 419
11 174 248 492 288 430 306 294 195 21 473 227
10 108 258 94 4 143 461 356 370 457 438
9 444 32 498 159 91 305 402 136 210
10 432 253 405 81 265 424 44 321 344 377
10 28 2 439 51 337 179 151 478 224 114
12 149 11 486 147 163 140 183 245 265 448 302 312
9 232 279 24 117 182 409 364 269 307
10 245 79 401 106 303 157 138 37 423 424
10 386 248 107 323 266 133 176 475 275 332
10 142 82 413 89 346 301 450 129 45 471
10 227 81 344 360 91 477 84 460 394 285
9 458 48 164 423 379 489 389 222 14
12 154 37 424 15 339 214 351 136 429 303 244 194
9 281 126 202 453 250 463 204 135 102
8 162 248 329 209 398 53 458 101
9 219 230 298 411 76 438 387 324 145
11 59 260 199 295 394 68 298 353 104 318 230
9 167 295 249 271 336 181 221 269 77
12 450 371 205 45 301 391 83 322 384 201 247 354
9 459 409 268 294 237 211 412 5 328
9 418 83 245 205 114 233 36 492 313
9 81 326 328 355 58 390 313 67 252
9 439 168 75 36 78 315 293 470 144
10 227 371 56 277 200 77 142 254 322 202
11 479 348 160 165 361 229 372 81 357 270 287
9 275 45 288 224 51 134 127 397 448
10 32 178 175 226 186 328 419 320 299 245
11 91 408 214 190 285 430 264 500 82 34 492
12 240 1 420 235 224 119 311 280 233 225 325 491
10 103 380 131 292 181 196 151 401 247 488
9 273 411 223 422 29 169 257 397 259
10 97 212 259 22 145 364 302 163 411 36
7 10 262 70 89 398 175 203
9 373 234 413 478 207 273 317 171 142
12 167 114 404 163 154 370 411 258 489 406 83 3
10 4 37 356 15 84 450 268 164 154 79
11 321 396 295 198 305 212 240 323 22 400 453
7 421 168 279 229 205 239 395
9 190 160 250 164 38 364 334 333 49
9 454 233 12 500 313 261 392 264 141
9 125 147 365 401 35 280 249 427 415
10 104 116 10 251 496 453 262 235 311 201
10 76 149 478 116 320 46 357 165 231 177
8 395 102 462 449 196 40 480 115
8 258 467 183 177 493 245 11 191
9 105 346 410 189 49 168 161 284 263
10 139 122 478 240 350 9 342 69 91 477
9 124 177 41 444 198 405 476 307 72
12 125 474 313 267 120 235 217 324 38 10 18 130
10 16 185 44 172 387 43 368 412 117 22
9 311 20 166 103 316 436 25 324 141
10 484 18 381 436 173 131 364 475 33 380
11 92 354 186 30 419 81 324 270 451 480 377
8 11 108 316 321 322 164 332 124
10 287 156 411 348 65 134 350 212 388 283
11 26 432 80 56 400 480 74 404 189 253 188
9 143 487 164 286 117 99 445 358 387
9 414 236 477 153 391 426 104 277 500
9 102 8 266 424 183 179 255 296 191
10 313 136 304 451 366 10 168 364 178 344
9 286 485 256 207 371 239 55 287 330
11 333 1 351 448 246 343 357 419 176 461 380
8 133 431 447 43 75 406 180 107
10 112 397 324 196 106 173 467 361 217 138
11 427 312 102 101 95 17 256 449 405 358 375
11 118 231 146 188 202 222 422 124 358 319 485
10 153 420 195 24 332 298 415 414 49 433
9 3 54 330 394 249 297 344 229 266
12 295 491 19 455 197 37 200 309 186 423 134 60
6 10 380 395 361 495 58
12 82 376 393 54 256 449 358 253 487 71 355 308
7 84 66 26 473 362 225 443
9 380 378 17 258 225 322 279 304 75
10 165 478 492 170 83 144 273 401 154 310
11 13 451 449 434 308 26 137 339 264 297 379
11 302 268 225 307 432 266 294 496 299 142 485
8 69 121 250 106 13 6 107 128
10 151 30 245 339 196 299 313 428 318 495
11 165 255 219 191 126 197 49 439 425 460 287
10 307 144 41 282 388 61 318 258 493 368
10 250 56 264 360 49 315 166 475 86 451
8 231 141 222 83 36 361 47 234
9 137 303 232 472 67 245 333 125 297
8 185 218 164 282 186 385 154 176
10 448 473 294 104 112 88 69 71 441 6
8 208 427 338 297 150 271 48 252
9 143 477 433 472 25 497 404 454 464
10 289 469 360 145 327 140 234 230 148 287
8 335 200 209 142 47 458 159 238
10 67 387 403 194 405 74 125 26 441 308
8 281 182 156 302 212 162 456 117
9 99 484 351 381 269 242 106 30 56
9 5 122 216 418 499 384 368 472 424
11 393 354 376 72 363 491 94 83 80 81 429
12 424 235 329 120 255 475 218 78 312 73 470 260
10 121 73 117 118 464 162 43 8 393 107
11 487 434 90 153 57 207 217 405 340 69 24
11 21 309 200 424 100 462 97 257 248 212 178
11 234 396 190 386 25 316 13 477 453 270 236
9 285 133 464 91 469 151 161 342 259
9 385 34 337 336 90 191 221 11 157
6 254 200 478 483 177 317
10 488 146 166 232 301 466 88 102 444 198
10 281 66 294 481 263 413 207 497 270 248
6 12 463 25 173 166 429
11 259 34 363 293 444 325 272 119 151 156 2
10 66 440 102 51 48 113 390 80 335 266
10 47 451 398 103 151 245 196 497 247 326
10 254 465 352 36 341 309 303 429 466 206
9 52 1 281 269 458 310 161 227 359
9 289 80 296 30 319 367 2 243 17
12 497 320 60 225 96 478 106 124 441 348 214 303
7 65 473 160 347 279 174 416
9 440 172 404 50 206 261 335 148 263
10 170 40 75 110 59 106 31 357 315 352
11 347 302 298 435 158 229 211 489 258 466 83
7 96 231 359 116 421 366 24
7 435 402 272 354 135 333 3
7 185 153 187 109 149 72 283
8 413 276 372 498 336 116 396 98
10 358 188 108 419 64 359 297 366 99 189
6 27 104 496 51 117 153
10 346 28 173 242 436 410 445 345 141 156
9 271 106 347 93 155 215 175 313 428
9 406 490 173 297 489 412 73 234 198
10 316 396 230 424 290 185 44 275 226 298
8 134 223 258 235 103 92 32 29
10 482 100 390 327 308 383 443 76 429 323
11 180 197 84 141 433 342 404 164 143 99 275
10 313 466 404 318 396 375 181 292 412 399
12 370 287 183 227 345 338 256 312 283 382 39 147
10 437 261 375 213 270 386 205 111 189 500
10 143 60 384 285 181 74 85 401 39 187
9 159 257 375 160 500 437 268 108 155
10 303 55 418 225 346 66 73 444 213 335
12 185 452 442 95 155 474 204 451 379 306 325 2
9 237 23 175 124 270 126 319 482 8
11 66 174 335 365 271 73 297 436 428 388 401
8 389 401 47 85 189 162 276 402
7 62 246 82 298 308 106 296
11 329 293 126 379 82 281 239 222 128 263 146
11 320 172 103 466 281 497 226 141 376 94 175
9 339 334 147 246 336 206 254 65 338
10 206 34 229 62 456 213 493 183 463 240
9 98 145 158 230 119 232 15 160 89
10 498 28 290 303 473 345 487 12 4 106
8 277 422 396 128 303 235 444 55
11 36 376 494 63 278 301 91 284 294 312 143
9 79 245 121 407 138 417 305 321 385
9 398 267 85 369 348 320 219 52 169
11 451 152 398 67 91 492 93 71 259 297 449
10 283 248 263 266 430 443 489 495 389 54
10 60 370 102 279 258 83 171 46 78 438
12 169 261 58 96 478 355 57 138 481 200 500 131
10 452 174 296 77 107 149 213 365 246 495
10 466 481 6 334 208 437 438 232 307 455
7 432 353 82 300 261 207 257
9 272 435 414 334 163 344 292 186 171
9 172 33 18 402 217 118 327 311 488
10 82 462 291 196 471 379 87 380 231 40
10 114 353 168 410 497 55 90 398 19 273
10 170 419 119 298 499 388 396 194 400 156
9 227 138 261 281 353 423 411 395 359
10 343 227 422 107 73 213 154 215 194 7
8 380 422 35 152 345 334 489 311
11 85 128 126 194 276 266 145 417 389 470 25
8 448 321 35 114 31 325 445 351
9 465 410 14 175 161 36 345 382 443
11 245 385 242 187 389 201 48 248 183 252 96
10 376 446 342 309 310 198 270 482 216 152
8 237 77 360 18 318 428 242 392
8 105 163 476 140 322 194 131 333
10 88 401 493 106 325 348 160 232 16 444
7 462 375 456 83 53 226 257
8 411 379 213 332 452 416 318 49
9 377 388 87 148 185 437 404 86 315
8 95 14 224 108 41 199 49 318
9 68 498 101 411 309 464 248 243 178
9 65 427 484 488 393 69 11 301 343
8 162 61 422 347 414 196 324 420
7 428 33 140 112 309 437 84
8 469 180 113 33 250 368 438 387
11 185 347 310 52 196 243 376 290 399 189 429
8 463 235 189 366 73 253 295 183
9 336 388 115 87 123 396 477 335 86
10 31 225 500 72 219 440 325 1 416 245
11 267 445 35 47 231 346 83 168 227 348 50
10 240 183 389 35 251 138 64 371 104 127
9 475 480 390 3 489 435 285 89 52
10 93 289 387 67 230 91 338 332 197 26
7 74 112 24 414 168 119 239
10 471 300 335 328 266 302 443 349 240 80
9 494 63 296 91 372 70 341 263 420
9 152 301 71 124 470 103 13 236 78
11 164 237 14 393 379 209 149 29 329 235 441
10 142 213 480 382 372 356 50 354 266 430
10 474 85 418 417 323 191 200 446 437 80
9 178 306 58 200 325 191 339 352 485
9 323 374 459 449 392 406 296 97 209
10 55 312 262 350 85 103 97 118 151 292
10 6 418 401 302 106 147 8 328 402 220
9 57 173 249 258 418 213 207 215 474
7 439 429 212 108 343 487 341
9 26 295 374 262 66 303 124 139 307
8 241 445 30 173 282 116 434 318
10 499 54 248 24 190 454 302 483 321 269
10 256 440 48 79 93 146 245 411 430 258
10 307 294 97 110 427 500 499 188 264 252
10 247 76 311 9 414 322 156 117 456 93
12 453 439 108 88 493 387 212 279 318 490 333 251
10 160 475 368 64 80 23 260 45 216 493
8 125 91 476 190 261 139 35 148
9 112 106 421 40 46 158 149 61 314
10 463 292 211 391 70 123 101 87 455 118
8 337 475 367 291 415 123 19 340
10 447 419 79 162 205 44 19 412 233 32
7 405 1 169 19 208 256 468
10 243 145 305 420 213 211 465 196 133 324
8 366 173 487 355 343 74 175 468
8 340 243 388 213 406 231 196 383
10 321 292 42 104 394 262 276 49 345 185
9 299 338 496 214 15 194 152 442 430
10 262 135 104 358 137 441 448 202 166 267
8 310 250 364 392 394 465 311 475
8 299 485 11 420 293 307 108 64
10 225 180 64 115 75 136 229 397 421 84
8 325 73 307 108 362 3 283 464
10 69 160 326 301 364 97 122 233 434 354
10 3 103 86 457 134 275 29 377 31 397
11 333 135 337 145 159 41 282 121 473 262 261
10 98 44 236 269 414 24 413 137 443 233
10 486 480 193 321 494 77 142 330 226 271
9 381 330 108 412 376 147 76 242 97
4 93 366 315 216
11 3 174 344 33 310 232 251 453 212 468 330
9 233 162 148 74 388 119 244 359 249
10 268 52 374 348 27 175 246 382 210 255
10 481 419 154 11 120 321 455 82 242 224
11 389 393 270 158 99 114 421 297 325 199 401
8 500 243 77 102 326 476 71 309
9 42 33 314 471 212 187 348 328 290
10 23 69 28 107 378 21 131 478 56 273
7 179 56 3 283 494 277 365
11 110 240 50 357 226 275 154 227 4 408 72
9 161 118 262 458 279 305 74 318 244
10 147 13 51 299 492 85 418 379 315 214
11 403 199 301 277 8 371 296 179 90 41 359
11 410 448 188 217 293 315 161 469 36 381 171
9 273 78 470 313 481 471 225 175 154
9 123 150 383 400 182 221 110 161 279
10 412 198 348 434 114 126 152 479 346 136
12 236 476 442 416 153 413 294 87 358 267 319 111
11 376 41 259 391 151 18 189 250 452 240 268
8 178 473 205 172 103 360 183 21
10 482 342 415 76 19 71 127 340 456 247
8 277 228 365 319 145 256 215 426
10 376 250 162 16 412 369 81 352 133 362
6 218 9 117 350 479 291
9 175 83 30 477 50 210 19 496 271
10 229 469 483 367 141 430 399 184 309 318
11 22 195 185 18 165 455 307 360 14 21 457
8 267 484 114 13 139 373 262 386
8 149 314 242 364 168 391 2 346
10 481 472 166 202 352 482 468 61 43 96
9 330 20 450 329 204 59 46 481 255
10 77 306 199 221 330 440 40 286 108 189
12 361 397 376 106 230 345 413 272 225 298 435 75
7 93 20 403 150 333 443 238
10 468 383 333 242 34 336 204 8 208 126
10 222 261 349 162 422 223 319 199 257 359
11 277 29 172 98 457 32 236 389 188 96 190
9 78 204 5 101 11 243 392 208 25
10 484 363 388 88 263 130 428 168 408 248
9 166 440 145 83 27 221 16 436 171
9 42 213 27 117 397 25 17 175 445
10 129 183 130 264 147 140 227 393 421 205
12 349 339 177 130 464 120 381 262 119 348 217 225
6 247 415 483 222 274 174
9 196 496 202 322 263 290 130 47 348
7 292 9 405 423 48 302 154
8 242 238 303 69 74 293 361 241
9 488 198 7 466 309 478 167 142 133
9 348 334 435 251 17 95 431 262 270
11 270 150 133 48 469 255 156 439 135 498 2
8 293 407 14 345 283 132 152 110
10 399 326 145 472 150 267 130 368 5 129
9 210 259 497 419 147 452 177 100 2
10 344 340 468 95 140 181 354 213 454 428
11 265 466 417 306 107 264 108 441 199 351 301
9 85 408 110 365 49 286 348 299 24
11 38 307 317 248 288 139 224 487 148 433 497
9 406 476 102 391 443 407 386 111 452
11 363 244 385 461 111 321 225 173 488 49 441
8 237 39 492 341 343 198 420 64
8 405 395 140 455 234 464 156 145
10 421 161 130 113 92 181 457 203 32 17
8 122 487 72 425 246 440 278 240
6 495 25 70 223 497 179
11 352 334 88 388 77 8 210 325 290 255 121
9 27 146 421 25 16 315 387 243 279
9 18 3 296 460 169 143 424 191 187
10 475 407 51 447 218 110 168 32 45 216
9 368 305 343 451 19 348 131 177 71
11 39 441 168 417 150 439 209 275 482 407 379
6 179 202 40 70 375 165
10 372 490 213 378 81 417 113 419 338 297
10 343 221 395 72 112 206 69 105 416 141
11 345 408 61 50 348 56 435 270 247 83 244
11 418 71 410 20 141 313 414 200 228 301 393
11 404 188 185 75 59 236 294 371 485 162 365
12 74 308 263 333 297 438 108 64 360 294 403 441
9 202 495 137 496 196 263 286 173 315
10 467 383 426 388 362 143 3 392 389 376
10 66 429 331 26 154 260 409 186 447 107
11 36 49 310 68 173 86 115 384 410 495 387
10 487 447 363 347 212 57 414 20 480 318
9 497 341 182 246 345 212 311 1 105
10 121 395 219 302 281 228 110 400 366 486
9 147 468 324 438 492 226 342 370 451
10 417 117 145 482 99 56 492 479 98 487
9 417 429 115 262 135 367 243 145 190
11 347 452 125 458 121 365 75 43 81 59 361
8 148 202 284 229 192 381 84 70
9 288 383 218 25 476 276 67 116 35
9 406 388 160 477 162 25 67 191 336
10 406 178 150 340 428 209 500 485 105 75
10 388 429 158 219 372 355 100 103 476 366
11 118 265 61 244 453 202 283 270 314 87 63
11 23 273 80 313 423 162 404 182 205 284 473
9 150 329 280 105 343 221 163 310 223
10 133 334 187 106 127 480 432 92 30 31
10 430 68 159 120 139 306 93 307 447 318
10 423 170 144 147 375 492 76 56 130 334
11 413 342 49 68 227 173 116 53 346 150 115
9 399 366 39 398 322 151 335 36 109
9 246 422 188 366 215 488 288 358 64
8 246 173 218 78 498 236 196 326
11 296 385 123 195 354 406 173 312 459 95 374
10 51 264 422 13 208 291 380 424 242 245
10 191 271 215 226 376 49 386 223 99 3
10 419 163 353 470 110 427 496 168 60 86
10 409 290 477 282 471 186 197 281 386 236
8 94 33 272 169 168 300 333 107
11 387 79 333 328 162 37 385 47 493 169 455
10 182 24 318 480 404 162 217 56 485 289
9 383 405 476 497 355 434 126 487 302
11 451 408 357 21 370 467 404 378 165 326 231
10 69 223 364 395 255 246 475 492 250 363
11 456 118 393 218 454 355 162 376 120 397 6
11 399 460 62 102 15 378 325 404 294 104 472
8 452 189 237 398 399 147 51 31
10 23 318 21 107 394 262 129 227 119 9
9 336 435 133 407 89 252 360 105 254
10 37 86 391 178 363 177 480 377 424 406
8 366 224 146 478 488 15 120 207
8 115 211 414 215 38 278 439 396
10 28 357 281 492 363 103 34 479 288 104
10 167 475 380 300 44 157 251 331 98 111
10 88 230 370 443 382 454 137 324 94 211
9 334 210 333 255 72 266 8 186 408
9 119 207 217 132 107 442 173 490 302
11 173 171 382 410 39 445 137 162 267 127 362
8 384 316 105 10 238 38 385 354
12 72 188 42 149 485 171 443 163 451 165 436 2
11 211 228 72 387 405 294 337 153 5 44 83
7 27 391 208 339 321 440 397
9 433 35 224 131 206 147 66 264 214
9 83 429 347 101 427 314 13 106 430
10 236 55 26 64 298 312 146 450 413 421
10 179 387 203 41 68 391 78 499 235 319
9 236 68 269 185 214 476 279 24 172
9 365 182 20 197 177 256 397 254 113
12 487 195 282 234 257 413 401 473 368 99 203 236
11 483 325 136 468 262 155 6 269 371 222 211
10 491 456 451 239 401 436 450 204 361 280
11 194 498 62 489 271 84 352 193 81 303 214
11 297 66 342 207 113 31 377 240 199 139 140
8 7 448 376 170 335 434 487 169
11 338 135 147 74 421 159 30 500 187 497 12
10 200 300 223 228 232 210 472 39 328 84
9 330 352 409 435 205 36 245 315 227
9 183 97 225 186 480 96 70 236 185
9 33 149 52 466 13 172 107 108 445
10 378 324 282 160 407 280 68 120 184 263
12 402 222 118 276 312 125 255 274 286 245 157 70
7 73 14 253 444 472 291 354
9 179 175 465 343 417 284 115 102 191
10 299 206 458 421 315 161 15 308 359 436
10 41 240 209 104 76 233 117 79 42 336
10 285 165 177 408 284 214 72 340 163 467
9 263 484 312 329 241 441 343 173 175
8 196 306 497 291 1 256 318 81
7 164 136 454 176 361 57 275
11 435 388 58 254 299 307 72 1 87 80 333
11 168 367 392 84 157 382 261 103 493 426 272
10 25 373 83 267 411 495 350 166 119 163
8 366 67 237 448 129 357 172 478
9 156 99 165 134 492 272 6 171 486
9 499 349 90 232 193 434 13 179 362
10 466 73 313 474 375 404 71 358 403 102
12 268 155 454 459 1 254 366 145 429 92 447 130
11 93 475 12 371 191 166 165 60 205 287 96
10 301 251 178 280 256 342 147 496 210 289
9 318 386 329 423 111 425 340 135 73
9 336 191 397 12 334 95 415 262 450
10 119 5 194 287 183 232 42 36 49 425
9 422 439 425 123 327 215 428 461 448
9 201 132 151 251 372 260 187 275 274
10 281 179 442 447 121 101 172 67 284 368
12 453 174 342 97 413 13 27 428 116 69 141 10
12 288 248 393 229 91 270 487 467 314 396 484 327
9 166 280 301 178 370 88 390 45 444
10 448 302 200 16 342 386 63 137 155 348
8 92 136 35 85 231 254 233 120
11 19 222 499 72 350 450 152 496 104 24 164
8 494 258 202 337 97 224 31 448
10 388 191 15 357 123 159 92 291 141 220
10 68 472 159 164 420 326 173 464 145 282
11 159 354 458 375 62 118 404 194 203 275 257
10 461 2 90 407 7 215 227 123 154 428
9 469 303 416 382 316 207 283 320 489
11 125 47 96 471 235 295 201 290 217 207 92
11 493 354 348 294 365 428 468 105 233 369 413
12 418 297 365 50 455 35 213 69 328 216 430 268
9 124 29 10 204 434 161 242 164 282
6 267 138 476 228 326 112
9 349 204 498 323 16 475 423 32 454
11 41 44 251 16 1 132 28 70 357 38 110
9 370 136 481 10 41 94 283 57 472
12 462 65 437 363 58 351 459 422 431 230 216 461
11 415 298 28 42 388 288 481 479 438 335 384
7 213 452 216 405 140 232 259
12 370 55 448 441 166 135 265 379 499 418 340 249
9 238 405 13 428 432 189 26 208 27
9 299 447 30 331 380 362 471 340 322
10 297 317 1 471 472 256 376 138 128 142
9 407 41 107 243 439 209 425 217 233
9 21 28 309 472 277 427 288 500 475
11 102 316 370 83 228 474 403 22 457 418 335
9 439 131 355 485 321 120 31 457 208
8 389 165 268 499 21 188 3 383
7 412 461 139 277 19 477 108
11 91 223 230 130 44 479 444 397 314 464 45
8 292 25 495 94 308 471 368 137
9 292 481 221 314 247 419 93 289 458
10 86 248 196 365 479 421 488 473 386 89
9 450 153 82 368 256 215 88 318 132
10 134 36 481 183 257 289 423 156 471 347
9 492 313 276 190 233 419 61 162 34
11 324 285 352 157 279 205 92 460 184 20 431
7 198 494 80 59 158 500 68
10 407 139 208 468 144 444 33 174 293 473
11 10 86 437 121 180 249 417 474 483 433 88
7 418 452 274 401 12 444 9
9 446 226 193 191 461 152 356 437 58
9 359 85 13 27 190 455 244 52 323
11 376 231 354 384 374 165 483 471 349 409 195
8 380 365 157 374 423 127 229 19
11 90 41 108 363 490 169 461 49 224 182 264
10 496 1 176 134 130 280 316 448 491 63
9 29 287 243 17 90 324 283 260 340
8 79 430 6 341 112 50 310 284
12 2 198 250 453 86 9 396 94 393 292 181 322
8 290 464 180 57 30 397 241 373
10 135 493 459 145 106 407 187 306 239 146
10 251 99 101 314 84 60 358 41 95 81
8 438 138 32 42 395 439 445 257
11 402 207 382 498 394 262 356 345 377 392 3
11 15 259 327 73 285 109 7 211 403 275 55
9 174 406 240 321 24 383 485 177 213
11 415 39 16 497 232 126 225 276 332 329 299
9 101 96 132 70 103 486 292 375 363
10 44 54 226 268 107 328 394 414 282 110
10 458 251 15 4 259 35 379 327 268 137
10 130 169 203 10 482 53 494 18 172 57
10 168 452 114 304 299 329 275 404 192 237
9 413 225 212 322 180 22 198 230 158
9 368 405 362 96 335 60 240 478 72
11 239 279 449 143 20 340 487 473 258 4 207
8 338 491 433 138 118 2 70 474
10 368 52 247 241 395 61 129 43 318 32
10 316 335 286 112 238 470 43 390 241 36
8 396 276 214 442 204 287 243 314
9 216 340 83 370 247 107 411 267 44
10 163 293 136 12 106 68 307 85 124 215
11 112 109 42 168 408 190 143 369 492 82 227
9 30 2 334 64 403 163 57 108 12
10 433 89 75 19 249 180 398 374 204 266
10 484 121 176 56 148 205 375 373 237 214
7 143 490 458 235 150 416 397
10 40 4 157 353 268 422 334 247 303 53
11 75 137 172 46 40 102 76 406 141 231 15
10 261 169 478 469 2 138 179 265 58 425
9 46 453 233 193 61 365 214 27 455
8 113 125 253 53 133 68 229 301
9 391 157 380 445 163 463 249 350 272
9 343 429 6 408 441 308 39 351 59
10 12 124 337 391 402 397 358 31 287 59
12 216 444 500 467 428 463 177 268 426 168 80 437
10 402 201 121 395 224 392 435 367 494 73
12 248 190 266 132 353 34 10 38 438 344 130 298
9 488 65 265 463 326 411 385 478 132
9 325 36 249 305 465 484 26 269 132
9 27 213 168 426 450 465 333 227 305
6 75 248 281 277 160 166
10 482 341 469 235 9 422 56 331 315 491
9 148 490 397 16 453 181 386 213 288
10 428 2 296 123 364 477 59 481 452 343
8 467 326 107 445 351 427 215 191
9 181 261 18 337 119 215 148 25 336
11 462 274 129 229 424 338 443 158 13 291 372
9 343 121 38 300 80 178 261 316 328
9 333 160 58 422 67 275 286 35 138
9 248 382 1 31 201 295 92 205 199
9 470 301 341 461 420 381 78 59 71
10 448 194 163 282 10 263 363 459 427 50
12 298 396 113 49 119 161 335 170 130 195 12 377
10 34 409 377 154 63 11 304 75 206 425
11 137 5 11 174 51 434 288 306 440 26 337
11 269 84 319 50 399 193 128 25 227 56 379
9 152 136 266 35 187 30 133 233 280
9 493 236 10 480 194 31 152 52 395
10 311 411 223 362 402 11 486 169 267 494
5 330 405 237 318 190
10 81 308 72 158 318 467 388 165 274 97
10 22 306 45 411 366 277 297 152 50 356
11 257 170 96 424 117 441 132 288 315 284 148
9 15 264 201 231 324 477 352 274 483
10 417 397 154 442 238 429 499 134 26 2
10 397 278 435 27 180 499 340 413 103 249
8 116 242 343 83 237 205 261 420
9 457 372 23 288 167 387 7 129 280
8 126 257 288 51 273 324 413 283
9 337 7 256 3 137 166 370 282 291
9 89 144 480 269 390 65 422 78 24
9 228 375 472 329 343 318 30 1 28
9 331 64 254 146 341 83 445 25 226
9 301 245 72 99 20 476 417 313 206
11 201 231 227 453 474 124 10 497 283 277 210
10 358 56 262 227 397 193 203 365 277 199
10 83 78 319 335 186 162 485 266 305 377
11 220 150 225 2 87 316 223 309 70 480 441
10 473 11 399 490 290 370 192 381 324 297
11 410 101 301 99 325 200 1 129 279 21 329
11 381 237 272 116 447 301 1 348 212 87 441
11 163 19 320 123 187 364 259 129 133 414 182
11 69 477 89 39 205 389 194 328 424 285 484
11 219 395 324 444 103 294 457 348 416 243 94
9 426 75 433 260 87 489 280 419 234
10 432 484 193 112 42 456 262 416 420 282
7 455 227 382 243 81 94 9
10 355 313 93 354 164 181 161 309 457 310
10 28 144 148 331 460 468 284 236 226 170
11 210 44 251 69 383 344 205 23 154 401 431
10 100 217 48 458 279 8 381 218 300 290
10 363 199 83 371 92 259 374 161 48 90
11 291 59 141 230 157 378 209 134 284 58 23
8 322 292 200 58 452 272 314 418
10 464 359 88 409 285 249 10 489 280 220
11 356 400 10 349 209 264 499 410 434 274 93
11 434 267 281 82 131 491 197 219 130 47 132
10 362 390 39 133 291 214 233 420 139 252
10 76 315 228 55 249 464 326 210 387 214
11 422 336 8 327 359 55 46 270 482 228 33
11 139 95 321 442 226 314 302 345 252 61 212
9 487 54 210 271 71 413 340 449 466
9 3 31 161 384 436 170 285 390 310
8 20 477 108 367 174 260 453 5
10 401 114 336 232 244 72 137 408 152 145
7 228 98 141 369 261 254 281
9 411 336 87 153 12 305 323 446 361
11 274 40 426 93 132 209 238 59 155 157 63
11 188 94 485 252 75 50 372 131 126 355 345
10 408 114 366 136 61 38 96 266 298 344
12 304 457 317 78 413 207 373 14 74 338 468 303
12 80 359 82 500 459 280 419 162 389 153 362 267
11 427 328 80 352 467 485 482 51 139 177 494
8 48 369 71 316 399 444 264 315
8 138 121 348 206 343 58 229 385
11 245 331 28 377 207 94 152 474 169 434 469
9 127 214 233 334 73 454 425 258 471
8 372 222 303 250 10 260 349 474
8 210 392 44 403 455 316 429 437
8 52 453 120 254 22 321 85 377
11 259 336 383 375 347 463 76 334 399 130 285
9 434 357 312 241 213 103 135 243 184
9 1 184 130 367 395 169 281 187 229
10 114 127 47 145 426 223 92 77 238 411
9 18 412 311 4 201 229 20 221 496
10 231 59 348 7 428 58 485 394 105 358
9 286 410 129 261 126 395 281 275 119
8 241 181 328 57 235 32 56 177
9 284 134 497 474 165 188 335 96 215
8 372 300 90 81 466 133 474 142
9 383 255 287 188 493 96 32 126 329
11 85 353 276 88 427 288 170 401 350 285 28
10 17 47 340 233 354 34 463 402 434 70
11 29 455 340 386 178 223 362 338 283 169 280
10 409 240 258 411 385 60 445 188 427 394
9 435 456 92 36 489 462 454 48 5
7 362 300 88 483 52 172 80
11 70 290 127 237 144 410 303 71 32 28 415
11 341 177 266 126 315 322 296 362 253 323 181
10 43 387 133 115 457 190 372 54 320 49
9 177 200 451 9 380 60 329 288 99
11 170 468 419 352 483 191 242 285 156 108 189
10 23 100 230 386 459 319 180 343 448 86
8 170 197 138 499 494 9 443 352
10 71 298 493 4 106 251 206 376 101 23
11 145 455 292 377 48 3 185 378 390 52 297
12 165 148 92 333 361 81 260 174 79 28 429 160
9 394 392 399 171 22 156 462 459 100
7 163 405 237 270 48 190 393
9 497 244 29 90 302 41 401 199 270
9 354 29 147 317 494 131 306 73 373
12 422 105 453 270 347 356 197 4 402 20 166 66
11 406 133 167 137 84 252 421 404 143 114 446
9 275 192 12 171 270 473 414 112 166
9 155 138 209 497 458 4 217 366 178
9 359 225 342 91 414 377 191 119 92
12 248 10 169 7 424 473 401 69 142 267 194 139
10 131 489 149 171 147 351 458 217 3 83
10 204 122 25 494 179 354 16 252 299 294
10 489 467 122 326 446 498 130 16 305 23
11 198 105 166 118 310 50 342 435 402 457 282
8 181 22 335 302 255 433 458 487
10 94 152 348 442 438 346 181 6 411 16
11 121 73 319 256 429 84 111 17 320 407 190
9 492 116 353 272 76 21 336 89 87
9 184 160 255 406 427 141 247 158 120
11 431 317 442 105 30 373 258 170 468 37 445
11 336 55 299 228 157 421 249 97 110 393 252
10 347 45 262 261 462 100 387 81 197 179
9 155 356 84 45 201 373 337 468 160
10 209 192 10 249 432 121 54 235 57 102
10 263 10 97 210 164 436 141 245 350 252
10 193 224 223 375 311 477 312 484 252 179
9 364 338 256 34 362 104 471 218 410
12 167 362 7 133 272 65 321 275 194 142 226 414
9 114 115 424 15 67 236 418 218 297
11 372 141 470 174 383 204 263 333 345 424 8
9 145 103 353 399 367 55 365 328 398
10 125 2 188 418 441 122 49 161 220 427
10 124 314 62 326 464 218 58 393 169 79
7 28 168 482 342 171 325 429
10 8 250 218 117 337 25 495 493 266 162
10 169 272 388 21 1 254 32 311 463 402
8 321 322 25 110 396 22 121 86
9 163 28 270 170 182 433 440 284 382
10 102 218 161 67 300 125 476 91 468 80
9 465 364 436 397 429 183 3 326 73
9 184 370 29 87 22 489 400 291 305
11 434 253 294 370 345 314 445 485 42 153 105
7 357 56 151 402 257 118 304
11 386 391 475 273 163 335 238 131 168 271 84
9 11 6 33 423 140 280 346 267 162
9 274 208 335 366 392 447 281 72 94
9 382 39 202 107 67 112 266 155 326
11 446 480 137 482 468 284 493 489 406 61 283
8 75 431 379 474 306 272 132 492
8 472 137 223 441 200 486 348 133
10 485 351 206 355 171 39 114 96 99 9
10 426 12 397 124 48 182 60 93 354 225
11 496 139 207 329 63 61 375 351 473 95 368
9 401 363 452 115 143 180 151 445 427
12 312 402 347 490 161 283 352 355 56 267 201 414
9 241 401 19 232 125 135 34 376 276
7 272 450 146 277 236 269 84
11 166 88 303 350 498 369 420 210 402 25 151
9 212 183 424 122 446 209 21 187 73
8 111 450 229 326 68 245 271 259
10 155 117 435 485 454 390 106 445 175 235
11 275 475 419 207 277 464 319 153 98 270 80
9 102 180 222 44 269 441 358 460 468
6 282 199 187 268 396 53
9 8 266 495 332 118 6 351 280 485
10 459 305 389 462 450 366 22 361 184 186
7 110 456 35 87 231 494 120
11 220 324 110 87 444 106 58 382 480 203 53
10 112 232 99 88 437 361 428 134 214 81
12 214 104 81 293 176 242 56 332 28 378 131 251
10 216 35 385 151 410 119 325 303 425 259
8 143 79 410 381 161 318 212 483
10 217 209 274 253 473 449 360 481 140 312
10 157 259 90 53 229 403 184 138 392 221
8 475 243 238 416 24 84 182 343
10 75 90 19 280 162 28 255 315 160 260
11 14 486 23 439 458 448 498 455 451 112 178
9 272 388 449 453 382 484 4 110 470
10 301 488 405 391 417 487 83 313 317 205
9 325 20 387 153 455 389 340 385 500
10 119 289 216 44 10 363 177 251 163 16
8 64 458 426 425 397 246 283 40
7 241 257 120 318 320 462 192
11 326 53 148 311 167 117 14 304 220 380 306
9 278 289 178 444 116 263 214 252 78
9 168 357 247 36 300 239 104 28 465
12 332 281 334 186 196 344 273 369 302 485 348 169
10 165 154 451 365 201 426 382 56 361 205
10 484 282 269 446 334 21 198 425 414 56
8 95 98 488 28 44 329 451 244
8 130 197 17 21 359 149 489 76
9 188 370 166 163 375 404 436 215 456
9 21 192 244 117 214 193 351 56 447
10 71 308 171 115 87 60 39 237 441 278
8 56 456 242 378 16 38 125 338
9 436 494 193 475 443 471 301 196 405
10 264 60 260 226 169 17 269 86 103 295
9 441 306 188 119 447 67 220 167 92
10 296 448 166 364 263 272 163 486 114 395
10 46 432 415 32 67 70 300 170 31 147
8 227 350 252 498 3 289 129 119
6 206 47 1 328 211 342
11 89 363 371 227 421 96 475 484 289 357 467
11 340 461 434 495 468 283 109 301 49 355 57
8 431 337 31 309 406 408 97 172
11 462 452 443 347 236 142 406 449 5 165 76
9 63 69 443 122 366 461 491 201 478
11 436 401 440 462 182 288 29 430 306 68 263
10 329 65 493 264 28 34 473 280 346 456
10 240 289 317 382 175 375 383 336 94 426
9 111 332 430 153 472 447 159 292 90
11 268 144 232 258 20 365 387 43 473 52 62
10 35 176 375 422 144 208 456 363 346 429
9 462 436 118 85 90 480 283 491 60
10 110 262 355 218 193 454 302 189 489 160
9 329 243 317 115 152 471 318 43 292
8 358 314 313 49 271 414 228 269
10 392 64 231 147 283 397 371 190 227 85
10 219 457 133 95 245 120 313 52 206 426
8 163 151 131 290 297 256 272 206
11 183 2 136 233 163 367 289 229 37 392 64
11 240 339 287 420 131 183 255 62 393 84 39
9 367 338 84 342 48 459 261 168 227
8 292 464 405 262 217 58 403 356
11 411 145 116 210 166 113 340 247 239 449 67
9 474 143 27 250 126 221 241 362 169
10 13 11 456 128 272 101 482 367 376 70
8 347 119 198 43 475 53 478 111
10 470 491 263 482 39 9 367 29 204 127
9 401 409 223 331 468 438 135 445 178
7 226 396 123 318 265 468 491
10 251 258 202 260 493 247 133 376 491 52
8 303 86 67 139 455 332 360 56
9 383 37 38 113 385 96 98 198 358
9 99 461 123 232 122 222 313 53 279
8 193 366 463 130 305 389 105 469
11 170 325 132 29 312 101 3 252 357 436 246
9 236 206 497 53 90 115 57 55 138
10 364 179 169 165 482 19 36 400 55 97
9 423 77 499 238 9 437 388 90 213
9 227 266 193 142 62 461 374 2 275
8 127 489 325 137 60 125 260 187
9 152 350 149 137 75 203 393 441 100
9 27 52 174 135 421 406 387 340 337
11 32 51 299 118 218 110 294 139 310 297 87
12 169 30 414 321 52 164 322 316 46 374 444 226
10 425 334 73 69 256 213 373 482 106 452
11 26 58 180 201 197 22 229 160 483 45 418
12 252 188 315 106 110 383 214 351 357 453 444 154
12 89 265 33 11 247 59 364 84 182 481 384 6
8 331 358 16 256 144 451 415 383
9 382 386 277 198 394 489 50 190 5
11 404 76 12 141 58 86 470 452 85 406 217
8 232 399 155 444 315 386 255 348
10 66 408 341 91 323 409 282 377 207 78
9 14 198 163 269 446 256 350 119 444
10 216 198 460 65 264 265 122 53 431 393
9 176 174 279 274 430 64 285 213 144
7 299 64 52 368 260 122 250
9 476 102 370 137 439 88 426 130 48
7 366 344 239 297 286 358 373
12 100 347 197 113 81 332 352 265 483 453 121 353
9 22 307 188 33 384 351 12 485 426
8 396 242 405 160 316 461 158 500
8 326 275 234 58 48 4 329 377
10 201 10 88 139 53 142 474 168 220 144
10 113 67 447 46 47 231 403 233 294 284
9 250 452 107 22 392 209 174 301 204
9 109 194 184 317 288 193 179 438 54
8 374 428 150 300 449 154 123 405
12 432 394 465 252 46 21 164 322 444 115 248 488
11 329 424 10 469 344 105 284 25 58 422 36
9 90 128 44 6 243 132 93 237 55
10 281 156 264 234 417 205 215 213 52 17
8 226 356 52 244 190 6 484 461
11 474 320 187 372 338 38 281 411 95 311 143
10 449 487 412 151 300 13 308 396 376 240
11 157 284 403 404 486 134 367 11 125 365 46
8 385 448 330 290 182 430 219 220
7 161 89 426 408 457 477 73
9 354 497 224 394 2 167 499 179 491
12 50 385 267 210 118 251 124 446 454 262 183 127
8 278 376 366 380 231 122 304 211
11 474 35 285 359 449 189 274 445 127 314 56
9 106 225 485 224 448 205 137 435 215
9 424 283 312 120 263 146 61 316 384
10 123 308 219 489 72 139 391 407 355 92
8 486 421 110 222 453 134 364 181
10 9 487 454 206 470 171 153 382 232 117
12 465 173 339 420 343 283 137 27 364 308 124 307
10 118 439 6 268 450 377 485 97 19 40
11 418 33 384 462 444 98 476 198 452 44 479
11 254 153 460 102 401 481 409 500 232 68 454
10 182 495 167 321 369 399 30 252 48 133
9 360 57 65 222 95 327 347 478 329
9 226 378 451 231 54 304 324 76 223
12 354 44 380 273 253 221 97 33 55 312 188 344
9 380 243 289 387 302 64 460 425 190
8 48 266 275 36 299 293 74 233
8 243 431 244 495 88 136 216 73
12 27 440 48 335 499 339 413 255 170 298 350 434
10 196 298 268 414 164 86 425 394 111 1
11 383 211 442 79 339 214 471 285 242 151 258
11 226 60 8 6 171 131 181 141 12 470 230
9 155 347 169 430 208 59 354 41 2
9 413 393 473 299 62 386 375 142 212
9 426 489 453 30 114 137 416 480 43
11 446 73 81 461 137 16 270 215 266 369 273
9 369 303 226 94 427 412 426 233 319
10 286 408 160 427 87 195 101 65 3 377
9 191 245 72 206 66 97 108 343 43
8 124 396 364 137 234 287 211 12
9 154 185 25 190 362 389 23 424 96
10 451 492 42 256 472 89 324 194 103 263
12 434 163 48 334 197 83 102 90 258 4 383 100
9 360 335 336 208 85 479 379 368 40
9 198 204 239 488 217 219 32 446 432
10 186 2 433 331 30 464 444 325 384 163
9 448 124 500 418 188 243 456 213 340
8 195 129 338 101 38 360 471 219
8 157 99 36 81 232 90 403 423
10 497 235 86 115 307 225 60 124 27 177
8 461 117 4 351 53 102 441 388
10 15 60 185 307 2 106 481 224 378 198
9 180 485 344 319 295 443 394 427 208
9 400 255 407 239 220 382 493 57 125
9 388 431 252 148 384 208 335 270 437
8 31 234 91 453 281 30 170 130
11 68 176 205 3 120 384 360 404 471 378 217
11 265 477 448 403 337 176 400 356 221 16 55
7 372 410 432 297 35 260 193
10 441 31 249 333 457 157 465 385 35 272
11 61 156 402 474 345 60 296 346 431 136 95
7 29 50 179 415 369 485 105
11 210 95 246 55 394 334 44 361 454 151 488
9 95 378 297 360 370 94 113 417 459
7 264 291 184 281 36 149 372
8 233 386 381 76 434 69 374 131
9 110 248 166 188 152 116 483 413 472
9 259 38 271 276 306 316 80 451 67
11 381 390 210 188 214 317 490 351 495 83 271
10 82 285 252 210 176 97 428 326 153 500
10 389 123 308 445 364 390 30 64 126 420
10 454 386 213 191 338 237 189 497 25 261
10 18 493 204 387 69 347 88 243 491 343
12 77 86 69 458 351 453 15 488 310 427 455 421
11 336 250 483 49 296 242 385 497 184 100 389
11 49 130 321 334 178 195 304 44 251 54 413
11 279 220 49 185 186 429 153 270 383 447 467
9 52 128 63 308 317 206 382 293 400
9 161 442 422 449 227 464 319 194 93
9 417 307 490 360 185 129 393 315 279
11 376 39 469 263 330 366 399 29 133 251 318
10 16 262 397 44 63 298 325 384 180 7
10 314 284 411 76 324 168 359 235 247 92
11 209 211 441 491 59 150 235 75 458 171 292
7 294 40 168 398 326 432 328
11 9 165 170 259 381 48 405 156 24 253 323
7 499 107 479 93 74 137 386
8 285 279 144 33 76 114 232 143
7 486 454 68 272 352 301 122
9 390 300 475 45 253 59 192 286 473
10 446 87 453 397 432 238 232 39 244 373
10 23 200 400 146 191 476 498 80 219 72
9 391 33 475 112 390 149 477 6 416
11 439 448 19 469 41 93 38 337 385 206 133
9 417 360 189 268 492 297 290 475 53
11 75 318 409 217 312 76 118 78 330 375 70
7 324 485 418 124 79 339 13
9 77 296 120 402 82 224 279 207 422
10 358 22 113 479 366 389 99 96 20 17
10 107 265 84 168 342 273 101 225 398 407
8 87 424 133 261 122 7 364 196
7 383 373 339 126 22 25 94
11 167 67 336 63 12 100 206 114 392 485 126
10 424 331 308 78 183 108 371 475 257 460
10 295 103 381 472 347 57 190 132 290 90
8 93 119 337 416 200 120 74 294
10 332 101 160 15 340 329 4 62 239 275
9 278 367 402 108 48 449 239 494 312
11 57 69 242 443 285 424 377 350 291 245 472
7 235 30 184 390 152 255 228
12 36 103 171 60 141 71 492 116 457 486 256 435
10 184 356 220 107 84 263 61 21 427 146
9 144 387 261 487 304 273 37 231 358
10 18 17 200 438 20 54 384 194 96 205
11 308 77 344 398 371 400 90 8 100 340 210
8 331 107 68 217 198 70 124 186
10 293 123 458 97 29 439 259 62 96 141
8 169 8 100 229 109 424 211 171
10 168 267 83 409 156 411 225 153 230 445
9 118 174 437 352 279 295 217 440 187
9 256 195 63 324 119 488 329 106 7
8 74 22 186 494 237 435 159 113
9 380 9 345 312 319 370 253 13 418
11 324 58 425 243 496 217 152 294 122 187 199
10 329 282 218 101 102 192 183 172 304 149
10 475 412 19 390 192 433 355 473 439 308
8 432 155 350 423 373 498 471 458
12 5 330 462 26 276 477 288 282 229 118 88 174
10 212 482 252 320 81 248 283 154 423 443
9 172 108 63 276 49 342 188 500 225
8 443 391 453 254 203 462 461 283
10 52 174 227 33 38 308 61 223 226 396
9 459 244 498 344 413 345 149 192 450
11 469 89 467 204 493 484 408 466 288 378 463
11 170 424 371 452 375 216 404 258 370 143 73
8 245 146 239 212 497 77 435 407
10 252 350 179 176 161 133 112 111 299 400
10 232 146 160 415 333 431 364 408 459 188
9 39 456 34 229 386 327 13 496 281
8 305 367 402 123 405 486 335 242
10 179 334 62 141 149 291 32 196 162 305
11 440 42 369 112 140 106 320 171 105 227 428
10 304 475 133 119 493 369 219 121 82 407
7 304 389 500 282 29 205 386
9 6 261 331 481 89 259 28 244 82
11 389 281 41 57 145 224 172 477 89 117 481
11 199 28 203 223 175 490 280 314 127 9 150
10 323 295 451 177 359 8 482 472 313 168
9 195 261 34 252 347 430 431 184 4
9 99 389 27 166 337 48 300 458 453
10 190 499 214 52 145 368 253 23 293 243
11 259 491 427 443 286 418 384 228 422 222 35
10 500 117 132 257 285 326 307 487 85 477
8 499 124 428 108 122 381 144 401
9 188 60 41 283 122 439 372 43 201
7 460 24 491 70 232 481 313
9 169 353 472 248 277 444 349 236 200
10 321 360 485 239 497 138 245 207 265 419
8 393 304 236 185 394 362 390 442
11 450 64 491 471 313 195 251 488 322 12 339
11 121 376 243 434 254 16 281 429 330 132 11
9 152 80 60 13 55 430 231 480 132
11 140 330 24 104 11 153 147 357 484 135 170
9 262 128 135 476 446 434 277 251 126
11 139 231 375 470 346 159 224 398 165 122 392
10 292 345 385 221 383 69 126 78 204 492
10 326 392 463 401 194 293 399 232 431 384
12 255 28 144 268 459 389 280 266 194 473 322 341
9 454 443 58 465 157 302 88 478 464
9 289 48 426 36 302 361 104 152 275
10 341 159 497 430 435 188 244 322 344 276
11 394 236 416 47 196 409 471 135 111 23 382
9 369 176 429 349 186 476 403 14 332
9 392 342 167 53 460 206 81 317 455
9 360 38 339 217 110 209 250 264 378
11 268 280 40 144 77 198 249 401 322 4 140
10 32 359 68 321 472 396 385 486 373 446
9 6 422 490 302 124 281 479 284 369
12 452 262 142 95 492 6 171 332 190 321 89 272
11 489 387 42 187 307 370 199 22 263 368 52
8 40 91 344 176 25 56 334 402
9 267 51 434 285 346 61 412 422 170
9 441 116 481 489 377 131 461 456 291
9 231 260 437 64 394 105 397 300 158
11 338 77 167 339 52 310 413 92 491 447 443
9 45 101 343 321 252 427 375 266 229
7 500 418 261 148 59 5 465
9 197 470 133 293 65 367 366 263 163
9 492 386 421 1 61 58 25 252 176
10 49 183 371 314 333 404 190 352 35 141
9 60 327 282 474 8 328 350 416 101
10 336 411 250 32 406 23 223 67 162 328
12 47 6 142 373 21 36 146 339 371 466 220 214
11 144 316 466 210 270 303 280 82 47 373 459
8 402 173 463 427 431 381 265 442
7 38 66 348 244 18 409 183
10 317 109 413 142 375 318 416 474 30 105
12 392 46 49 418 281 485 357 318 319 172 225 178
10 68 391 27 331 179 174 176 55 254 163
7 358 235 237 471 170 17 253
11 75 10 280 46 304 316 242 240 70 189 481
10 11 320 433 181 472 324 177 328 359 109
12 25 265 321 356 156 119 495 239 36 253 461 145
9 486 39 145 238 477 271 455 464 206
10 269 79 483 289 35 227 256 430 496 383
12 225 314 298 190 210 320 359 119 178 425 262 10
8 327 351 115 245 396 452 149 131
8 383 137 392 62 44 159 67 398
11 351 291 305 283 90 108 57 132 245 343 424
9 367 46 123 475 109 447 13 388 409
9 199 441 224 108 189 404 482 467 476
10 493 229 89 463 34 354 182 371 126 373
10 358 131 333 81 450 396 424 490 271 422
9 277 91 112 14 11 254 188 204 74
12 442 469 69 441 13 438 379 16 381 499 353 55
8 234 486 323 447 66 310 78 446
9 479 208 275 143 187 357 184 33 462
11 341 490 457 141 14 271 156 417 281 395 284
10 428 336 211 196 87 399 155 224 330 278
9 457 331 317 183 294 239 271 399 156
12 306 430 406 199 69 174 152 346 61 228 22 297
11 392 196 354 342 468 322 45 28 301 38 194
8 483 18 229 382 46 403 246 282
9 407 320 47 308 279 75 144 404 165
11 397 353 441 457 86 355 60 361 314 100 437
10 132 491 331 393 226 326 107 164 429 75
11 194 76 126 435 206 476 161 319 119 342 235
12 184 3 222 89 435 333 305 483 180 491 298 100
10 176 136 308 14 92 106 454 471 164 392
10 183 51 32 14 85 451 290 186 212 395
5 165 382 316 452 9
8 464 69 384 172 142 216 433 192
10 219 170 358 423 492 255 94 364 59 217
9 301 184 303 418 373 49 410 170 446
9 279 372 341 178 100 419 49 250 460
9 149 78 40 13 85 346 73 338 90
11 273 231 208 277 467 33 55 196 172 400 188
11 125 194 489 417 438 135 200 74 395 298 296
10 61 298 447 313 422 344 461 489 154 291
10 201 386 450 406 125 96 197 415 481 221
10 29 306 17 283 103 261 37 457 272 461
11 277 250 10 70 364 278 87 71 310 288 481
8 161 226 272 345 197 65 290 252
9 219 325 269 292 65 268 181 280 314
9 186 338 339 178 249 197 221 292 280
10 14 278 149 227 115 29 116 43 492 406
10 79 146 227 83 188 193 488 430 258 447
10 31 96 44 497 187 191 91 126 320 25
11 492 251 475 45 454 465 171 266 298 80 272
9 477 365 157 229 258 426 487 126 99
9 4 249 315 166 105 440 418 229 58
10 395 186 211 316 241 491 265 273 480 132
8 431 68 373 305 349 59 285 338
10 92 122 379 210 247 352 368 267 9 235
8 211 488 175 32 7 24 29 72
11 374 280 351 57 251 386 325 483 380 332 108
10 92 355 296 145 128 105 372 50 305 166
10 381 114 69 416 139 414 432 373 234 57
11 180 492 139 317 109 257 7 342 172 63 214
9 499 329 62 279 78 149 304 368 156
10 183 365 312 179 358 149 73 451 462 345
9 222 456 432 174 68 13 66 271 281
9 22 198 214 323 482 418 21 98 410
7 474 88 476 450 157 159 373
8 362 202 280 25 242 264 419 356
11 78 188 293 371 249 389 134 222 452 499 467
10 420 160 499 182 376 150 63 203 401 162
8 425 329 2 398 370 291 440 464
12 452 325 387 340 62 66 149 43 199 275 224 464
9 33 188 140 97 220 467 201 186 274
10 15 344 169 498 394 152 14 450 162 499
10 395 193 404 129 246 403 140 352 319 284
12 124 165 474 350 347 196 122 354 5 473 260 69
11 287 271 354 224 418 32 132 289 250 337 19
11 121 305 357 14 393 225 335 454 158 32 392
9 286 11 127 371 489 101 432 254 90
10 432 295 87 471 203 500 232 340 453 254
8 18 473 341 210 208 253 267 62
8 399 316 291 144 210 319 52 462
10 481 156 1 209 105 28 388 168 114 15
10 63 481 276 69 61 487 328 382 114 406
11 408 248 43 81 497 49 421 400 457 133 84
9 309 485 262 247 3 394 128 188 153
11 378 471 345 405 400 392 165 293 430 234 1
8 299 4 241 200 495 136 449 140
9 262 13 470 445 386 88 64 362 163
8 234 412 88 289 13 444 297 77
8 168 337 492 8 257 275 144 7
8 53 83 466 479 464 422 137 498
9 317 304 161 465 48 111 249 311 397
8 345 126 436 14 281 94 135 117
12 134 276 274 208 174 369 481 451 164 28 204 70
8 432 292 93 201 34 492 471 47
11 282 53 299 138 424 86 49 58 380 378 88
9 130 458 161 97 312 425 384 477 233
9 248 428 200 236 121 85 304 31 158
11 150 43 406 135 372 377 145 402 395 227 352
9 386 490 288 443 204 27 167 435 494
7 5 101 71 77 246 124 228
8 162 267 202 39 152 117 109 366
11 85 371 426 433 285 291 257 398 96 383 444
10 465 200 328 222 175 240 3 66 452 313
10 368 96 79 285 211 213 32 472 351 480
11 396 208 335 311 154 123 13 444 404 164 159
11 345 23 454 4 241 287 40 479 176 106 19
9 239 82 133 212 413 6 84 174 89
13 21 227 280 316 484 289 84 170 332 354 496 223 322
9 275 40 380 362 267 51 66 90 334
11 497 88 424 241 73 300 82 263 443 335 423
12 469 270 296 486 83 187 261 135 39 102 252 418
9 335 164 70 184 137 134 446 465 478
10 9 450 473 423 427 170 348 482 132 81
9 469 141 273 97 234 420 200 381 288
7 48 258 429 52 398 411 260
8 484 146 486 377 401 269 350 28
11 116 146 187 300 437 4 438 106 118 494 432
9 286 386 292 58 420 48 84 339 200
9 447 116 437 430 392 403 397 263 111
9 237 426 372 60 399 406 69 297 428
10 199 28 491 174 179 399 343 331 148 370
10 46 246 107 342 309 200 77 255 326 373
9 167 203 157 443 77 107 53 345 458
10 98 22 228 274 186 312 33 315 12 211
11 418 160 120 454 188 355 193 368 213 55 321
