3926
3 105 381 436
3 289 467 79
3 406 58 349
3 264 41 183
3 157 6 271
3 237 358 91
3 317 93 110
3 461 36 372
3 197 226 25
3 232 325 239
3 92 45 163
3 336 340 332
3 464 210 349
3 194 51 116
3 494 266 220
3 69 13 133
3 496 414 136
3 6 36 23
3 242 355 327
3 289 469 345
3 136 200 19
3 97 408 130
3 77 321 16
2 214 138
3 161 227 378
4 417 474 108 201
4 314 113 43 371
4 424 449 150 111
4 212 178 268 283
4 112 167 177 304
4 293 239 281 264
4 63 144 130 198
4 40 19 439 112
4 7 407 348 296
4 397 452 165 457
4 345 352 69 358
4 232 248 97 227
4 102 88 448 265
4 241 465 86 276
4 433 339 315 389
4 24 78 266 108
4 221 236 43 141
4 305 349 367 400
4 355 432 467 451
4 36 123 152 110
4 183 354 457 312
4 438 44 133 260
4 127 287 184 199
4 445 392 301 226
4 385 312 211 415
4 456 407 145 326
4 13 289 290 200
4 315 101 347 149
4 444 465 377 27
4 167 72 243 169
4 117 214 128 411
4 391 339 125 166
4 414 249 288 488
4 240 227 86 465
4 27 290 264 6
4 405 323 111 480
4 458 436 245 18
4 235 459 404 476
4 118 288 196 78
4 15 465 473 176
4 114 265 497 168
4 347 51 181 372
4 60 187 57 407
4 387 233 288 479
4 419 67 186 477
4 71 270 28 38
4 283 273 76 88
4 496 82 265 316
4 9 268 481 304
4 368 138 257 400
4 277 306 265 60
4 389 6 72 124
4 385 393 316 182
4 38 282 194 438
4 344 312 382 161
4 185 35 205 55
4 375 1 96 214
4 350 425 6 479
4 266 194 499 74
4 425 151 243 355
4 430 99 205 279
4 308 113 111 297
4 460 388 450 243
4 305 218 139 493
4 89 439 362 224
4 435 140 346 469
4 123 199 394 428
4 49 441 105 281
4 369 247 379 268
4 370 276 202 13
4 219 193 351 274
4 9 49 8 84
4 476 297 14 356
4 454 453 418 315
4 196 38 295 25
4 35 498 69 32
4 281 157 68 398
4 86 168 383 392
4 114 348 325 260
4 377 82 5 477
4 44 213 425 126
4 211 204 260 345
4 84 362 174 411
4 288 216 91 175
4 484 298 216 252
4 303 55 424 324
4 167 45 197 455
4 278 492 186 105
4 408 72 47 203
4 239 413 199 352
4 182 370 337 302
4 244 332 274 224
4 32 251 304 234
4 490 498 342 286
4 403 50 360 414
4 482 101 322 319
4 105 476 224 166
4 368 433 145 130
4 261 113 378 334
4 405 153 388 25
4 68 168 474 141
4 70 478 38 42
4 279 287 90 138
4 63 467 471 103
4 461 496 384 482
4 399 456 42 198
3 36 66 8
4 301 260 65 278
4 469 116 395 20
4 42 156 84 232
4 449 261 333 82
4 376 351 264 216
4 382 425 299 270
4 468 298 326 54
4 308 201 197 159
4 175 181 252 474
4 121 464 436 71
4 170 202 234 94
4 171 465 331 167
4 327 288 114 37
4 16 181 209 338
4 456 365 398 475
4 261 417 67 12
4 497 102 408 358
4 46 232 306 195
4 173 288 412 120
4 347 327 253 170
4 215 93 167 79
4 352 461 13 164
4 285 495 28 216
4 420 424 312 331
4 36 469 370 419
4 353 9 77 171
4 3 353 282 249
4 269 496 484 7
4 41 188 40 61
4 228 431 70 413
4 108 258 142 488
4 109 127 65 169
4 450 26 171 257
4 454 96 95 439
4 382 298 8 238
4 236 153 268 500
4 297 456 338 483
4 361 254 70 100
4 75 238 382 147
4 423 42 313 100
4 402 410 260 68
4 351 2 227 471
4 396 416 432 469
4 466 457 172 10
4 124 369 461 463
3 364 244 281
4 473 288 200 412
4 322 325 296 136
4 422 312 415 357
4 375 480 389 74
4 131 269 78 406
4 227 440 301 315
4 156 87 69 144
4 345 184 220 381
4 109 288 386 142
4 276 327 132 321
4 389 183 144 165
4 87 116 395 437
4 289 477 461 60
4 398 338 125 96
4 47 362 88 152
4 421 230 349 161
4 16 471 324 4
4 345 6 175 211
4 335 267 26 10
4 326 153 51 234
4 19 11 85 262
4 124 286 158 260
4 9 148 192 447
4 217 224 77 419
4 500 201 242 223
4 397 57 286 160
4 243 226 112 26
4 177 446 411 308
4 360 215 443 355
4 119 146 321 151
4 6 396 234 481
4 143 355 38 178
4 428 367 215 123
4 380 324 31 453
4 283 459 185 2
4 294 356 231 46
4 167 451 363 262
4 32 472 321 1
4 185 486 408 414
4 21 379 76 320
4 14 323 45 310
4 297 31 162 29
4 283 180 191 288
4 382 256 365 250
4 274 130 31 441
4 392 66 42 400
4 426 286 34 71
4 282 453 34 266
4 163 129 276 405
4 126 125 124 410
4 210 151 282 113
4 306 147 438 396
4 451 301 286 253
4 180 195 91 390
4 163 446 199 442
4 141 60 158 419
4 223 66 394 15
4 204 440 348 17
3 294 295 196
4 490 444 117 488
4 201 238 220 5
4 32 344 254 475
4 386 404 284 51
4 348 35 107 493
4 419 455 375 368
4 139 331 91 41
4 300 241 268 255
4 306 344 489 278
4 259 16 272 397
4 232 496 87 3
4 225 467 89 300
4 208 51 488 260
4 61 412 331 467
4 217 354 85 439
4 62 125 464 204
4 123 128 2 251
4 224 161 164 460
4 339 331 265 288
4 293 378 290 222
4 247 494 20 463
4 267 29 229 367
4 81 58 433 69
4 183 147 125 305
4 322 404 436 275
4 266 110 275 388
4 216 141 266 320
4 226 119 178 30
4 284 190 300 110
4 469 384 403 428
4 216 119 144 385
4 139 432 47 185
4 90 170 229 56
4 168 210 182 423
4 370 423 419 304
4 290 120 393 149
4 433 62 25 346
4 406 191 175 137
4 213 168 268 178
4 310 127 304 123
4 465 409 59 157
4 470 459 3 447
4 45 189 178 28
4 353 312 16 113
4 345 469 128 10
4 347 42 327 447
4 500 427 21 423
4 462 217 383 447
4 222 334 210 292
4 349 241 112 322
4 497 220 414 432
4 245 67 465 219
4 34 337 358 370
4 212 29 395 91
4 381 31 467 3
4 466 457 452 330
4 138 290 382 5
4 394 283 301 253
4 66 70 100 467
4 200 306 389 79
4 312 446 272 128
4 53 54 238 226
4 42 376 389 150
4 399 264 307 102
4 378 202 270 338
4 53 208 367 191
4 376 100 161 478
4 475 74 366 412
4 21 380 394 107
4 254 12 208 31
4 20 303 469 111
4 60 106 404 360
4 127 42 214 84
4 424 316 281 258
4 386 383 252 199
4 61 393 120 364
4 150 176 429 323
4 26 242 444 201
4 358 64 449 410
4 420 450 392 490
4 489 348 135 494
4 172 445 442 481
4 371 426 73 153
4 468 87 485 170
4 96 29 426 310
4 381 390 185 473
4 387 174 486 57
4 367 115 228 3
4 98 493 314 323
4 144 448 271 101
4 311 470 405 444
4 437 351 305 260
4 192 260 486 234
4 183 201 355 122
4 73 125 154 488
4 41 384 158 32
4 108 233 13 140
4 432 123 197 228
4 72 198 295 265
4 152 83 64 20
4 234 453 242 411
4 126 120 137 167
4 278 43 110 263
4 130 140 473 453
4 426 416 388 279
4 324 352 482 343
4 96 71 487 438
4 280 177 217 328
4 186 450 44 77
4 456 347 193 1
4 134 354 381 234
4 296 498 191 203
4 317 305 315 382
4 294 484 60 95
4 88 181 464 153
4 126 467 484 25
4 308 201 343 464
4 390 343 320 375
4 441 335 178 219
4 106 130 139 355
4 248 394 107 379
4 347 441 48 483
4 369 57 77 262
4 57 487 496 297
4 78 355 241 357
4 230 445 171 77
4 483 369 38 456
4 305 430 476 124
4 47 388 168 389
4 156 450 437 497
4 329 292 13 77
4 60 100 139 454
4 143 182 104 460
4 439 311 306 430
4 17 438 161 476
4 162 201 269 460
4 4 391 297 7
4 479 261 293 86
4 301 286 159 382
4 40 250 397 358
4 208 285 89 479
4 52 50 141 315
3 437 388 467
4 147 215 341 459
4 220 319 292 469
4 42 466 104 377
4 425 73 101 206
4 370 51 416 385
4 307 187 50 179
4 16 157 298 408
4 499 463 267 471
4 492 177 441 294
4 247 168 90 407
4 318 39 110 414
4 151 428 375 109
4 413 49 434 1
4 178 213 303 85
4 463 52 292 61
4 53 466 322 280
4 116 10 377 398
4 331 198 266 289
4 252 5 50 416
4 338 107 70 68
4 405 419 450 86
4 434 76 350 445
4 73 167 192 211
4 249 403 326 260
4 99 114 434 143
4 445 431 80 344
4 23 44 332 66
4 485 84 417 21
4 117 289 139 45
4 194 119 341 24
4 444 381 341 340
4 437 131 6 337
4 404 301 185 322
4 403 194 69 424
4 211 57 106 347
4 421 225 469 146
4 459 464 343 476
4 45 394 414 307
4 205 273 16 45
4 487 274 422 158
4 162 381 276 158
4 171 219 30 341
4 2 385 5 135
4 131 316 26 170
4 446 389 483 337
4 464 452 257 208
4 441 20 379 26
4 363 492 262 236
4 47 204 165 18
4 389 175 369 383
4 358 137 21 269
4 498 289 446 118
4 473 103 251 228
4 22 440 59 29
4 221 449 111 126
4 331 379 139 206
4 387 60 181 362
4 24 189 487 188
4 420 62 364 23
4 344 73 345 411
4 172 149 35 449
4 344 402 331 377
3 97 438 132
4 101 304 100 116
4 422 248 173 468
4 43 304 320 199
4 19 266 180 442
4 432 126 416 187
4 11 373 186 251
4 41 137 179 305
4 63 257 94 361
4 272 110 457 158
4 451 422 365 314
4 175 500 385 9
4 332 217 447 119
4 236 380 112 226
4 17 72 248 367
4 363 247 162 261
4 28 3 169 222
4 204 9 403 68
4 154 112 486 376
4 5 238 183 20
4 328 265 18 347
4 290 128 65 210
4 213 299 371 134
4 333 305 190 92
4 251 39 76 149
4 123 234 289 460
4 409 148 294 187
4 460 87 157 142
4 280 295 131 445
4 279 318 126 42
4 332 406 479 195
4 252 328 225 334
4 364 426 329 16
4 141 258 442 263
4 350 130 120 365
4 361 380 439 160
4 335 21 66 233
4 376 81 400 480
4 422 237 327 74
4 184 484 339 110
4 138 172 466 97
4 389 410 195 15
4 419 31 240 347
4 436 461 406 55
4 99 157 268 379
4 6 468 5 20
4 153 275 73 183
4 10 61 368 105
4 412 360 169 473
4 338 182 119 356
4 100 294 243 423
4 457 137 2 294
4 136 166 270 484
4 198 75 493 405
4 260 321 80 389
4 278 277 314 71
4 81 408 199 150
4 395 32 167 331
4 366 331 87 357
4 263 23 167 48
4 500 113 69 11
3 353 25 408
4 302 313 249 282
4 471 313 110 99
4 165 328 237 335
4 422 427 37 3
4 125 313 58 352
4 164 288 317 307
4 182 58 446 433
4 451 197 276 221
4 434 247 393 133
4 255 39 304 465
4 335 171 445 159
4 451 168 296 7
4 61 176 105 320
4 112 74 48 466
4 222 487 452 26
4 122 346 331 73
4 189 353 276 20
4 265 490 345 271
4 227 203 388 347
4 59 269 243 173
4 123 332 152 170
4 401 201 425 339
4 276 59 468 500
4 76 5 138 198
4 99 434 435 145
4 43 331 2 199
4 206 74 8 167
4 384 465 103 486
4 254 230 495 438
4 469 352 413 157
3 10 324 335
4 59 340 217 421
4 259 117 31 181
4 289 383 476 236
4 323 496 420 444
4 58 319 366 134
4 198 177 96 174
4 273 139 372 117
4 490 339 417 138
4 92 346 222 46
4 122 439 497 343
4 292 492 250 481
4 266 364 106 468
4 109 295 86 377
4 353 239 312 414
4 148 183 448 165
4 278 269 263 437
4 267 168 51 150
4 353 12 38 13
4 108 261 292 153
4 459 330 8 208
4 498 414 365 169
4 468 35 455 399
4 200 498 452 388
4 249 44 477 322
4 436 117 62 366
4 106 324 58 310
4 459 194 453 411
4 444 481 155 209
4 163 81 241 484
4 238 450 134 9
4 500 26 90 95
4 286 454 433 311
4 267 323 496 310
4 157 467 403 196
4 467 74 283 111
4 346 387 99 448
4 487 277 128 485
4 264 154 269 487
4 417 229 157 158
4 404 65 252 433
3 98 77 51
4 96 299 433 168
4 38 226 437 29
4 367 369 309 70
4 76 200 392 36
4 171 366 484 164
4 482 21 315 66
4 289 253 241 227
4 133 59 225 62
4 5 35 271 367
4 77 494 226 308
4 401 361 59 116
4 304 61 407 185
4 308 7 392 251
4 98 354 84 336
4 48 255 224 150
4 20 90 227 136
4 228 433 279 4
4 136 98 239 212
4 227 361 206 244
4 329 210 107 79
4 125 96 353 36
4 201 114 177 467
4 203 426 372 464
4 355 216 274 169
4 52 158 448 107
4 9 389 77 358
4 132 453 249 420
4 390 28 297 104
4 358 322 18 140
4 76 51 81 268
4 258 413 122 323
4 217 3 389 281
4 461 409 454 49
4 371 432 164 404
4 174 431 195 157
4 140 63 222 391
4 91 253 334 230
3 296 281 181
4 408 388 168 199
4 252 310 65 329
4 332 238 255 386
4 358 460 345 85
4 314 98 45 135
4 160 488 343 92
4 284 404 9 15
4 410 96 148 469
4 65 298 316 332
4 238 287 376 339
4 333 415 152 433
4 272 26 429 475
4 177 348 324 402
4 99 358 79 396
4 22 67 273 371
4 64 464 13 216
4 428 110 112 257
4 191 194 286 18
4 262 71 127 322
4 308 182 28 428
4 300 131 198 372
4 242 197 389 434
4 430 240 445 499
4 80 269 209 226
4 129 259 171 498
4 140 237 338 485
4 330 433 232 450
3 399 97 480
4 291 176 323 50
4 126 257 159 233
4 183 269 256 316
4 454 228 298 11
4 102 390 101 445
4 443 143 153 20
4 245 335 361 214
4 474 37 402 119
4 318 395 357 16
4 399 479 469 311
4 211 84 287 63
4 457 267 272 149
4 431 95 379 140
4 412 455 350 298
4 290 190 228 27
4 397 40 22 52
4 404 87 121 373
4 312 451 370 276
4 334 499 122 77
4 285 287 443 479
4 428 155 233 319
4 188 77 224 495
4 205 41 66 85
4 326 176 334 362
4 346 173 347 28
4 298 8 475 326
4 186 147 248 171
4 200 163 290 166
4 480 466 160 42
4 358 129 312 64
4 492 178 406 10
4 119 466 342 499
4 206 122 345 83
4 210 22 333 406
4 348 104 423 376
4 274 493 112 219
4 415 455 207 387
4 240 339 494 347
4 264 402 275 269
4 205 79 265 82
4 375 490 472 118
4 288 313 59 244
4 437 24 342 476
4 231 301 116 333
4 11 438 110 464
4 265 274 151 338
4 385 125 448 386
4 163 462 279 62
4 208 222 127 95
4 232 463 375 283
4 326 277 59 374
4 215 229 408 203
4 306 319 205 45
4 103 388 243 322
4 25 349 401 360
4 198 102 61 8
4 393 57 475 60
4 255 383 222 292
4 220 451 250 221
4 357 42 218 279
4 50 183 11 122
4 330 379 466 54
4 498 113 102 151
4 441 495 118 344
4 352 164 303 288
4 318 54 375 90
4 152 8 1 478
4 366 52 491 330
4 395 309 495 251
4 243 77 431 50
4 275 492 449 27
4 217 406 283 280
4 294 382 152 83
4 384 355 385 319
4 442 20 156 402
4 278 100 383 122
4 394 175 424 105
4 200 205 211 142
4 388 119 143 35
4 124 284 95 270
4 462 21 411 304
4 95 481 442 398
4 258 393 169 272
4 84 313 162 382
4 355 53 287 354
4 259 141 240 306
4 97 344 211 17
4 277 29 254 373
4 333 500 338 276
4 427 149 247 418
4 285 161 376 9
4 52 417 413 145
4 128 261 256 182
4 273 434 4 156
4 198 102 244 334
4 422 164 181 64
4 331 277 71 199
4 379 140 29 447
4 133 43 146 291
4 336 142 72 242
4 148 82 421 280
4 257 5 110 168
4 380 241 377 222
4 273 269 138 175
4 70 407 210 164
4 347 235 4 294
4 232 227 324 357
4 266 118 255 259
4 330 29 274 245
4 332 247 124 162
4 24 143 333 188
4 228 303 406 155
4 88 30 493 33
4 165 203 298 95
3 116 53 408
4 282 33 242 485
4 374 392 347 146
4 258 384 431 346
4 178 323 179 172
4 18 140 299 428
4 439 327 383 330
4 420 340 401 169
4 191 444 59 260
4 201 465 254 51
4 483 299 148 288
2 82 355
4 50 120 319 128
4 180 48 312 484
4 464 41 244 306
4 323 216 110 39
4 273 80 16 42
4 221 457 364 115
4 196 128 125 497
4 36 98 497 345
4 68 129 226 219
4 447 116 119 364
4 301 346 500 150
4 232 468 119 251
4 224 289 118 84
4 148 320 436 267
4 399 448 279 48
4 413 408 166 256
4 253 212 329 117
4 346 493 266 22
4 248 61 464 403
4 362 283 151 347
4 123 75 169 402
4 464 216 118 75
4 386 148 446 143
4 99 162 136 129
4 283 244 255 48
4 105 409 96 94
4 391 193 304 123
4 12 127 482 277
4 382 108 65 74
4 218 240 468 62
4 339 201 135 418
4 128 198 66 266
4 4 382 12 275
4 29 483 462 145
4 264 195 107 278
4 270 108 352 248
4 330 459 10 232
4 208 70 276 411
4 263 419 432 299
4 261 40 8 81
4 122 356 373 213
4 14 452 41 478
4 57 329 38 6
4 456 98 495 497
4 102 65 394 228
4 257 442 244 250
4 94 29 37 238
4 353 430 137 249
4 195 64 23 169
4 472 178 424 321
4 324 443 75 249
4 394 244 458 181
4 406 468 421 51
4 311 125 82 9
4 428 141 11 26
4 21 57 165 440
4 141 282 18 178
4 487 72 101 181
4 183 37 32 84
4 419 375 359 69
4 7 133 380 372
4 205 258 300 173
4 4 409 41 401
4 191 410 432 323
4 407 449 41 247
4 408 173 6 42
4 56 385 387 92
4 336 50 430 404
4 494 471 197 252
4 342 117 397 445
4 151 245 192 458
4 57 257 295 273
4 227 337 261 180
4 51 447 216 113
4 213 305 45 39
4 263 81 393 396
4 372 103 386 495
4 284 264 151 230
4 258 349 425 221
4 130 270 15 205
4 239 229 335 402
4 350 379 211 298
4 167 289 58 190
4 274 484 270 47
4 293 124 180 258
4 338 62 263 459
4 342 7 45 250
4 319 281 426 394
4 499 155 76 17
4 204 241 146 105
4 149 237 176 338
4 334 240 122 109
4 301 341 31 133
4 420 464 454 194
4 302 131 99 404
4 118 260 311 303
4 208 276 174 118
4 208 212 359 218
4 49 369 453 390
4 425 38 307 245
4 117 102 366 204
3 226 17 292
4 194 363 341 218
4 13 421 243 101
4 324 144 231 110
4 145 245 414 481
4 295 123 85 265
4 64 289 231 71
4 88 186 499 6
4 356 103 80 473
4 103 129 154 454
4 275 299 308 96
4 234 269 451 215
4 497 35 333 43
4 30 304 57 46
4 442 332 210 322
4 174 407 315 348
4 224 458 254 388
4 25 133 483 114
4 166 482 139 111
4 452 159 133 315
3 27 139 174
4 318 319 469 352
4 246 494 143 357
4 461 220 250 201
4 242 432 202 328
4 170 25 307 418
4 448 161 469 123
4 357 70 326 374
4 285 443 414 151
4 37 44 120 52
4 116 141 169 109
4 57 377 128 274
4 110 487 488 202
4 370 307 315 64
4 309 434 67 402
4 337 97 250 7
4 246 274 26 282
4 169 219 397 423
4 28 229 285 27
4 343 286 134 160
4 319 67 438 185
4 334 436 155 317
4 129 302 314 478
4 461 329 429 216
4 143 250 21 259
4 417 296 446 238
4 156 443 293 153
4 362 226 141 318
4 408 237 489 157
4 398 347 496 313
4 187 335 441 229
4 302 170 392 238
4 218 329 90 426
4 360 351 407 13
4 353 48 362 9
4 268 301 290 478
4 326 180 21 499
4 375 92 58 404
4 306 491 371 349
4 413 243 341 289
4 201 17 362 205
4 452 432 434 325
4 238 249 160 298
4 148 210 498 184
4 158 178 17 76
4 454 267 37 436
4 443 374 345 217
4 209 417 315 469
4 120 353 303 449
4 278 263 174 83
4 48 362 19 129
4 241 478 37 349
4 212 284 198 246
4 362 379 101 438
4 445 293 284 277
4 194 355 54 150
4 218 409 25 32
4 34 319 73 204
4 314 130 423 368
4 106 421 36 143
4 328 8 254 301
4 478 59 307 160
4 461 310 467 359
4 211 418 23 476
4 256 235 409 215
4 43 169 319 15
4 496 78 77 471
4 221 48 269 144
4 66 472 364 453
4 339 68 104 376
4 46 495 27 472
4 360 100 153 268
4 140 234 111 87
4 246 91 292 181
4 144 382 57 104
4 177 181 370 42
4 59 198 9 481
4 287 325 142 323
4 405 97 226 490
4 139 241 321 171
4 372 434 495 389
4 361 157 241 61
4 30 457 350 249
4 60 329 412 150
4 197 377 10 113
4 223 164 208 147
4 408 25 413 41
4 55 90 202 37
4 22 314 129 40
4 432 206 23 269
4 177 480 267 348
4 440 396 68 67
4 238 495 178 82
4 448 199 245 488
4 197 221 334 64
4 42 341 131 258
4 225 353 142 127
4 324 338 447 230
4 159 393 206 385
4 372 207 159 17
4 361 294 443 54
4 112 226 349 198
4 457 110 155 406
4 428 281 215 498
4 434 231 375 20
4 436 484 228 157
4 335 381 245 312
4 149 93 114 421
4 129 96 43 380
4 364 273 124 167
4 444 482 153 184
3 50 158 165
4 97 189 260 59
4 140 236 445 255
4 206 67 438 342
4 71 97 154 307
4 333 475 200 205
4 222 49 212 23
4 154 462 381 73
4 290 281 126 349
4 131 461 267 480
4 228 79 162 466
4 282 39 257 427
4 478 87 183 77
4 31 82 206 109
4 271 122 332 299
4 473 424 7 482
4 38 428 91 12
4 130 328 348 296
4 461 382 8 155
4 264 135 283 344
4 434 299 156 122
4 286 468 56 142
4 433 93 201 161
4 378 314 375 3
4 403 98 492 45
4 107 247 33 242
4 27 66 196 168
4 161 160 489 191
4 313 307 411 86
4 386 275 276 394
4 351 238 27 185
4 185 329 430 413
4 399 125 397 45
4 75 416 18 330
4 128 151 186 299
4 172 329 462 181
4 419 94 347 37
4 413 323 159 44
4 77 403 124 260
4 130 2 229 136
3 19 426 469
4 312 166 142 244
4 429 491 358 457
4 243 250 374 318
4 7 50 415 176
4 190 84 196 54
4 158 491 69 295
4 170 98 239 339
4 74 210 101 108
4 303 121 80 47
4 369 272 345 81
4 437 39 98 41
4 208 150 60 48
4 127 277 448 87
4 144 384 498 307
4 445 330 194 473
4 493 371 317 182
4 357 334 343 168
4 369 70 167 322
4 164 227 484 300
4 412 486 329 2
4 417 18 51 238
4 277 291 152 281
4 57 64 464 325
4 447 137 81 52
4 435 73 311 331
4 338 444 209 391
4 138 216 321 366
4 7 322 56 38
4 417 98 303 277
4 128 19 31 186
4 470 117 142 416
4 83 294 207 165
4 308 309 193 446
4 429 392 281 206
4 485 454 134 371
4 165 398 86 173
4 280 30 260 157
4 466 13 66 169
4 42 401 181 357
4 47 127 303 134
4 436 215 135 104
4 187 176 244 464
4 149 171 349 170
4 71 277 403 432
4 83 285 500 174
4 425 148 460 30
3 453 217 211
4 453 394 490 126
4 319 65 439 401
4 495 194 227 423
4 136 407 60 277
4 383 477 311 446
4 301 89 489 202
4 445 181 376 270
4 101 86 442 366
4 133 39 70 165
4 208 280 227 310
4 312 46 16 116
4 217 481 269 317
4 382 497 27 425
4 64 125 147 350
4 176 400 305 321
4 64 286 27 245
4 441 338 209 180
4 378 306 33 319
4 130 231 287 32
4 105 54 125 465
4 46 384 284 293
4 396 27 175 460
4 156 242 408 122
4 60 122 334 367
4 189 336 226 484
4 129 355 444 101
4 268 4 9 269
4 309 32 412 29
4 204 133 31 387
4 388 159 9 145
4 295 175 74 473
4 163 189 439 297
4 441 272 187 395
4 4 463 301 175
4 460 55 221 394
4 345 16 490 386
4 365 322 339 118
4 339 448 49 322
4 262 69 147 75
4 45 173 425 407
4 385 250 3 7
4 167 184 20 414
4 495 121 386 207
4 436 346 254 480
4 445 230 318 295
4 377 437 238 362
4 14 183 246 416
4 42 488 370 463
4 24 376 119 5
4 85 125 316 262
4 226 346 186 19
4 432 228 242 407
4 360 310 235 84
4 350 386 283 404
4 378 34 35 338
4 293 196 14 206
4 439 366 29 90
4 60 25 341 193
4 143 141 26 161
4 233 83 21 29
4 262 166 369 287
4 288 487 462 407
4 235 247 108 18
4 282 165 113 101
4 2 378 479 279
4 372 305 458 338
4 156 355 62 88
4 430 275 399 354
4 486 49 56 416
4 460 52 366 494
4 241 289 461 99
4 343 226 175 484
4 229 458 138 98
4 155 45 7 68
4 300 473 1 184
4 194 15 377 399
4 254 373 496 42
4 119 369 346 245
4 117 99 420 401
4 363 443 337 392
4 83 285 426 42
4 387 326 416 349
4 157 360 190 444
4 378 382 212 254
4 489 436 495 238
4 362 188 412 360
4 75 487 271 302
4 39 148 143 43
4 93 61 153 447
4 101 405 497 5
4 367 49 72 25
4 259 340 284 444
4 252 327 279 211
4 90 438 265 471
4 493 121 336 497
4 340 124 16 236
4 68 196 339 146
4 276 169 420 342
4 482 261 150 234
4 131 233 226 303
4 249 418 488 174
4 45 89 118 299
4 475 209 227 162
4 443 318 330 334
4 435 101 304 287
4 8 234 353 480
4 409 356 282 199
4 410 334 462 211
4 214 380 372 356
4 242 225 336 165
4 297 476 279 481
4 325 308 201 414
4 482 135 82 354
4 411 398 214 127
4 169 255 6 423
4 46 203 78 291
4 403 213 184 358
4 135 285 396 362
4 186 158 206 226
4 77 205 230 419
4 392 279 90 46
4 34 140 111 391
4 285 129 390 349
4 49 222 368 430
4 232 477 402 478
4 426 484 435 142
4 120 297 451 471
4 472 9 388 443
4 103 29 124 478
4 106 297 66 286
4 449 130 372 132
4 314 134 154 350
4 296 410 285 198
4 353 211 444 495
4 311 381 408 118
4 207 357 118 208
4 86 431 288 339
4 200 103 324 415
4 376 71 496 455
4 300 422 332 237
4 230 247 313 213
4 183 434 43 390
4 1 89 481 228
4 446 23 201 326
4 160 12 374 91
4 351 339 2 223
4 10 9 142 161
4 85 444 108 63
4 272 293 162 86
4 235 319 209 153
4 100 487 60 308
4 323 261 462 250
3 419 15 164
3 449 347 354
4 3 378 25 408
3 496 446 307
3 237 370 453
3 392 191 169
3 415 479 420
3 314 149 93
3 289 104 324
3 174 200 177
4 489 385 114 399
3 7 381 121
3 66 256 119
3 18 304 154
3 168 211 182
3 33 252 436
3 158 20 93
3 359 334 235
3 284 359 299
3 345 342 177
3 39 169 121
3 246 163 43
3 224 220 295
3 398 108 68
3 105 21 257
3 499 42 272
3 7 463 167
3 392 89 400
3 319 353 22
3 335 227 373
3 378 73 187
3 473 326 69
3 283 23 356
3 60 394 109
3 325 304 424
3 470 164 174
3 255 32 297
3 222 138 237
3 476 192 324
3 441 347 6
3 271 121 473
3 423 49 83
3 203 498 222
3 448 358 181
3 497 51 162
3 340 218 331
3 164 195 440
3 330 337 87
3 278 132 152
3 453 123 264
3 33 316 378
4 169 465 15 139
3 234 29 155
3 142 20 428
3 248 167 225
3 358 223 214
3 153 362 379
3 134 340 445
3 143 454 492
3 78 379 437
3 394 293 395
3 465 44 144
3 45 435 235
3 495 8 200
3 450 114 20
3 311 342 1
3 321 467 354
3 141 316 234
3 384 205 436
3 242 443 205
3 119 6 215
3 452 192 215
3 194 211 351
3 432 401 369
3 243 136 381
3 364 405 278
3 312 459 271
3 309 305 168
2 442 369
2 59 356
2 315 314
2 242 295
2 438 149
2 213 180
4 282 97 38 290
3 90 58 68
3 28 172 361
3 107 404 191
3 372 169 491
3 147 292 254
3 395 124 298
3 249 452 471
3 133 496 51
3 265 86 33
3 66 429 432
3 194 414 60
4 422 215 320 50
3 337 121 160
4 29 441 448 483
4 437 287 84 154
3 435 466 500
3 215 77 352
3 126 22 275
3 172 445 48
3 318 182 461
3 319 46 390
4 449 492 211 384
3 286 376 483
3 4 127 379
3 269 72 70
3 300 17 284
3 91 136 331
3 390 349 488
3 433 243 30
3 58 225 360
3 393 310 484
4 295 354 314 109
3 342 293 471
3 476 69 34
3 363 371 461
4 484 426 182 146
3 488 243 310
3 346 219 366
4 10 323 61 53
3 150 407 377
3 351 365 246
3 490 447 174
3 147 467 448
3 362 154 363
3 458 14 293
3 160 460 459
3 389 68 142
3 446 397 135
4 226 484 198 14
3 219 172 421
3 173 415 284
3 32 456 114
3 65 296 405
4 124 131 163 188
4 52 200 432 53
4 28 314 43 277
4 278 340 201 238
4 70 83 311 460
4 143 43 34 75
4 331 51 289 38
4 213 167 29 235
4 487 162 190 62
4 173 185 47 468
4 278 461 359 333
4 225 449 382 475
4 271 134 310 326
3 316 296 469
4 342 109 236 353
4 323 80 201 226
4 46 269 285 448
4 54 493 429 454
4 487 1 167 135
4 150 88 271 35
4 325 340 114 16
4 8 124 142 5
4 479 211 25 346
3 300 358 404
3 41 58 35
3 231 279 81
3 387 77 180
3 44 390 464
3 161 376 424
3 344 432 32
3 206 447 219
3 150 319 223
3 48 498 158
4 66 8 391 21
3 144 186 386
3 46 476 127
3 82 353 474
3 424 150 228
3 483 187 309
3 102 178 323
3 229 438 333
3 482 90 195
3 369 39 87
3 180 157 443
3 38 449 183
3 379 459 498
4 51 4 413 434
3 452 470 191
3 104 440 455
3 142 135 155
3 285 293 401
3 228 463 292
3 452 229 73
3 450 148 270
3 22 258 418
5 371 444 475 212 126
5 208 79 230 338 405
5 60 264 172 371 151
5 135 380 156 333 149
5 224 334 204 328 14
5 393 56 113 22 442
5 411 244 35 321 422
5 244 131 265 221 384
5 25 134 419 218 144
5 147 415 296 416 183
5 332 287 415 343 160
5 183 280 8 70 9
5 499 401 250 45 181
5 410 441 58 145 268
5 79 167 343 94 416
5 311 298 316 153 286
5 149 350 303 384 98
5 147 466 327 223 24
5 300 365 261 210 63
5 86 142 21 60 259
5 342 313 144 209 76
5 182 204 267 320 122
5 379 298 484 295 499
5 318 375 266 213 489
5 158 161 119 68 418
5 400 348 86 311 298
5 435 374 365 37 239
5 225 111 198 133 303
5 104 81 24 490 233
5 39 324 376 270 445
5 409 402 300 470 284
5 373 301 253 35 36
5 400 111 113 42 260
5 63 113 54 209 64
5 490 214 95 81 396
5 403 112 205 493 469
5 170 406 80 50 316
5 423 75 392 302 7
5 159 355 440 49 1
5 500 86 447 322 409
5 87 377 340 380 331
5 237 87 463 256 408
5 70 152 257 429 220
5 400 184 325 466 149
5 419 429 406 333 141
5 53 441 276 50 269
5 190 378 137 487 274
5 329 150 80 185 338
5 53 109 49 86 240
5 356 486 202 322 61
5 126 42 417 488 21
5 466 491 186 86 77
5 346 469 345 313 424
4 447 79 155 308
5 329 13 370 480 482
5 251 71 334 119 473
5 158 439 264 2 255
5 180 454 481 405 333
5 220 214 188 462 494
5 230 196 253 112 116
5 336 156 6 385 411
5 487 437 127 316 24
5 383 402 467 390 323
5 262 499 360 427 168
5 100 346 111 137 485
5 243 426 153 251 406
5 419 134 157 98 146
5 458 457 98 81 218
5 348 489 253 425 409
5 341 192 435 280 154
5 248 217 315 78 194
5 293 366 10 224 144
5 288 460 113 458 164
5 287 314 187 468 171
5 267 73 401 113 266
5 148 360 200 317 75
5 348 65 487 347 26
5 446 499 353 498 10
5 289 242 104 257 319
5 435 478 269 356 139
5 172 10 388 95 162
5 133 322 312 12 36
5 54 260 321 431 496
5 415 136 137 287 305
5 438 377 119 93 500
5 87 69 237 128 340
5 241 260 301 342 265
5 270 418 279 18 245
5 229 326 112 291 170
5 333 361 278 459 102
5 33 92 301 264 299
5 402 486 20 434 266
5 18 281 8 3 74
5 249 131 74 196 117
5 412 129 431 315 134
5 101 213 468 467 217
5 5 99 241 54 36
5 394 499 40 6 160
5 121 490 233 113 317
5 471 205 237 56 121
5 422 13 184 485 10
5 336 97 487 54 120
5 245 349 34 331 21
5 447 197 184 57 470
5 287 236 86 424 215
5 55 205 12 210 20
5 344 133 74 55 233
5 30 21 302 71 431
5 455 398 238 165 103
5 80 47 152 338 302
5 101 365 288 329 24
5 109 142 255 481 235
5 22 287 344 291 113
5 168 302 115 66 356
5 86 239 72 352 447
5 316 228 462 12 75
5 38 320 226 160 473
5 372 162 242 107 158
5 173 458 259 163 113
5 36 233 252 298 177
5 16 393 344 113 459
5 70 377 163 189 259
5 381 252 277 178 376
5 348 80 109 207 390
5 182 394 424 437 291
5 46 154 172 363 216
5 175 138 204 250 76
4 115 492 164 392
5 252 92 87 36 500
5 100 239 435 190 250
5 92 192 148 251 131
5 206 391 385 408 429
5 329 97 401 17 443
5 39 209 336 170 19
5 12 474 378 292 14
5 223 108 399 294 76
4 346 246 224 473
4 131 420 435 207
5 489 137 153 198 36
5 116 495 112 228 230
5 255 22 396 148 35
5 382 65 485 10 215
5 15 305 93 212 55
5 118 430 133 184 317
5 156 180 321 195 232
5 192 3 176 483 278
5 431 233 220 479 147
5 102 208 153 145 135
5 16 154 216 237 482
5 80 413 288 143 204
5 201 453 242 146 454
5 127 446 226 399 47
5 54 244 221 166 216
5 369 357 383 340 213
5 440 317 277 258 330
5 331 108 344 411 412
5 162 248 493 66 44
5 117 183 137 265 246
5 239 14 359 361 47
5 451 191 271 279 291
5 382 291 355 437 175
5 179 363 376 26 485
5 453 299 130 146 259
5 229 239 475 289 59
5 401 103 454 481 258
5 149 31 465 154 367
5 409 358 414 24 449
5 438 20 354 428 247
5 274 194 324 44 179
5 421 144 293 233 79
5 382 63 335 61 495
4 131 195 112 473
5 443 78 360 75 120
5 225 448 309 210 119
5 435 124 369 67 278
5 248 156 24 491 379
5 125 149 251 341 395
5 331 389 153 406 316
5 493 449 30 136 89
5 449 243 456 118 227
5 3 219 8 299 297
5 52 36 257 18 345
5 174 49 146 407 373
5 421 497 154 223 303
5 373 380 356 469 270
5 126 44 21 423 34
5 37 468 241 42 61
5 401 80 382 167 12
5 49 444 316 367 216
5 76 339 334 35 351
5 465 310 455 286 88
5 325 142 27 322 33
5 486 288 202 78 147
5 240 53 432 92 245
5 364 202 340 36 311
5 45 481 466 58 107
5 291 64 104 37 78
5 365 426 41 268 440
5 266 57 239 257 14
5 199 190 43 298 213
5 301 470 167 79 377
5 356 202 405 408 50
5 470 148 184 265 385
5 490 346 115 345 240
5 431 184 139 147 485
5 59 261 268 400 108
5 6 433 420 197 249
5 342 313 59 100 52
5 478 484 87 248 306
5 477 84 231 336 196
5 352 345 304 489 407
5 392 455 45 355 121
5 172 368 12 3 228
5 24 290 433 229 126
5 319 59 207 306 426
5 80 16 49 365 398
4 463 464 26 449
5 199 298 307 340 96
5 292 52 131 265 306
5 254 397 272 457 32
5 75 302 499 249 287
5 36 39 178 345 376
5 317 429 154 311 435
5 256 478 18 303 395
5 144 147 32 189 372
5 214 130 275 392 219
5 260 146 469 27 290
5 423 266 100 129 212
5 161 305 4 279 85
5 59 375 66 85 191
5 60 190 15 468 210
5 96 87 115 177 282
4 460 117 400 53
5 23 413 352 164 246
5 413 379 156 138 276
5 348 75 18 61 495
5 321 438 236 44 424
5 143 388 61 162 339
5 120 173 80 13 255
5 80 350 204 413 12
5 338 394 457 407 214
5 367 207 128 88 185
5 471 199 167 377 204
5 403 487 198 493 22
5 214 309 130 247 5
5 96 350 114 106 305
4 332 204 359 193
5 336 251 177 348 248
4 9 355 288 393
5 367 54 123 496 47
5 26 243 218 320 302
5 79 308 33 118 472
5 322 134 36 30 353
5 419 263 104 304 490
5 284 45 293 264 432
5 224 333 380 78 440
5 413 208 70 380 377
5 490 2 31 247 305
5 205 26 214 188 291
5 40 367 317 32 358
5 351 212 217 56 328
5 181 435 106 356 139
4 95 91 400 242
5 442 226 291 186 198
5 408 241 386 462 453
5 137 287 160 339 315
5 180 288 227 414 140
5 77 253 104 97 81
5 238 85 247 309 161
5 183 173 165 174 161
4 69 343 243 103
5 267 181 105 314 401
5 481 425 149 431 448
4 211 69 335 50
5 146 149 311 98 202
5 54 275 362 57 36
5 192 106 428 282 90
5 259 108 63 493 18
5 181 52 275 317 72
5 375 214 288 479 90
5 45 392 284 399 223
5 12 269 360 292 264
5 121 457 123 79 205
5 332 72 406 252 260
5 226 249 362 184 197
5 54 30 434 390 427
5 419 191 322 413 143
5 94 364 121 428 111
4 228 149 341 99
5 195 62 471 174 340
5 25 44 152 436 412
5 274 307 65 83 275
4 301 3 471 397
5 421 300 375 492 186
5 378 61 304 78 124
5 173 109 413 223 406
5 97 104 20 114 348
5 321 369 478 319 31
5 114 300 325 327 261
5 55 183 498 144 76
5 229 472 10 489 34
5 252 458 132 324 19
5 200 220 4 175 314
5 284 177 246 127 470
5 56 25 182 327 275
5 33 359 402 461 246
5 239 453 305 76 190
5 252 151 89 43 136
5 480 378 340 304 412
4 255 359 207 467
5 447 391 450 133 384
5 286 494 145 81 272
5 479 7 365 477 476
5 328 445 409 484 43
5 55 58 226 374 129
5 379 499 220 18 321
5 374 241 190 403 141
5 323 147 191 112 35
5 486 91 393 344 345
5 229 280 67 479 321
5 271 415 479 176 360
5 173 98 425 106 191
5 298 184 247 258 393
5 438 223 185 236 484
5 78 373 342 98 126
5 233 226 403 244 490
5 249 311 394 255 6
5 249 49 497 175 301
4 282 75 412 38
5 330 292 15 411 369
5 113 58 49 1 232
5 26 429 252 131 297
5 268 179 113 274 151
5 365 245 258 268 7
5 368 406 51 257 295
5 11 418 393 63 208
5 182 456 368 491 423
5 128 166 89 136 446
5 367 143 390 369 268
5 339 163 85 324 334
5 495 307 18 418 456
5 457 366 115 375 290
4 156 295 61 248
5 233 301 158 54 193
5 2 474 447 407 86
5 430 34 478 279 18
5 425 101 401 261 468
5 136 5 472 204 352
5 496 320 298 42 423
5 126 167 334 311 158
5 61 220 137 160 323
5 200 409 179 120 221
5 109 361 255 163 169
5 458 202 219 414 82
4 338 240 10 333
5 446 31 298 337 11
5 409 482 138 253 286
5 353 192 103 276 396
4 12 416 100 345
5 477 55 472 75 76
5 65 254 68 70 89
5 285 260 219 392 204
5 222 127 61 453 375
5 93 246 189 105 73
5 277 310 235 106 347
5 54 254 190 160 187
5 14 360 193 492 245
5 395 499 121 2 68
5 18 196 396 365 48
5 351 360 330 291 135
5 440 148 236 26 175
5 321 460 415 260 457
5 205 362 129 296 329
5 386 240 495 268 499
3 256 311 463
5 94 318 88 84 467
5 71 38 129 249 474
5 495 27 489 145 337
5 449 369 144 345 110
5 461 477 179 436 83
5 278 391 368 319 62
5 334 77 44 276 81
5 235 226 308 123 403
5 72 242 403 216 205
5 367 153 286 141 242
5 132 62 274 382 441
5 208 429 402 392 221
5 434 338 405 272 443
5 457 254 54 221 74
5 49 59 93 481 445
5 368 85 103 136 126
5 6 156 479 70 189
5 373 203 200 316 297
5 121 80 489 51 202
5 158 22 232 383 199
5 433 208 428 320 94
5 256 56 182 373 148
5 363 262 56 315 442
5 446 485 364 214 494
5 202 80 456 410 78
5 418 281 313 296 230
5 95 40 186 291 265
5 489 274 344 117 382
5 452 47 487 479 496
5 284 73 392 458 197
5 390 331 467 215 196
5 115 66 430 118 427
5 307 437 104 294 364
5 102 332 145 42 303
5 279 117 485 31 183
5 323 383 234 100 398
5 414 123 19 17 372
5 34 251 132 153 282
5 182 359 154 256 103
5 479 375 141 102 331
5 380 333 357 85 335
5 23 289 500 123 31
5 53 354 118 436 226
5 470 258 494 214 151
5 36 137 378 167 377
5 136 259 161 37 365
5 377 466 192 337 227
5 171 124 53 164 167
5 249 491 414 152 358
5 368 273 98 420 149
5 465 399 31 367 439
5 393 3 159 53 1
5 48 53 484 499 482
5 223 36 497 466 272
5 140 409 95 65 113
5 425 261 82 491 83
5 59 82 222 379 426
5 246 468 440 424 335
5 117 114 480 23 477
5 374 2 491 456 90
5 188 390 102 453 408
5 73 108 443 62 326
5 293 273 80 378 3
5 192 122 74 304 57
5 400 236 485 14 417
5 68 134 161 315 199
5 256 232 272 158 382
5 350 233 180 193 43
5 122 328 129 190 425
5 472 339 59 260 425
5 236 339 263 387 71
5 55 481 235 429 103
5 70 476 337 431 481
5 291 351 9 240 488
5 101 170 109 468 91
5 99 400 184 177 401
5 234 362 20 43 462
5 76 171 151 253 410
5 344 197 111 448 188
5 388 443 420 252 276
5 119 85 80 226 368
5 176 95 309 139 262
5 398 67 392 430 285
5 75 410 461 174 332
5 447 391 89 25 306
5 274 16 65 97 169
5 441 413 253 260 219
5 395 462 341 161 264
5 14 236 488 374 71
5 310 90 93 269 479
5 30 15 63 221 361
5 274 397 224 148 200
5 366 246 263 24 365
5 58 216 39 207 451
5 282 345 356 410 122
5 33 326 138 294 15
5 238 281 18 157 455
5 395 29 9 314 388
5 359 252 323 48 404
5 411 186 172 17 454
5 467 303 334 409 491
5 189 163 113 313 209
5 89 98 43 208 118
5 86 39 3 363 173
5 364 386 480 96 299
5 474 186 360 120 404
5 423 62 162 376 21
5 198 348 362 231 223
5 468 46 453 147 233
5 29 11 101 302 9
5 484 238 106 333 219
5 365 400 80 451 203
5 472 205 286 1 124
5 109 77 78 268 418
5 366 17 350 424 45
5 401 458 404 360 427
5 488 466 63 490 58
5 73 368 273 455 391
5 155 76 110 243 176
5 283 335 25 295 259
5 312 135 322 298 448
5 45 299 87 69 269
5 22 288 34 203 132
5 337 1 184 333 207
5 323 68 248 7 42
5 375 446 423 182 21
5 312 471 408 356 267
5 328 465 432 128 450
5 483 329 299 3 296
5 180 450 275 277 480
5 231 29 176 185 134
5 493 429 79 314 208
5 204 370 293 175 200
5 290 186 285 312 454
5 190 50 330 122 328
5 416 188 232 475 363
5 392 333 418 275 250
5 433 208 191 118 237
5 362 115 360 460 492
5 79 145 9 417 213
5 185 393 328 308 100
5 248 139 189 452 343
5 243 308 62 89 43
5 166 9 130 233 64
5 311 487 359 381 479
5 400 98 4 457 456
5 401 256 203 17 397
5 416 301 189 479 12
5 450 390 472 349 393
4 498 494 348 140
5 258 14 47 481 442
5 163 110 256 89 11
5 53 420 322 132 348
5 337 125 202 166 422
5 58 453 127 448 427
5 46 455 453 263 236
5 306 263 149 141 98
5 194 250 436 132 9
5 258 193 94 223 420
5 75 63 458 115 193
5 143 50 67 141 401
5 388 92 178 172 343
5 151 254 32 480 370
5 189 345 206 467 139
4 117 90 333 327
5 163 460 49 166 17
5 52 239 65 251 83
5 484 263 167 490 156
5 164 306 381 70 327
5 488 56 468 221 135
5 43 320 84 432 414
5 11 186 452 196 421
5 178 57 416 364 112
5 179 262 88 104 46
5 384 298 84 421 340
5 270 500 403 177 224
5 40 303 107 43 185
5 316 170 444 285 487
5 82 462 450 480 411
5 303 395 417 270 15
5 114 146 164 35 398
5 214 435 488 356 293
5 285 192 364 350 37
5 277 468 35 320 219
5 438 291 17 283 185
5 283 316 417 439 357
5 323 129 192 472 205
5 111 36 203 162 283
5 460 415 66 27 179
5 494 310 140 130 285
5 477 2 305 15 96
5 417 348 470 357 67
5 354 381 252 220 432
5 39 88 253 483 3
4 52 439 159 381
5 465 267 169 103 216
5 82 162 482 231 455
5 148 109 405 8 64
5 176 360 271 339 242
5 251 469 370 13 32
5 426 481 442 417 42
5 423 387 448 33 133
5 322 99 44 206 426
5 234 100 105 290 275
5 263 473 429 252 94
5 496 462 202 484 426
5 80 267 41 418 426
5 113 228 11 351 65
5 55 429 25 259 327
5 53 394 177 121 66
5 478 436 295 487 279
5 408 376 405 203 21
5 214 308 180 191 403
5 174 181 399 332 52
5 422 369 362 144 311
5 221 326 498 315 203
5 392 188 462 83 316
5 243 34 314 22 155
5 88 345 348 225 297
5 100 435 282 431 381
5 250 2 151 157 104
4 169 391 450 335
5 457 127 470 168 79
5 72 276 67 231 141
5 365 163 196 112 457
5 141 40 465 184 442
5 81 396 58 195 150
5 477 424 354 388 241
5 313 64 362 178 57
5 99 311 158 193 260
5 407 348 429 215 278
5 193 15 270 482 335
5 52 62 402 135 81
5 492 18 384 500 68
5 346 343 308 69 147
5 286 163 395 167 301
5 278 257 220 253 184
5 483 426 48 237 481
5 190 478 300 443 59
5 434 436 264 352 293
5 421 306 313 155 69
5 375 475 58 417 72
4 154 438 209 230
4 150 213 159 365
5 305 93 78 218 281
5 115 41 10 356 65
4 392 387 251 368
5 5 147 336 24 185
5 129 54 97 310 125
5 490 295 413 16 94
5 58 137 275 267 334
5 435 433 104 374 168
5 199 346 347 5 265
4 242 424 19 236
5 399 102 91 39 478
5 83 165 12 284 133
4 293 297 129 264
5 187 304 124 280 243
5 444 374 465 104 215
5 454 186 255 77 418
5 264 183 9 240 443
5 488 329 288 383 262
4 137 140 221 427
5 80 411 226 323 240
5 192 216 446 207 485
5 69 122 488 50 495
5 145 326 294 163 199
5 173 400 438 107 184
5 285 13 289 64 37
5 36 252 482 322 111
5 18 463 23 115 290
5 361 375 346 448 119
5 395 198 314 91 489
5 138 277 493 377 326
5 188 462 46 475 288
5 151 298 7 453 384
5 199 163 256 321 379
5 119 430 318 86 312
5 378 285 446 13 223
5 418 353 119 110 195
5 271 172 197 426 216
5 381 198 313 286 69
5 263 259 303 486 450
5 146 262 266 423 331
5 429 384 88 71 354
5 297 495 129 123 442
5 231 461 225 482 235
5 406 276 109 284 80
5 286 191 262 353 194
5 126 477 40 352 437
5 67 292 296 74 85
5 111 330 44 37 364
5 206 440 264 380 432
5 191 266 424 180 350
5 387 332 361 498 325
5 275 392 66 105 73
5 172 82 482 386 148
5 373 488 252 115 342
5 387 162 82 269 237
5 95 436 140 200 257
5 479 168 346 376 140
5 64 350 332 245 481
5 14 106 378 273 233
5 386 381 70 478 356
5 451 359 82 204 414
5 161 44 170 155 87
5 179 23 326 101 170
5 446 438 124 107 223
5 271 311 241 308 281
5 492 389 165 227 253
5 446 13 236 140 347
5 453 99 449 472 8
5 2 47 374 496 123
5 190 110 59 374 171
5 211 203 353 164 390
5 245 86 236 273 363
5 27 461 17 215 325
5 214 241 11 388 427
5 66 350 77 27 266
5 454 439 16 26 102
5 134 104 336 353 98
5 474 353 485 137 100
5 471 190 312 214 402
5 135 401 283 122 261
5 53 489 255 421 361
5 499 466 326 227 102
5 312 441 258 180 290
5 180 265 33 264 341
5 217 262 458 315 389
5 36 30 417 473 227
5 463 209 262 355 199
5 397 387 234 398 66
5 258 173 422 311 459
5 300 247 325 146 235
5 117 40 491 273 263
5 195 409 286 314 398
5 338 297 500 206 300
5 393 218 332 461 215
5 196 183 195 234 72
5 11 458 100 377 19
5 247 267 47 85 218
5 143 104 141 465 249
5 362 437 13 24 20
5 176 231 8 453 223
5 54 92 262 176 159
5 172 467 499 2 100
5 247 33 48 175 64
5 441 111 397 179 371
5 105 290 422 289 275
5 405 471 140 153 444
5 140 76 463 55 290
4 376 480 479 103
5 2 104 459 65 348
5 266 212 133 110 459
5 137 109 313 34 424
5 367 98 130 31 103
5 413 460 471 213 164
5 212 184 104 365 460
5 237 395 491 197 462
4 10 483 259 157
5 419 494 393 28 459
5 46 306 491 309 52
4 429 56 306 278
5 193 305 8 213 430
5 249 102 204 394 66
5 438 254 90 38 430
4 421 104 398 258
5 370 431 337 196 177
5 208 385 27 330 380
5 201 376 174 133 58
5 99 175 220 322 370
5 2 324 313 357 73
5 415 329 373 335 296
5 231 434 250 307 468
5 433 55 102 37 374
5 370 204 381 122 171
5 14 29 233 294 46
5 360 227 291 375 359
4 227 459 372 28
4 214 161 225 295
5 74 98 375 270 426
5 266 182 17 475 112
5 468 107 59 130 453
5 123 475 448 235 19
5 195 371 417 497 356
5 90 255 225 198 224
5 334 244 221 304 378
5 139 95 127 251 51
5 267 93 15 499 263
5 373 60 422 166 154
5 391 475 125 52 292
5 184 231 28 133 187
5 190 213 132 239 285
5 99 267 343 307 92
5 196 420 472 202 309
5 30 114 49 292 14
5 374 401 59 39 421
5 170 375 151 116 155
5 237 23 412 240 262
5 319 209 279 481 309
5 22 46 243 338 308
5 409 171 59 341 468
5 225 456 408 92 335
5 78 230 418 275 302
5 115 493 209 107 280
5 310 336 227 97 111
5 74 428 99 105 299
5 101 94 262 264 121
5 374 92 375 247 336
5 135 139 102 60 61
5 48 296 243 343 413
5 21 320 456 402 281
5 214 215 309 461 209
5 443 28 318 497 170
5 106 120 309 258 401
5 88 493 463 115 326
5 246 464 431 186 492
5 466 430 227 390 203
5 302 172 202 301 240
5 398 480 482 281 78
5 143 148 187 354 91
5 126 260 389 253 219
5 374 17 392 166 226
5 317 28 175 382 73
5 177 459 86 251 55
5 476 31 383 490 199
5 251 105 395 240 187
5 360 193 442 8 351
5 340 40 480 417 386
5 465 274 196 264 268
5 171 250 231 207 404
5 205 301 480 276 311
5 249 440 236 97 248
5 47 437 382 267 191
5 39 288 479 36 178
5 371 152 192 380 285
5 26 15 147 268 202
5 152 44 163 85 240
5 395 314 208 344 294
5 308 201 306 395 177
5 493 75 18 441 222
5 130 39 214 270 11
4 17 441 150 450
5 441 221 253 410 97
5 165 455 463 102 500
5 254 257 4 455 344
5 462 120 453 200 49
5 32 467 100 222 213
5 444 150 488 424 17
5 101 328 217 216 351
5 450 1 179 349 150
5 481 45 174 195 234
5 223 30 451 464 365
5 43 299 148 92 359
5 202 475 434 402 467
5 239 442 105 51 414
5 462 138 168 389 399
5 90 189 375 56 343
5 455 362 438 43 138
5 292 14 35 78 131
5 272 90 312 412 322
5 423 354 491 244 194
5 165 470 127 130 106
4 190 386 280 491
5 354 291 226 438 192
5 128 31 367 123 291
5 439 187 420 258 148
5 361 47 63 459 201
5 449 213 385 95 402
5 244 422 56 431 450
5 489 499 214 446 179
5 292 360 317 285 129
5 283 362 178 295 472
5 221 165 324 118 428
5 42 101 438 254 408
5 486 450 248 153 232
5 220 387 152 41 398
5 202 251 107 196 456
5 297 218 216 143 221
5 157 419 142 488 450
5 455 437 474 114 149
5 253 154 426 464 216
5 79 489 455 33 144
5 218 496 47 14 78
5 458 193 319 272 347
5 237 466 185 262 58
5 459 275 165 410 383
5 467 419 237 192 468
5 37 161 399 278 415
5 184 337 414 226 254
5 323 196 126 195 371
5 400 364 387 259 437
5 271 407 410 429 103
5 476 228 280 368 454
5 279 319 481 137 91
5 386 468 406 320 135
5 128 57 104 314 207
5 153 293 428 306 364
5 126 107 284 7 248
5 283 255 349 452 270
5 83 374 226 291 351
5 108 46 289 160 392
5 384 375 417 328 234
5 336 441 49 172 97
5 387 424 175 427 328
5 94 328 331 129 308
5 152 185 103 126 85
5 2 172 44 395 439
5 372 140 421 258 144
5 4 238 106 270 280
5 490 348 435 126 213
5 422 489 306 421 60
5 109 116 176 309 305
5 212 34 410 256 17
5 251 285 5 249 149
5 274 187 27 414 82
5 379 19 85 324 80
5 182 60 489 499 45
5 97 94 142 352 420
5 120 112 411 196 28
5 372 336 449 156 242
5 352 47 206 397 275
5 42 265 95 288 221
5 309 310 380 118 305
5 376 380 326 385 277
5 209 95 94 385 263
5 266 17 342 318 299
5 349 199 7 111 104
5 373 152 475 412 317
5 190 283 295 298 118
5 312 297 212 295 156
5 482 270 410 349 114
5 427 38 395 500 276
5 199 232 383 12 6
5 51 128 479 462 132
5 230 296 453 137 329
5 355 404 393 459 373
5 161 240 159 180 160
5 105 370 49 428 402
5 310 161 184 309 466
5 87 177 430 201 170
5 402 264 11 365 341
5 242 115 125 75 410
5 479 364 403 368 416
5 341 15 257 47 481
5 358 283 380 422 357
5 455 401 259 449 129
5 188 23 137 326 475
5 248 486 107 210 91
5 419 343 132 267 486
5 179 153 28 326 44
5 113 287 85 375 486
5 414 344 22 491 358
5 335 94 182 308 317
5 343 291 237 122 368
5 68 189 179 457 42
5 128 421 172 302 363
5 43 470 456 483 98
5 140 205 28 248 345
5 40 399 82 284 443
5 28 296 53 399 47
5 10 478 351 323 259
5 72 268 93 262 332
5 203 405 52 423 426
5 95 111 221 361 381
5 29 142 205 402 75
5 163 113 188 111 74
5 212 30 19 490 71
5 311 487 473 190 30
5 174 376 225 58 411
5 299 333 91 21 52
5 176 435 424 383 458
5 266 72 107 500 10
5 257 166 220 451 223
5 223 81 30 54 302
5 458 212 254 263 273
5 453 126 361 90 103
5 13 147 164 154 196
5 309 67 291 247 64
5 46 3 151 146 7
5 196 332 145 272 460
5 418 383 412 459 110
5 400 100 279 211 45
5 457 3 139 471 164
5 219 222 132 441 81
5 414 253 169 409 138
5 349 188 26 199 316
5 95 399 89 240 391
5 476 89 199 11 138
5 89 245 197 236 332
5 449 125 82 297 442
5 253 368 155 138 477
5 469 224 177 295 401
5 481 116 48 24 252
5 132 176 454 258 285
5 235 196 283 370 357
5 148 476 37 425 94
5 261 224 150 177 55
5 34 21 272 26 291
5 230 359 52 273 137
5 397 149 244 401 337
5 187 350 21 303 383
5 291 498 325 442 51
5 257 278 301 122 21
5 161 76 79 485 133
5 149 246 492 320 431
5 481 366 70 485 250
5 379 359 315 187 156
5 400 293 147 264 67
5 69 344 280 319 67
5 89 243 220 301 253
5 451 89 491 198 215
5 339 76 271 20 435
5 105 204 176 498 32
5 32 380 476 425 7
5 384 176 496 373 24
5 3 466 83 85 205
5 152 162 241 13 434
5 88 179 46 79 361
5 460 211 370 22 344
5 500 416 119 167 282
5 491 136 396 235 463
5 1 94 129 198 419
5 490 445 215 236 89
5 76 309 470 483 184
5 374 44 394 261 376
5 214 308 103 106 337
5 244 430 52 378 146
5 308 365 124 294 89
5 195 321 238 132 382
5 399 468 178 82 89
5 412 154 456 271 410
5 417 230 400 367 77
5 325 151 404 453 426
5 40 103 85 386 263
5 271 456 322 101 76
5 350 364 333 105 64
5 262 37 188 121 248
5 110 133 428 487 296
5 437 134 129 315 299
5 374 358 384 210 176
5 50 117 101 163 120
5 200 406 302 297 389
5 23 246 233 179 303
5 114 463 256 164 480
5 412 340 57 331 377
5 253 162 410 188 61
5 143 178 424 278 174
5 76 273 320 151 170
5 287 115 37 3 402
5 322 77 315 242 141
5 154 328 255 34 32
5 250 36 366 391 373
5 336 121 489 134 261
5 223 403 78 155 496
5 28 171 393 221 279
5 178 152 141 211 429
5 471 499 83 410 270
5 395 216 173 205 381
5 230 229 288 492 73
4 472 24 160 316
5 4 456 92 430 359
5 458 284 409 72 467
5 323 476 179 42 326
5 387 82 162 61 282
5 41 438 350 145 27
5 335 329 65 377 394
5 443 150 252 37 319
5 354 418 110 484 485
5 350 473 300 424 38
5 190 137 188 124 400
5 93 78 371 91 486
5 475 419 218 270 374
5 170 50 141 300 487
5 98 310 202 264 255
5 207 384 139 430 185
4 427 316 258 450
5 466 210 363 361 351
5 296 238 241 85 235
5 475 219 356 220 267
5 156 303 415 384 190
5 451 145 223 453 325
5 421 186 143 11 27
5 18 156 281 448 89
5 348 18 415 27 74
5 106 141 428 347 230
5 343 418 443 296 285
5 472 223 46 30 136
5 355 113 58 38 475
5 294 465 90 283 349
5 156 409 110 92 398
4 243 137 439 468
5 273 293 133 431 268
4 380 216 208 120
5 110 354 482 474 349
5 396 184 195 481 118
5 185 62 143 486 354
5 53 354 475 470 212
4 293 204 286 84
5 191 229 321 2 203
5 54 212 341 131 409
5 402 147 480 346 224
5 183 150 487 355 13
5 168 272 435 458 16
5 320 327 68 102 302
5 468 307 187 411 35
5 206 114 199 132 454
5 50 88 115 95 280
5 62 201 418 23 218
5 132 267 122 50 316
5 354 1 79 36 457
5 104 99 175 60 387
5 490 476 329 165 57
4 455 356 56 425
5 204 63 47 381 255
5 192 302 207 172 216
5 321 439 424 31 417
4 187 156 89 435
5 71 151 157 193 150
5 77 105 73 93 283
5 79 36 312 202 320
5 3 4 55 170 459
5 355 25 409 47 479
5 196 211 287 306 87
5 480 438 223 267 147
5 496 3 101 7 484
5 396 35 357 340 272
5 470 193 26 179 291
5 121 387 313 362 198
5 130 147 363 15 442
5 357 233 160 108 182
5 329 479 317 312 90
5 413 230 4 174 434
5 226 323 113 232 112
5 94 291 433 17 82
4 37 339 343 194
5 94 1 238 168 392
5 479 18 246 60 450
4 491 24 11 472
5 28 294 281 102 327
5 317 410 145 199 163
5 476 7 89 181 153
4 285 249 356 494
5 488 376 179 374 484
5 209 489 224 14 463
5 13 487 298 286 223
4 50 214 409 393
5 431 186 57 412 209
5 388 122 425 237 92
5 244 62 319 131 458
5 399 1 341 94 134
5 226 350 181 97 369
5 240 38 151 86 430
5 457 272 225 219 497
5 461 474 83 321 326
5 305 380 81 370 253
5 462 320 30 471 128
5 224 366 254 235 411
5 46 159 22 476 240
5 221 452 486 143 5
5 239 231 482 363 43
5 282 191 30 82 311
5 147 40 418 343 299
5 292 429 427 411 207
5 258 294 60 260 337
5 47 58 295 173 388
5 9 45 123 197 412
5 223 24 111 470 193
5 95 125 346 460 46
5 463 94 317 308 16
5 187 189 115 299 53
5 265 13 446 2 217
5 315 444 482 457 121
5 363 231 256 212 218
5 385 478 56 295 491
5 235 300 487 277 53
5 4 175 323 230 396
5 186 253 356 33 486
5 106 134 485 214 258
5 46 16 88 233 450
5 400 278 86 236 456
5 477 219 83 244 34
5 182 291 141 320 271
5 340 284 212 35 443
4 41 335 494 10
4 384 361 386 71
4 417 408 117 428
4 305 22 396 209
4 481 260 486 55
4 386 138 423 492
4 240 237 390 483
4 471 112 324 182
4 253 154 487 1
4 428 216 1 208
4 240 342 248 9
4 197 338 379 134
4 15 215 376 46
4 406 27 7 203
4 177 391 261 281
4 302 377 262 29
4 468 419 25 250
4 30 15 89 448
4 43 401 360 292
4 91 65 336 97
4 243 8 64 155
4 88 180 72 475
4 64 143 334 165
5 161 449 35 335 382
4 75 109 114 307
4 44 155 458 412
4 314 12 196 83
4 104 92 80 336
4 406 411 463 174
4 431 138 249 251
4 327 482 96 261
4 265 318 22 246
4 255 264 91 354
4 280 77 357 203
4 404 134 70 306
4 140 348 195 102
4 152 166 144 455
4 395 165 218 115
4 500 94 383 121
4 157 246 104 373
4 236 406 307 478
4 14 12 360 347
4 282 17 16 244
4 109 114 397 361
3 159 73 485
4 318 256 381 276
4 351 56 233 450
4 27 138 270 43
5 307 364 426 150 100
4 53 462 105 287
4 470 388 233 265
4 365 498 263 55
4 16 11 477 479
4 193 156 231 418
4 12 83 418 112
4 407 425 225 302
4 242 179 361 435
4 468 420 409 414
4 17 438 101 72
4 302 5 286 186
4 84 215 382 426
4 350 365 301 122
4 254 417 272 283
4 389 455 290 465
4 262 259 92 394
4 335 68 185 89
4 193 29 272 293
4 480 275 89 110
4 123 19 216 338
4 375 127 113 89
4 252 406 172 499
4 114 38 474 213
4 68 231 77 477
3 254 102 454
4 355 398 440 357
4 440 462 278 63
4 228 314 387 398
4 60 209 294 258
4 121 42 175 84
4 162 428 61 105
4 407 332 189 221
4 279 427 146 4
4 173 192 280 275
4 381 75 404 400
4 494 457 185 335
4 430 462 67 451
5 101 393 444 448 328
4 73 51 104 291
4 114 130 68 363
4 385 399 181 72
4 391 486 246 202
4 491 301 431 414
4 253 318 193 467
4 169 27 397 350
4 137 25 27 273
3 387 468 210
4 30 164 433 179
4 210 309 139 334
4 170 326 419 416
4 423 450 412 405
4 368 133 454 228
5 348 336 140 279 494
4 142 74 254 430
4 235 461 121 315
4 58 127 67 321
4 5 133 245 36
4 472 465 267 31
4 234 365 307 384
4 104 399 15 6
5 395 208 488 115 474
4 429 54 451 236
4 188 338 480 463
4 82 83 439 433
4 484 176 156 219
4 233 329 479 449
4 229 93 87 80
4 450 63 180 406
4 285 78 17 462
4 349 418 144 420
4 473 91 321 472
4 14 71 111 150
4 93 327 296 338
4 399 201 322 212
4 83 320 22 218
4 69 346 357 244
5 280 131 231 31 207
4 419 380 285 24
4 116 170 373 474
4 282 34 493 96
4 424 25 274 256
4 317 492 474 40
5 400 454 98 456 116
4 55 68 449 64
4 314 265 235 448
4 299 97 211 147
4 367 31 465 466
4 353 334 356 19
5 399 145 272 485 284
4 268 468 37 214
4 393 218 205 183
4 192 393 34 156
5 450 100 377 91 400
5 324 315 242 80 203
5 274 65 224 126 387
4 459 406 312 493
5 39 208 376 374 57
5 121 239 52 413 317
5 3 240 431 40 186
5 400 76 322 337 397
5 431 194 396 446 217
5 254 272 303 82 178
5 47 160 146 316 79
5 261 373 40 174 23
5 404 499 134 295 271
5 431 342 439 302 339
5 21 30 494 306 7
5 374 353 62 444 366
5 395 195 452 393 208
5 354 61 120 168 388
5 478 41 475 202 18
5 29 213 385 277 143
5 148 328 117 381 112
5 56 64 96 443 53
5 176 77 371 109 213
5 414 481 346 331 301
4 26 460 255 332
5 261 34 137 369 245
5 86 241 106 459 411
5 55 196 465 328 476
4 205 488 142 296
5 438 120 16 381 459
5 456 452 157 228 431
5 6 235 291 40 136
5 252 78 103 233 359
5 459 1 457 263 292
5 281 424 274 318 250
5 222 117 455 286 50
5 237 347 332 197 292
5 263 304 296 50 327
5 109 217 206 6 127
5 105 62 70 48 373
5 416 42 242 58 55
5 479 178 90 279 117
5 14 355 459 472 1
4 252 256 34 57
5 158 351 177 286 59
5 172 5 342 316 65
4 302 415 6 257
5 399 174 407 367 23
5 318 476 228 343 79
5 259 181 141 364 153
5 390 286 172 215 301
5 31 369 75 499 179
5 337 76 157 24 28
5 162 329 471 166 128
5 326 3 1 487 461
5 142 55 441 57 425
5 65 117 192 282 251
4 450 196 82 403
5 211 45 242 88 400
5 387 27 239 11 14
5 131 292 492 245 54
5 220 228 420 219 407
5 472 174 107 169 489
5 210 53 189 65 115
5 361 480 76 455 157
4 75 171 481 12
5 335 214 200 37 45
5 495 83 311 112 276
5 419 325 171 1 414
5 276 256 192 89 282
5 483 61 139 444 136
5 395 119 195 85 318
5 35 271 189 22 281
5 381 50 23 286 4
5 71 65 224 272 403
5 279 426 84 362 433
4 88 50 425 128
4 475 57 329 328
5 333 141 442 35 50
4 88 185 326 276
4 304 477 356 11
4 400 382 256 91
4 337 146 431 267
5 223 87 230 108 96
5 258 385 427 411 368
5 278 53 450 232 131
4 415 273 171 475
4 215 52 295 257
4 412 325 273 455
5 273 91 76 454 101
4 175 125 230 313
4 128 446 206 329
4 429 380 151 310
4 95 55 212 340
4 497 348 130 422
4 447 316 377 444
4 123 246 143 146
5 203 202 420 280 107
4 461 58 211 406
4 233 415 488 396
4 51 267 103 341
4 20 442 483 438
4 20 469 72 473
4 280 297 83 22
4 197 186 437 421
4 281 430 237 115
4 361 316 421 200
4 384 83 18 213
5 191 296 217 7 56
4 476 152 108 116
5 39 281 18 402 480
4 118 84 219 309
5 141 7 83 290 65
4 250 460 396 458
4 58 95 242 239
4 246 245 261 203
4 166 22 132 104
4 305 225 185 2
4 76 292 74 126
5 494 440 275 48 229
5 460 95 288 217 449
4 462 288 227 182
5 35 94 101 219 379
5 86 306 124 155 138
5 431 72 491 70 422
5 410 117 75 495 222
5 483 382 259 393 215
5 406 289 155 44 284
5 489 266 290 203 253
5 49 283 107 74 496
4 92 344 142 32
4 10 499 241 75
4 368 145 235 411
4 440 98 208 170
4 302 449 286 392
4 230 90 260 236
4 114 337 340 239
4 329 268 437 38
4 120 101 355 119
4 307 100 458 418
4 52 475 400 81
4 63 362 47 492
4 88 202 364 122
5 77 86 109 221 4
4 271 77 107 223
5 50 286 224 5 330
5 243 341 193 290 1
4 327 493 44 170
4 214 343 385 171
4 101 354 24 168
4 162 389 69 198
4 144 494 314 48
4 168 182 99 227
4 49 128 114 447
4 181 368 300 278
4 125 391 397 277
4 465 290 247 103
4 340 106 261 427
4 223 138 474 143
5 49 66 179 346 371
4 403 305 239 23
5 233 193 61 309 157
4 164 122 59 390
4 475 296 194 286
4 80 445 144 261
5 295 257 380 396 184
4 417 24 111 67
4 269 190 350 305
5 293 264 123 378 290
4 404 70 377 203
4 274 443 70 100
4 19 212 126 214
3 292 465 441
4 444 439 343 416
4 415 195 235 150
4 378 35 348 233
4 447 11 390 397
4 31 11 207 108
4 207 471 171 128
4 63 397 301 113
4 478 268 152 104
4 390 191 399 425
5 290 100 416 275 17
4 329 79 116 249
4 313 234 342 326
4 248 401 440 310
4 298 283 415 164
4 411 292 472 62
4 480 116 26 84
4 293 374 144 159
4 492 200 230 437
5 117 478 411 344 455
4 485 103 26 114
4 392 26 252 108
4 408 314 330 197
4 440 434 309 406
4 85 445 473 327
4 161 75 395 477
4 53 268 118 140
4 363 347 117 146
5 412 299 398 63 115
4 41 421 194 473
4 244 297 232 166
4 391 435 397 175
5 101 396 408 50 324
4 244 263 94 281
4 83 173 154 34
4 289 95 185 331
5 90 117 407 332 428
4 302 389 123 395
4 25 402 27 368
4 288 123 458 87
4 12 383 240 38
4 1 393 326 120
4 94 379 399 162
4 50 35 120 453
4 248 371 206 330
4 393 220 373 152
4 149 281 267 477
4 303 111 263 309
4 395 245 27 156
3 470 123 42
3 327 207 180
3 429 369 388
3 417 350 166
3 293 477 461
3 84 41 19
4 470 377 417 308
3 336 383 273
3 347 398 325
3 57 202 500
4 26 84 137 28
4 440 386 425 224
3 208 106 389
4 191 390 231 491
3 214 259 145
3 96 51 129
3 207 425 68
3 121 97 217
5 265 227 372 102 449
2 480 139
2 253 194
3 377 369 289
3 20 137 434
3 219 470 109
3 237 141 28
3 236 372 320
3 397 345 248
3 173 99 79
3 92 184 281
3 136 116 94
4 160 204 5 405
3 461 137 387
3 320 400 311
3 409 136 434
3 368 262 165
4 332 159 193 82
4 366 472 52 186
4 248 215 461 410
4 408 199 169 270
5 470 193 295 175 373
4 148 127 8 458
5 365 343 443 489 304
4 363 218 145 92
4 383 389 53 393
5 10 245 266 14 318
4 429 33 395 27
4 323 188 220 383
4 294 99 193 366
4 463 325 57 115
4 227 81 414 368
4 189 153 420 377
4 312 468 111 452
4 405 41 194 202
4 60 88 156 150
4 325 474 192 148
3 243 144 210
4 295 490 187 254
4 390 381 70 44
5 143 331 441 91 465
3 457 99 371
3 243 242 1
4 112 437 159 473
4 200 316 365 314
4 202 54 23 466
5 243 122 293 421 452
5 240 257 345 75 443
4 267 204 118 1
4 90 498 106 188
4 109 136 438 500
4 132 140 152 295
4 34 209 212 19
4 183 282 10 94
5 478 93 469 259 63
4 7 349 445 99
4 165 329 133 325
4 338 123 153 286
4 331 90 403 50
4 8 212 266 88
4 78 469 53 328
4 106 477 72 184
5 90 471 2 460 224
4 56 79 468 498
4 242 229 81 140
4 155 354 496 486
4 74 145 422 130
4 98 118 227 134
4 471 392 269 355
4 270 70 362 431
4 498 436 59 475
4 304 355 224 81
4 127 182 53 470
4 374 109 113 486
4 248 450 452 154
4 328 234 451 207
4 194 250 124 397
4 20 243 406 24
4 337 154 166 414
4 27 176 297 350
4 481 364 100 248
4 387 305 337 195
4 481 255 293 168
4 332 72 4 221
4 205 409 402 362
4 323 258 220 438
4 39 178 293 62
5 33 471 301 238 40
4 328 64 164 94
4 190 92 343 98
4 256 60 400 147
4 370 23 122 201
4 308 37 339 451
4 237 235 187 124
4 428 180 20 308
4 301 258 470 376
4 247 49 289 496
4 496 271 64 63
4 196 35 433 58
4 443 255 95 351
5 237 326 468 26 219
4 425 344 316 228
4 312 397 398 342
4 182 32 351 217
4 135 262 468 235
4 291 44 412 340
5 479 169 335 416 246
5 251 494 203 132 165
4 265 66 179 162
4 131 198 315 353
4 108 116 92 123
4 458 331 312 451
4 152 164 13 247
4 350 446 463 73
5 135 21 398 103 122
4 144 392 20 204
4 391 375 119 312
4 134 348 440 29
4 223 318 474 185
4 10 95 354 387
4 466 270 369 77
4 408 180 186 391
4 254 172 340 363
4 262 267 261 408
4 109 318 255 107
4 12 366 495 378
4 54 99 81 135
4 229 476 165 147
4 492 231 42 18
4 385 370 196 124
4 316 231 50 18
4 122 236 247 238
4 428 384 131 34
4 302 317 265 342
4 344 337 425 459
4 437 173 159 409
4 392 296 496 436
4 394 261 18 23
4 127 333 364 60
4 53 111 287 197
4 40 76 143 343
4 236 247 248 219
4 401 77 20 279
4 191 474 118 324
4 313 198 350 303
4 20 244 167 181
4 86 21 125 54
4 497 226 27 438
4 351 81 457 486
4 249 353 135 211
4 261 435 192 374
4 385 207 411 435
4 399 310 360 145
4 306 300 478 271
4 388 274 275 195
4 182 11 138 131
4 136 79 292 162
5 317 57 207 332 467
4 23 90 77 493
5 238 12 4 459 97
4 403 71 175 342
5 409 402 485 160 159
4 449 307 256 384
4 280 187 241 211
4 435 195 383 426
4 88 284 76 140
4 22 224 460 487
4 497 224 12 316
4 344 403 37 241
5 499 483 469 60 93
4 40 3 64 280
5 56 60 80 210 450
4 368 177 82 319
4 418 72 180 56
5 436 257 15 120 200
4 248 388 139 239
5 312 186 451 464 102
4 467 236 374 226
4 409 430 290 47
4 447 143 404 284
4 93 13 120 446
5 196 13 73 180 405
4 389 260 133 62
4 27 441 201 187
4 328 111 34 407
4 103 276 470 87
3 44 65 368
4 84 199 172 356
4 477 459 73 55
5 431 126 461 187 352
5 321 210 424 80 236
4 303 215 299 19
5 202 471 332 34 467
4 406 252 277 54
4 233 321 287 222
4 156 460 416 248
4 290 287 253 266
4 211 341 192 174
5 203 426 371 206 221
5 56 310 228 420 456
5 99 28 39 439 170
5 306 70 301 265 89
5 204 352 295 413 371
5 196 427 73 12 354
5 157 93 280 383 413
5 139 393 255 343 462
5 487 199 26 204 359
5 154 20 328 224 55
5 209 9 453 242 263
5 351 434 253 348 409
5 259 302 389 262 271
5 283 138 465 276 353
5 28 202 221 459 472
5 108 126 99 29 175
5 258 349 75 422 418
5 158 232 17 381 248
5 427 341 58 490 404
5 293 185 235 255 326
5 6 318 315 10 336
5 182 152 72 103 473
5 71 119 163 130 9
5 172 26 300 193 302
5 66 230 96 204 106
5 313 76 88 256 94
5 329 88 269 150 185
5 340 138 285 330 19
5 411 447 250 473 324
5 351 441 253 255 312
5 302 282 363 200 183
5 470 370 179 469 244
5 292 436 330 354 365
5 310 320 496 130 253
5 29 26 28 372 175
5 109 35 422 255 427
5 371 269 40 321 435
5 470 252 378 79 327
5 106 87 230 83 115
5 462 479 480 466 416
5 336 167 75 487 263
5 43 37 374 241 415
5 474 345 128 143 63
5 102 15 30 399 280
5 114 110 347 19 266
5 443 53 131 251 319
5 263 397 453 242 209
5 97 308 243 431 110
5 495 218 116 250 395
5 313 471 91 367 267
5 445 85 319 67 460
5 406 391 55 367 308
5 210 402 268 386 379
5 202 37 338 107 138
5 493 277 457 54 433
5 201 340 114 482 304
5 161 310 83 173 120
5 187 127 27 311 297
5 398 36 178 313 378
5 179 391 116 170 386
5 61 220 430 188 421
5 457 67 239 229 250
5 483 379 441 491 470
5 392 302 353 7 108
5 236 164 361 97 186
5 31 93 165 253 495
5 156 53 141 300 367
5 309 447 283 163 134
5 11 59 286 342 409
5 284 308 306 311 18
5 71 447 250 97 169
5 299 241 162 58 61
5 114 477 3 97 213
5 302 229 342 78 475
5 373 98 48 296 336
5 209 76 94 396 176
5 379 489 399 137 274
5 197 379 250 140 242
5 493 360 56 22 362
5 296 77 487 279 221
5 165 331 13 18 384
5 314 305 462 29 365
5 424 371 109 44 432
5 213 77 201 29 126
5 478 91 92 441 335
5 423 271 14 376 44
5 464 343 24 125 123
5 276 493 192 483 184
5 342 212 429 131 354
5 233 54 278 160 397
5 149 367 366 189 313
5 224 138 290 384 328
5 250 127 192 417 375
5 26 15 257 190 312
5 213 41 299 217 117
5 143 259 421 456 4
5 480 14 374 376 430
5 482 370 213 398 358
5 125 95 388 24 188
5 265 116 449 328 24
5 470 305 255 315 417
5 55 252 108 381 459
5 479 145 246 416 368
5 93 473 251 469 218
5 116 192 460 211 146
5 301 359 278 178 130
5 176 181 115 32 231
5 292 499 14 360 220
5 119 289 151 95 449
5 134 345 44 129 1
5 300 341 467 187 126
5 68 439 339 105 129
5 83 171 419 321 129
5 294 342 326 52 408
5 93 360 311 219 492
5 400 396 466 205 83
5 473 250 418 208 94
5 91 173 38 93 322
5 377 489 147 5 472
5 207 180 73 321 320
5 7 404 268 174 341
5 161 159 409 219 38
5 475 256 401 408 199
5 188 183 219 480 8
5 469 499 287 42 173
5 486 35 55 299 324
5 159 476 5 383 366
5 2 217 455 73 446
5 440 247 47 195 19
5 209 38 322 376 336
5 287 230 159 160 49
5 376 74 203 221 427
5 348 330 216 266 259
5 440 425 39 63 388
5 264 270 431 132 452
5 75 423 398 370 147
5 458 415 245 455 305
5 299 396 298 337 209
5 464 141 125 279 378
5 229 126 87 423 492
5 360 135 380 471 183
5 214 146 452 19 170
5 163 44 274 406 456
5 318 356 132 267 334
5 13 314 81 365 440
5 112 115 48 40 263
5 323 111 141 428 184
5 192 456 417 33 40
5 239 60 386 281 491
5 210 330 236 361 63
5 274 187 190 287 406
5 221 14 111 93 78
5 148 208 121 482 394
5 22 347 464 141 265
5 273 358 474 233 113
5 48 494 349 150 249
5 190 15 64 343 436
5 274 268 140 65 379
5 474 172 34 145 388
5 47 139 341 291 316
5 232 92 180 160 71
5 300 112 274 245 41
5 335 446 209 214 49
5 292 349 326 493 314
5 454 69 132 468 5
5 175 193 71 230 438
5 173 38 409 445 304
5 325 470 233 100 252
5 366 397 203 61 241
5 195 475 467 19 232
5 396 210 209 218 180
5 106 446 217 485 214
5 174 280 292 211 30
5 69 132 47 391 358
5 62 109 189 464 170
5 16 50 160 202 459
5 118 491 385 6 427
5 163 238 315 71 48
5 195 273 58 356 304
5 16 381 75 43 438
5 223 122 272 16 190
5 154 206 429 304 343
5 194 275 103 39 237
5 240 491 90 431 415
5 287 225 197 234 249
5 458 424 473 239 72
5 92 286 27 330 33
5 445 81 235 145 325
5 406 459 41 40 247
5 317 468 5 130 147
5 448 55 180 88 104
5 360 427 262 95 443
5 165 300 344 451 495
5 384 131 136 450 411
5 442 320 204 142 481
5 404 363 218 209 376
5 482 150 249 419 166
5 146 474 407 385 233
5 154 368 113 97 95
5 176 170 204 31 98
5 324 445 396 302 386
5 326 450 349 227 102
5 54 466 152 434 294
5 244 206 146 430 148
5 300 350 142 359 10
5 106 230 360 413 191
5 381 375 127 109 478
5 199 471 144 433 61
5 497 449 443 447 414
5 360 270 352 376 218
5 152 24 252 373 452
5 272 407 256 399 190
5 89 78 29 437 124
5 141 446 56 496 375
5 3 159 195 115 240
5 83 85 186 402 150
5 266 359 347 228 364
5 491 15 303 105 263
5 342 425 391 399 106
5 130 11 392 359 118
5 327 420 98 119 331
5 54 391 427 387 362
5 420 380 310 283 288
5 122 347 229 391 157
5 428 30 425 260 293
5 264 246 346 372 144
5 60 195 472 264 232
5 329 155 500 356 10
5 237 291 135 281 56
5 150 323 248 195 238
5 70 130 236 422 165
5 147 46 149 466 356
5 164 469 382 432 238
5 402 231 218 151 434
5 481 47 135 416 44
5 329 421 155 306 254
5 165 391 470 189 246
5 336 352 227 489 84
5 146 330 138 216 337
5 175 43 35 342 5
5 206 246 482 26 440
5 76 463 115 178 420
5 316 411 168 361 227
5 203 119 338 80 96
5 61 378 178 185 275
5 351 219 80 204 315
5 304 451 436 317 116
5 393 263 452 385 155
5 420 472 433 498 231
5 426 370 257 40 441
5 222 289 415 12 440
5 455 220 125 160 371
5 186 209 162 427 299
5 200 487 397 311 335
5 458 147 134 184 323
5 379 477 206 101 76
5 409 239 300 181 86
5 241 348 415 253 177
5 156 120 487 448 297
5 115 181 251 299 41
5 310 64 68 166 399
5 233 298 488 36 110
5 273 269 145 111 325
5 155 111 470 234 193
5 165 201 283 335 220
5 80 426 8 207 173
5 241 292 212 436 121
5 137 305 313 271 352
5 493 116 79 117 391
5 470 37 53 238 28
5 297 17 166 303 23
5 225 297 28 40 76
5 15 167 55 361 93
5 303 40 263 92 485
5 247 218 175 374 212
5 448 33 6 457 215
5 138 231 465 377 250
5 116 49 179 84 218
5 113 358 251 132 282
5 476 310 281 5 274
5 393 330 373 277 416
5 287 387 212 498 297
5 367 184 191 417 128
5 61 498 272 387 10
5 47 179 481 302 319
5 118 357 254 2 156
5 200 261 75 134 41
4 32 238 247 498
5 150 349 245 23 500
5 389 433 345 208 393
5 440 205 48 406 363
5 476 297 482 22 308
5 98 231 225 323 390
5 92 389 116 454 267
5 469 129 337 106 459
5 59 177 255 107 445
5 405 454 5 471 297
5 130 422 56 36 372
5 494 462 446 11 163
5 312 452 447 464 86
5 55 224 67 14 56
5 113 223 369 38 440
5 107 318 386 171 363
5 16 137 24 313 192
5 343 309 304 52 219
5 97 12 38 34 245
5 377 380 11 185 47
5 284 100 470 398 369
5 446 474 68 189 136
5 38 6 257 308 94
5 306 488 232 248 381
5 132 108 230 324 422
5 24 472 390 166 256
5 325 418 63 68 249
5 500 364 136 396 300
5 335 476 83 24 165
5 492 360 445 128 235
5 494 237 232 460 471
5 451 362 97 472 384
5 483 99 290 402 192
5 113 232 101 270 11
5 421 144 495 259 230
5 494 82 125 202 268
5 446 389 152 24 34
5 400 460 342 281 266
5 75 241 284 426 171
5 178 394 287 121 313
5 150 176 54 422 289
5 485 233 246 226 289
5 78 104 69 465 122
5 84 48 485 267 362
5 151 411 172 425 7
5 355 357 242 415 12
5 153 131 152 309 130
5 345 381 203 26 134
5 209 136 383 122 223
5 149 351 196 210 217
5 464 319 131 280 202
5 279 236 424 169 174
5 409 434 484 485 57
5 151 230 262 435 179
5 193 179 88 473 94
5 197 242 229 267 140
5 346 146 451 199 169
5 406 459 318 207 457
5 175 273 5 304 247
5 149 308 313 437 367
5 33 461 92 439 401
5 18 448 235 495 158
5 79 188 420 125 428
5 194 278 424 37 158
5 252 229 369 67 175
5 137 12 108 459 378
5 364 246 273 339 201
5 412 277 467 331 161
5 327 274 383 69 158
5 470 155 41 193 452
5 439 33 13 485 370
5 189 301 264 135 102
5 424 437 98 274 239
5 409 362 111 492 300
5 408 143 104 413 268
5 5 383 7 475 280
5 255 271 123 77 369
5 384 331 353 117 412
5 131 153 3 25 232
5 229 492 349 246 494
5 95 219 496 460 272
5 366 375 334 148 56
5 314 294 134 124 243
5 387 328 145 71 332
5 181 1 36 393 419
5 138 364 246 492 123
5 222 118 10 156 472
5 149 188 418 416 296
4 173 166 187 161
5 427 384 461 155 137
5 114 202 447 391 415
5 273 454 267 368 469
5 308 241 109 311 146
5 314 32 98 195 144
5 19 136 66 68 384
5 64 124 170 220 291
5 370 402 214 44 344
5 155 337 432 106 477
5 413 336 164 92 317
5 369 110 102 67 245
5 489 336 348 223 209
5 202 13 174 272 332
5 403 500 207 364 451
5 313 132 87 201 454
5 264 319 344 384 431
5 276 204 421 381 390
5 249 8 181 401 381
5 375 238 320 85 203
5 345 244 486 474 194
5 196 341 30 15 154
5 317 136 483 223 242
5 199 460 446 19 213
5 71 100 130 233 103
5 135 312 221 365 371
5 484 158 49 311 80
5 95 490 159 188 256
5 237 426 239 281 154
5 497 219 271 132 176
5 22 317 53 121 86
5 151 182 168 107 489
5 498 186 145 255 67
5 284 330 351 50 132
5 166 262 254 212 359
5 352 228 477 195 79
5 423 5 113 354 491
5 225 300 175 497 58
5 440 335 262 259 37
5 131 430 67 149 153
5 162 283 122 49 209
5 142 157 431 139 217
5 422 217 423 14 106
5 224 14 400 177 321
5 126 334 128 366 432
5 411 188 228 462 454
5 113 378 55 223 440
5 101 67 487 50 435
4 115 421 16 165
5 378 163 334 326 446
5 72 152 387 433 230
5 472 174 165 46 436
5 388 432 182 261 93
5 100 212 291 368 172
5 444 245 20 145 270
5 14 377 400 106 197
5 234 383 100 33 338
5 85 398 100 484 295
5 324 108 411 273 428
5 145 363 473 109 282
5 207 114 206 264 75
5 240 80 51 104 257
5 318 397 287 12 115
5 424 55 430 378 157
5 199 472 307 451 149
5 434 316 405 47 374
5 334 74 86 494 6
5 75 179 162 198 307
5 327 300 342 362 442
5 367 361 267 192 116
5 452 196 47 245 405
5 406 305 428 403 499
5 440 294 494 310 457
5 207 370 486 434 20
5 37 283 248 357 220
5 2 498 23 40 144
5 190 64 164 211 405
5 184 451 28 355 325
5 254 378 146 101 36
5 500 207 19 401 455
5 95 326 131 229 315
5 157 333 250 151 262
5 244 412 489 131 297
5 282 431 133 191 231
5 268 237 412 340 480
5 176 473 426 175 1
5 235 475 128 345 88
5 345 7 179 189 46
5 349 123 24 496 246
5 247 55 379 416 298
5 370 357 135 42 284
5 491 296 358 140 113
5 384 356 43 58 374
5 418 417 18 357 396
5 296 14 30 155 428
5 12 415 126 318 440
5 289 33 154 123 304
5 363 297 400 373 348
5 468 170 326 352 416
5 498 89 271 194 499
5 324 141 218 118 352
5 170 464 213 403 299
5 2 104 479 70 122
5 448 160 235 136 405
5 92 346 249 394 410
5 49 13 30 196 283
5 238 476 280 203 481
5 376 450 218 210 225
5 5 252 251 263 444
5 396 192 114 222 103
5 21 230 499 482 45
5 163 403 47 117 297
5 486 380 493 185 410
5 452 486 323 243 474
5 363 456 226 33 171
5 44 115 32 56 493
5 17 263 443 484 304
5 302 327 218 225 414
5 341 334 299 298 333
5 302 383 389 459 413
5 300 309 131 396 210
5 484 354 486 425 202
5 121 177 277 229 59
5 436 144 483 293 459
5 10 320 60 480 336
5 136 212 436 83 106
5 354 148 298 477 75
5 222 472 67 63 321
5 207 71 384 178 289
5 188 344 286 215 106
5 232 307 95 222 267
5 330 43 466 138 308
5 149 405 338 367 449
5 500 317 150 87 99
5 352 500 72 11 223
5 8 149 196 193 249
5 56 191 4 267 131
5 96 497 120 177 87
5 471 21 351 457 2
5 333 490 484 146 305
5 490 295 166 161 482
5 489 443 318 73 455
5 30 223 416 70 176
5 59 424 3 44 1
5 229 401 207 74 75
5 16 47 490 64 33
5 275 304 65 117 182
5 280 209 479 47 376
5 100 426 423 75 465
5 320 434 157 372 246
5 200 425 317 6 116
5 114 326 374 491 463
5 455 105 452 453 360
5 213 204 487 392 486
5 342 216 426 257 175
5 189 498 301 395 331
5 364 334 489 253 302
5 176 448 336 285 248
5 188 430 184 229 475
5 187 348 300 53 359
6 408 43 363 438 185 291
6 389 281 398 313 132 165
6 377 82 180 90 224 74
6 34 172 328 352 393 343
6 435 191 100 484 490 194
6 492 200 491 208 462 389
6 253 290 441 100 318 430
6 371 224 111 325 179 333
6 182 498 459 361 315 227
6 383 259 263 121 94 93
6 435 383 192 412 237 474
6 395 115 75 361 38 76
6 91 248 495 254 12 224
6 82 31 93 59 74 450
6 328 384 334 64 71 86
6 68 168 61 375 148 78
6 73 399 171 391 89 366
6 341 368 361 273 103 455
6 225 284 58 55 489 107
6 425 440 13 81 423 223
6 453 194 454 102 296 39
6 355 224 139 443 62 217
6 371 192 99 483 157 176
6 9 486 351 210 253 36
6 54 145 92 397 462 494
6 241 340 303 230 417 213
6 231 412 89 198 120 401
6 51 127 64 25 457 95
6 384 259 449 84 423 149
6 477 97 114 349 12 418
6 62 134 154 499 482 172
6 92 489 34 184 413 343
6 492 392 166 257 65 295
6 248 66 373 193 63 85
6 115 166 339 260 65 351
6 154 84 410 499 421 165
6 306 300 141 166 206 26
6 262 92 86 317 121 237
6 180 465 439 104 258 106
6 255 441 393 261 394 344
5 148 460 182 98 458
6 313 97 389 290 362 342
6 321 436 18 37 202 322
6 277 280 491 235 476 425
6 281 290 78 266 148 17
6 424 45 468 316 182 49
6 194 191 15 309 296 30
6 270 74 279 82 169 122
6 153 212 244 490 34 28
6 406 308 159 193 155 44
6 213 133 310 284 341 467
6 11 43 447 384 163 84
6 60 135 469 333 21 245
6 337 273 446 431 155 415
6 133 257 176 161 70 305
6 490 147 270 264 121 212
6 44 172 186 421 85 304
6 186 106 360 180 337 401
6 317 275 115 65 289 463
6 472 175 49 475 152 355
6 15 370 416 64 49 247
6 41 229 62 267 391 73
6 437 195 474 107 129 115
6 466 256 351 237 297 177
6 43 224 95 346 60 111
6 388 176 93 84 374 421
6 179 303 499 268 456 410
5 221 455 33 109 268
6 118 324 171 73 196 1
6 247 428 296 67 436 440
6 62 233 133 278 72 48
6 68 497 168 389 154 325
6 352 477 40 303 111 15
6 331 344 303 395 233 215
6 388 133 384 103 408 396
6 47 79 160 405 158 316
6 103 8 200 485 183 280
6 421 199 297 200 4 163
6 1 176 84 96 384 94
6 231 427 184 417 361 255
6 187 13 162 299 49 359
6 478 232 92 425 137 378
6 287 14 173 198 224 356
6 365 194 250 354 396 235
6 358 54 414 368 134 406
6 149 263 275 259 368 385
6 73 350 64 318 443 266
6 271 378 76 35 397 278
6 489 281 224 95 17 10
6 10 95 162 427 221 31
6 239 429 171 457 327 493
6 36 92 137 473 500 190
6 13 56 446 217 127 437
6 201 273 448 58 108 101
5 170 498 336 487 452
6 429 306 54 427 391 434
6 373 85 80 318 93 228
6 44 408 10 155 267 266
6 50 335 372 449 329 246
6 386 14 40 11 43 239
6 211 344 491 334 44 35
6 81 411 73 425 455 152
6 343 239 294 69 197 327
6 19 138 22 285 243 132
6 336 60 233 48 160 159
6 274 252 65 332 441 471
6 108 160 54 85 402 63
6 79 470 123 28 1 265
6 346 126 212 399 366 134
6 308 431 91 100 446 212
5 305 213 373 93 285
5 15 351 191 100 296
5 389 135 392 393 492
5 492 123 31 90 15
5 328 300 156 121 245
5 224 306 10 259 489
5 203 85 413 173 119
5 65 53 240 317 430
5 465 155 144 48 273
6 407 10 59 215 256 332
5 451 480 42 417 111
5 229 94 328 2 457
4 442 320 360 316
5 103 57 106 377 361
5 470 266 326 363 155
5 116 377 167 164 231
5 35 468 471 473 442
4 120 449 6 231
6 197 45 314 92 267 137
6 251 491 252 24 263 96
6 212 52 159 133 399 55
6 479 10 95 94 139 7
6 302 98 60 5 354 342
6 436 172 240 152 412 63
6 151 371 391 67 125 262
6 394 197 344 455 245 108
6 64 366 289 33 51 457
6 253 359 33 307 47 255
5 258 46 474 247 293
4 469 417 492 179
5 390 6 214 10 256
5 477 441 132 296 476
5 67 55 440 215 477
5 406 94 419 237 365
5 383 392 237 316 487
5 202 213 317 332 217
5 440 166 78 42 375
5 73 125 60 166 422
6 33 402 307 47 341 236
5 470 211 80 373 69
5 137 267 368 406 313
5 412 74 4 266 198
6 1 97 313 71 336 189
5 15 31 165 500 300
5 170 318 451 262 346
5 176 245 28 325 231
5 256 1 59 321 319
5 238 278 247 177 306
5 437 195 190 350 2
5 499 354 486 295 100
5 3 475 243 18 429
5 491 86 157 326 39
5 322 115 470 56 240
5 120 106 363 231 56
5 478 327 248 329 63
6 413 489 39 58 490 226
6 245 292 492 197 439 12
6 247 318 64 406 458 146
6 65 2 185 474 357 284
6 112 40 431 435 177 284
6 274 240 338 383 488 245
6 51 347 462 105 193 88
6 99 489 79 343 371 123
6 355 360 65 366 392 176
6 432 59 52 429 18 62
6 497 354 202 219 26 486
6 475 491 45 415 155 296
6 403 302 224 37 425 78
6 358 406 58 456 310 137
6 456 467 445 323 359 491
6 34 256 474 339 68 166
6 499 67 74 271 279 122
6 25 212 341 490 49 284
6 306 327 222 368 280 63
6 352 171 207 390 164 226
6 106 185 214 207 411 96
6 95 497 449 125 139 188
6 107 284 185 22 210 466
6 488 262 121 94 176 118
6 268 145 337 339 129 102
6 197 186 111 40 225 222
6 270 490 95 422 185 39
6 223 3 122 108 294 326
6 151 418 285 208 121 51
6 162 127 95 490 482 25
6 42 350 426 332 435 37
6 431 70 479 254 189 410
6 359 166 262 85 37 161
6 14 485 10 442 17 67
6 419 7 406 237 297 370
6 146 145 72 24 196 20
6 460 164 171 104 445 163
6 56 416 385 363 478 340
6 271 123 130 469 470 197
6 471 155 303 343 297 40
6 493 272 485 366 186 159
6 148 146 129 256 166 274
6 455 22 165 29 128 360
6 368 274 456 9 179 268
6 296 391 398 165 421 67
6 480 449 463 259 370 423
6 472 7 93 85 284 357
6 436 145 67 17 341 72
6 476 235 4 383 280 458
6 348 497 102 296 140 483
6 274 93 499 338 41 194
6 461 464 87 170 155 403
6 291 43 185 175 126 99
6 258 311 349 474 306 376
6 415 156 439 393 341 330
7 171 78 238 450 203 278 248
