4575
6 60 125 166 154 73 422
7 450 203 248 278 238 171 78
7 68 146 148 474 166 129 256
6 273 45 491 415 155 475
6 134 212 366 126 346 399
6 107 195 174 481 58 45
6 269 360 310 285 93 479
6 84 480 26 320 267 219
6 93 383 176 94 262 121
6 68 497 154 389 168 325
6 341 467 310 213 133 284
6 472 357 7 284 93 85
6 9 253 351 36 486 210
6 56 315 351 217 437 182
6 404 207 427 106 401 231
6 25 275 27 274 137 368
6 236 307 341 33 47 402
6 14 111 485 400 417 67
6 306 434 391 427 429 54
6 349 306 311 474 258 376
6 251 86 186 240 491 431
6 408 10 256 390 215 6
6 255 393 261 394 441 344
6 239 289 457 139 51 95
6 429 52 62 18 59 432
6 22 126 40 284 185 107
6 296 436 428 487 67 498
6 449 335 233 479 329 246
6 27 156 330 245 415 18
6 284 72 409 447 25 49
6 114 97 418 477 12 349
6 247 64 318 458 406 146
6 167 70 361 164 163 377
6 399 278 201 161 174 133
6 378 319 478 137 279 34
6 456 445 491 359 323 467
6 389 313 342 97 362 290
6 345 244 265 179 346 28
6 10 224 65 387 332 272
6 412 237 474 435 192 383
6 484 185 354 486 100 85
6 355 65 392 176 366 360
6 100 194 282 431 435 191
6 53 348 400 278 177 86
6 51 181 88 462 347 105
6 87 373 69 211 80 470
6 108 201 273 58 448 101
6 34 184 489 92 343 413
6 403 155 297 22 406 308
6 233 303 215 344 331 395
6 499 62 154 134 172 482
6 430 153 244 306 131 149
6 361 395 76 75 115 38
6 139 62 217 443 224 355
6 281 78 148 17 266 290
6 14 422 173 459 106 258
6 200 392 462 75 487 316
6 71 328 384 334 86 64
6 108 160 54 85 63 402
6 185 225 407 328 457 2
6 152 398 411 108 455 412
6 248 464 189 24 343 452
6 261 363 337 114 340 106
6 145 341 268 196 72 58
6 103 388 396 384 408 133
6 476 343 37 308 365 94
6 57 14 484 374 496 376
6 186 225 111 222 197 40
6 64 152 175 104 291 73
6 160 159 60 336 233 48
6 10 221 162 31 427 95
6 339 65 166 351 260 115
6 138 132 5 249 285 251
6 494 462 54 397 145 92
6 455 165 360 29 128 22
6 211 280 190 50 406 187
6 18 141 316 158 286 50
6 262 391 261 67 250 435
6 43 408 185 291 363 438
6 103 455 273 361 341 368
6 343 197 294 69 239 327
6 179 303 268 456 410 499
6 290 253 100 318 441 430
6 310 358 456 137 406 58
6 440 165 457 229 335 494
6 468 320 473 35 442 471
6 122 326 294 223 108 3
6 63 391 193 66 373 335
6 385 156 448 135 149 393
6 370 480 463 449 423 259
6 327 478 63 248 329 306
6 355 28 393 120 1 459
6 73 391 229 267 62 41
6 476 165 281 132 296 238
6 50 291 95 442 360 351
6 74 4 401 412 198 266
6 302 337 339 431 425 129
6 99 370 135 81 44 402
6 470 197 130 469 123 271
6 82 169 279 270 122 74
6 241 230 417 213 340 303
6 76 397 378 278 35 271
6 102 178 479 189 254 301
6 164 352 390 226 171 207
6 426 322 90 332 37 202
6 131 74 192 117 99 428
6 43 409 304 199 11 356
6 166 451 312 111 221 297
6 45 267 197 314 137 92
6 493 272 186 159 366 485
6 335 424 182 45 49 468
6 168 79 354 1 457 470
6 35 44 491 344 211 334
6 8 200 485 103 183 280
6 470 309 214 191 308 106
6 495 63 75 61 18 222
6 85 359 161 262 37 166
6 199 297 4 163 421 200
6 454 102 194 453 39 296
6 306 206 300 166 26 141
6 100 481 279 42 416 426
6 500 93 165 15 492 31
6 256 177 351 466 297 237
6 61 124 220 137 430 188
6 1 189 487 336 71 97
6 17 123 442 226 414 19
6 98 350 190 303 384 43
6 325 418 245 231 151 333
6 259 173 295 469 161 224
6 13 359 187 49 162 299
6 139 309 483 157 176 61
6 336 6 120 449 231 156
6 12 492 360 292 14 245
6 376 470 363 179 26 326
6 495 12 254 91 248 224
6 256 424 59 321 1 472
6 255 148 354 439 26 381
6 320 61 375 68 102 42
6 41 261 245 268 300 365
6 346 451 199 262 146 331
6 5 302 354 60 342 98
6 211 196 146 116 460 164
6 85 203 119 413 80 173
6 55 221 472 425 202 459
6 58 275 173 39 185 304
6 74 480 281 8 18 430
6 235 294 29 124 365 314
6 110 231 184 133 212 431
6 95 113 490 127 64 165
6 338 383 488 245 274 240
6 238 247 85 103 40 235
6 425 235 491 280 476 277
6 316 82 311 297 439 83
6 268 65 441 274 379 26
6 172 390 240 49 445 301
6 92 36 87 99 500 123
6 324 1 73 196 171 118
6 346 60 95 43 224 111
6 475 292 436 354 365 212
6 55 299 263 486 259 303
6 69 243 50 122 381 488
6 81 440 13 425 423 223
6 396 460 458 184 148 192
6 273 378 14 233 474 293
6 60 468 386 320 135 142
6 73 12 378 459 108 55
6 85 172 421 44 186 304
6 240 56 322 115 53 470
6 204 285 170 487 213 392
6 147 264 270 121 212 490
6 21 45 499 182 60 394
6 471 303 155 40 297 343
6 375 168 182 361 489 227
6 113 355 216 49 58 1
6 192 207 364 57 106 485
6 293 260 258 431 481 425
6 255 253 33 154 359 307
6 97 274 282 16 65 113
6 155 368 10 406 44 267
6 392 121 208 237 118 94
6 43 447 89 163 11 113
6 21 427 423 162 203 376
6 236 455 221 33 268 109
6 482 297 370 237 419 7
6 249 234 196 66 193 8
6 155 461 464 403 87 170
6 389 462 200 491 208 492
6 240 262 317 92 86 237
6 239 43 14 40 386 11
6 67 22 291 442 141 56
6 497 102 348 296 483 140
6 56 478 363 416 385 340
6 176 133 305 257 161 70
6 94 384 1 96 84 176
6 491 252 24 96 263 251
6 37 18 321 202 478 436
6 180 74 377 224 90 82
6 492 111 42 417 469 179
6 2 104 68 339 439 65
6 80 276 284 311 470 109
6 357 37 78 248 440 42
6 437 190 2 305 195 350
6 34 328 343 352 393 172
6 104 258 106 141 184 465
6 422 130 132 166 274 270
6 497 188 449 95 125 139
6 131 207 319 306 280 292
6 285 248 121 336 176 373
6 395 205 75 16 216 381
6 93 274 338 194 41 499
6 266 499 14 489 10 17
6 229 147 165 472 67 24
6 308 124 138 294 89 243
6 247 416 49 370 15 64
6 405 79 316 47 158 160
6 275 65 463 290 289 115
6 264 274 351 443 9 240
6 440 477 436 55 67 215
6 295 65 492 166 257 392
6 427 385 429 207 411 384
6 67 293 400 261 401 224
6 74 93 450 31 59 82
6 85 303 226 80 19 47
6 129 105 166 64 125 54
6 186 337 360 106 180 401
6 185 27 43 270 11 380
6 415 235 136 6 491 396
6 112 435 40 177 284 431
6 93 374 421 84 388 176
6 219 271 423 320 496 130
6 62 72 278 133 233 48
6 387 212 328 71 175 121
6 394 108 245 344 92 197
6 36 241 253 162 227 203
6 436 63 412 240 152 172
6 308 91 212 431 446 100
6 475 175 49 472 355 152
6 221 269 78 111 371 93
6 154 196 147 149 125 341
6 217 317 202 213 332 467
6 318 350 64 266 73 443
6 438 119 173 161 93 120
6 37 224 425 403 302 78
6 477 15 111 303 40 352
6 155 465 40 48 144 273
6 26 214 219 335 171 468
6 39 157 491 86 326 237
6 358 414 368 54 134 406
6 7 139 10 479 95 94
6 487 479 67 141 279 271
6 475 429 342 52 391 408
6 212 341 17 49 444 284
6 343 99 371 79 489 123
6 115 474 317 412 129 360
6 225 489 284 55 58 107
6 429 457 171 327 239 493
6 356 287 198 173 14 224
6 28 221 140 137 296 279
6 484 49 166 339 146 490
6 169 408 267 401 103 122
6 305 309 209 396 176 76
6 200 365 163 49 120 462
6 468 25 341 409 218 47
6 148 446 127 375 182 56
6 39 413 226 489 490 58
6 179 488 450 349 150 376
6 30 296 15 191 399 194
6 385 263 368 275 259 149
6 255 361 231 417 427 184
6 84 154 410 421 499 165
6 490 34 153 28 244 212
6 165 50 328 335 296 329
6 278 306 319 368 177 391
6 445 104 163 164 171 460
6 52 159 212 55 399 133
6 228 318 373 93 80 85
6 185 207 319 58 384 289
6 89 171 366 399 391 73
6 131 450 412 384 244 411
6 78 342 126 373 248 24
6 131 163 117 74 196 112
6 202 26 354 497 219 486
6 96 411 106 185 308 214
6 235 4 458 383 280 476
6 250 365 235 354 396 194
6 378 425 190 478 92 137
6 371 151 67 391 125 262
6 236 43 438 484 185 175
6 152 80 103 473 85 185
6 72 47 352 275 58 195
6 410 70 254 479 431 189
6 51 285 418 151 121 208
6 443 399 455 73 392 108
6 471 224 274 377 5 65
6 245 121 300 156 53 328
6 33 366 64 51 457 289
6 77 276 86 334 109 221
6 235 55 448 88 225 425
6 18 3 429 243 59 475
6 341 415 156 330 393 439
6 196 431 293 264 147 268
6 102 129 145 339 268 337
6 393 389 462 383 316 392
6 20 72 145 196 146 24
6 469 135 245 21 333 60
6 185 422 39 255 95 270
6 129 437 40 474 107 115
6 470 266 326 155 475 363
6 103 90 192 106 377 361
6 306 224 259 489 10 60
6 90 287 332 37 343 415
6 117 344 384 412 331 411
6 10 34 256 332 407 272
6 362 63 152 54 47 64
6 65 474 185 357 284 2
6 406 170 50 316 320 141
6 232 3 97 459 12 477
6 165 313 281 132 398 389
6 292 285 401 129 349 360
6 226 53 164 171 238 484
6 205 265 123 1 79 28
6 499 386 186 172 302 240
6 363 406 421 297 200 302
5 264 432 440 380 206
6 120 130 363 106 231 56
6 498 182 361 227 459 315
6 132 140 436 53 322 296
6 243 22 19 285 138 132
6 83 173 106 425 207 280
6 333 111 179 325 371 224
5 300 86 173 38 409
6 457 460 471 164 30 171
6 309 395 15 303 491 215
5 284 272 369 223 466
5 191 175 474 323 137
6 137 415 329 296 155 475
5 345 271 134 144 44
5 213 385 143 474 114
5 339 334 240 494 163
5 91 367 465 216 267
6 25 162 95 490 482 127
5 310 134 29 309 440
5 433 446 24 389 152
6 147 402 485 186 67 442
5 189 367 313 149 366
5 426 365 329 16 80
5 78 47 437 355 291
5 39 178 76 28 399
5 318 182 94 256 17
5 169 397 219 3 447
5 44 56 170 25 327
5 71 236 278 429 263
5 30 283 134 36 353
5 21 137 91 52 230
5 283 107 203 77 280
5 7 111 199 349 104
5 75 307 179 162 198
5 481 302 168 47 257
6 145 436 341 67 17 72
5 207 370 486 434 20
5 339 288 34 331 143
5 140 237 471 197 494
5 439 370 283 380 357
5 116 94 252 79 136
5 403 416 117 47 479
5 5 336 273 383 263
5 248 352 206 397 345
5 280 270 47 15 376
5 73 321 320 207 180
5 151 384 375 428 155
5 279 191 4 433 161
5 239 413 52 121 317
5 41 356 405 408 202
5 482 253 138 409 286
5 441 132 222 81 219
5 425 116 200 317 6
5 36 223 198 111 362
5 74 233 415 126 348
5 457 254 155 458 263
5 348 279 231 20 362
5 54 465 310 90 294
5 307 365 384 256 18
5 394 287 313 424 437
5 265 446 13 2 217
5 377 458 100 11 19
5 58 267 356 475 182
5 197 234 451 362 462
5 14 196 177 55 328
5 289 449 84 227 118
5 23 493 66 44 77
5 12 289 440 415 222
5 230 418 112 495 83
5 246 183 265 137 117
5 475 229 333 184 188
5 178 313 345 381 282
5 122 347 237 332 328
5 176 116 454 98 400
5 117 495 353 444 366
5 142 325 27 33 322
5 401 439 33 461 92
5 195 409 156 398 110
5 68 226 403 141 77
5 32 56 372 7 189
5 208 39 345 63 257
5 203 70 366 476 481
5 382 449 8 475 401
5 62 459 201 418 170
5 56 334 267 362 275
5 331 380 377 277 87
5 329 443 17 401 97
5 181 251 32 115 41
5 161 76 79 477 155
5 138 156 413 276 379
5 220 253 89 451 301
5 30 136 472 46 223
5 107 209 446 223 438
5 323 486 61 248 410
5 341 161 395 462 264
5 79 338 391 308 447
5 338 107 500 329 10
5 454 92 180 333 91
5 320 253 310 243 151
5 459 447 86 464 312
5 17 416 232 460 248
5 235 153 360 145 135
5 448 104 314 423 387
5 363 171 386 404 107
5 90 460 123 2 255
5 437 400 230 387 259
5 54 321 233 431 244
5 157 233 450 403 180
5 209 16 94 64 313
5 163 276 129 321 44
5 102 408 188 326 463
5 409 414 105 239 491
5 185 329 88 269 150
5 311 435 154 317 429
5 61 453 299 364 105
5 83 477 179 7 476
5 100 234 111 381 328
5 101 120 50 179 319
5 464 372 102 26 449
5 104 364 88 122 60
5 347 149 170 101 146
5 215 393 382 483 259
5 250 204 143 76 138
5 443 449 338 35 150
5 465 426 286 215 59
5 60 260 193 99 294
5 259 153 189 377 93
5 59 191 66 85 375
5 194 343 132 486 324
6 152 434 247 13 162 49
5 116 480 436 304 117
5 426 253 257 370 171
5 417 426 418 473 195
5 13 370 196 251 202
5 311 320 202 422 36
5 270 113 475 375 374
5 455 391 117 114 222
5 75 238 302 287 249
6 296 286 188 316 392 487
5 323 462 188 411 480
5 400 364 66 100 266
5 376 385 380 216 208
5 60 232 472 264 195
5 174 261 23 40 373
5 364 153 428 123 293
5 432 355 269 325 451
5 139 435 356 478 269
5 90 260 230 428 438
5 98 336 493 170 497
5 221 203 426 206 74
5 400 211 205 242 45
5 291 112 326 229 170
5 273 149 320 431 246
5 402 246 434 264 202
5 458 72 239 473 424
5 230 295 175 204 193
5 78 98 375 89 118
5 109 44 413 371 213
5 415 190 241 171 284
5 319 202 82 272 458
5 11 388 241 427 214
5 235 146 241 109 308
5 89 282 493 276 192
5 181 174 52 292 332
5 349 493 34 410 75
5 5 317 468 130 147
5 55 183 498 144 76
5 221 143 452 5 486
5 359 273 156 254 212
5 282 119 473 356 500
5 257 4 344 254 455
5 462 46 78 288 475
5 329 476 116 24 437
5 382 28 225 175 497
5 280 420 368 454 228
5 32 40 358 317 367
5 323 112 205 493 35
5 162 242 158 107 372
5 485 362 13 184 422
5 286 342 301 260 311
5 497 120 128 87 196
5 8 5 99 149 472
5 291 126 34 21 44
5 242 223 339 176 271
5 149 172 356 46 466
5 267 337 477 149 437
5 408 413 143 268 104
5 93 218 251 473 469
5 193 301 150 159 54
5 162 283 122 190 272
5 95 81 229 140 242
5 57 325 304 340 412
5 464 492 349 123 246
5 75 207 109 206 31
5 94 82 399 379 162
5 30 304 462 320 21
5 268 283 76 151 273
5 279 218 205 183 393
5 8 127 353 142 109
5 62 364 178 468 420
5 455 458 18 394 259
5 42 313 303 121 198
5 115 430 118 427 66
5 447 250 324 473 411
5 389 126 253 260 410
5 310 45 305 125 455
5 495 250 395 116 218
5 384 68 66 19 136
5 37 188 344 214 291
5 258 341 180 290 193
5 499 326 298 446 334
5 130 98 144 314 32
5 350 145 41 438 27
5 295 362 283 472 178
5 329 482 101 216 13
5 433 368 237 291 82
5 78 443 75 360 120
5 402 428 281 105 320
5 426 441 142 29 75
5 469 260 157 146 337
5 123 291 31 367 128
5 348 297 489 495 27
5 244 181 250 401 458
5 115 402 218 221 208
5 197 249 420 6 433
5 375 58 404 453 360
5 440 258 330 277 317
5 277 448 199 487 127
5 339 160 71 315 238
5 96 350 105 66 204
5 396 272 196 35 357
5 157 347 228 398 456
5 3 483 39 88 253
5 350 397 45 366 17
5 357 369 213 398 383
6 157 371 192 176 483 99
5 150 13 355 183 487
5 12 383 38 6 350
5 391 69 47 132 358
6 148 224 328 469 78 290
5 87 423 126 229 492
5 298 223 190 487 54
5 216 141 259 266 118
5 435 168 104 433 374
5 372 144 421 140 258
5 172 228 316 411 425
5 83 491 423 244 52
5 206 454 199 132 114
5 142 359 350 300 10
5 178 252 441 92 172
5 184 414 337 1 481
5 364 340 96 480 386
5 344 370 358 460 22
5 289 31 324 476 108
5 334 210 225 119 309
5 362 492 384 138 431
5 209 189 22 113 210
5 204 421 276 390 381
5 496 232 42 272 95
5 126 77 213 29 201
5 499 427 262 168 360
5 173 107 255 91 109
5 153 406 426 251 243
5 322 301 133 12 36
5 88 193 179 473 94
5 494 258 393 214 247
5 302 324 445 101 396
5 268 440 113 369 38
5 89 82 468 187 231
6 216 221 451 28 297 120
5 161 315 134 68 199
5 432 252 43 381 277
6 387 391 385 95 427 368
5 40 456 417 33 192
5 131 232 53 92 251
5 477 379 101 219 206
5 52 304 343 309 219
5 136 243 450 20 227
5 301 3 8 299 40
5 158 383 255 418 22
5 156 141 367 242 153
5 80 51 104 257 240
5 321 474 461 326 83
5 377 227 466 86 465
5 246 138 43 169 146
5 408 92 225 335 456
5 295 265 72 385 184
5 266 114 19 110 347
5 498 118 490 2 191
5 182 327 98 119 368
5 28 104 157 24 419
5 189 467 206 331 139
5 116 312 391 375 119
5 296 488 205 142 56
5 250 274 281 318 424
5 36 233 252 177 298
5 47 452 388 432 139
5 85 193 305 41 213
5 141 43 35 143 333
5 39 376 480 479 103
5 313 144 471 324 2
5 351 348 216 330 328
5 220 147 323 267 438
5 185 404 459 283 235
5 465 255 67 292 264
5 472 10 118 156 222
5 269 59 481 268 9
5 354 196 314 287 12
5 70 306 381 134 404
5 195 238 340 332 471
5 299 418 343 296 147
5 26 302 108 29 11
5 4 324 273 106 230
5 380 453 107 151 7
5 67 278 247 124 369
5 440 262 318 363 315
5 333 90 327 50 117
5 178 57 174 30 211
5 472 323 420 231 196
5 420 352 142 97 94
5 251 127 192 65 304
5 15 330 63 361 210
5 96 87 282 115 177
5 128 432 450 328 465
5 444 245 405 448 481
5 487 347 26 359 348
5 187 352 431 461 126
5 159 46 195 3 240
5 242 454 315 77 389
5 140 227 336 310 111
5 103 276 252 256 87
5 182 138 11 337 131
5 460 49 289 446 496
5 395 314 198 489 91
5 471 402 214 312 190
5 364 330 111 44 37
5 407 45 425 399 489
5 495 451 300 165 344
5 257 21 122 301 278
5 128 329 471 162 166
5 396 364 416 94 500
5 43 319 193 15 482
5 19 126 195 467 475
5 19 48 84 426 362
5 214 338 180 19 209
5 330 318 10 457 459
5 233 103 100 71 130
5 208 195 393 452 395
5 205 20 210 406 55
5 162 269 460 237 487
5 386 453 241 462 408
5 288 148 22 265 317
5 223 336 480 147 164
5 429 271 407 103 410
5 301 394 414 346 249
5 135 330 371 285 380
5 174 411 7 463 406
5 126 435 214 488 42
5 150 396 234 195 323
5 364 489 253 302 334
5 58 366 411 241 321
5 350 181 97 369 226
5 8 1 181 167 36
5 497 318 356 195 132
5 444 315 457 482 121
5 414 180 308 20 43
5 271 137 313 305 352
5 463 317 292 136 493
5 243 76 101 456 322
5 63 115 280 493 209
5 86 245 363 273 236
5 436 144 483 293 459
5 298 96 148 43 299
5 83 141 218 374 419
5 418 211 249 135 353
5 389 259 262 271 302
5 210 498 387 56 468
5 449 110 119 144 369
5 434 467 484 157 409
5 133 312 317 430 329
5 236 260 80 321 400
5 360 84 352 215 218
5 158 334 126 167 311
5 245 439 102 361 28
5 420 435 187 490 348
5 485 439 137 399 468
5 168 265 316 24 5
5 403 414 82 451 204
5 256 373 475 60 400
5 490 263 81 104 304
5 302 320 414 218 327
5 194 158 424 278 37
5 348 322 209 336 315
5 390 393 450 91 472
5 208 367 338 230 405
5 229 277 98 417 138
5 85 466 205 3 83
5 242 9 453 263 209
5 290 312 285 454 186
5 99 267 307 150 426
5 436 118 190 254 295
5 214 90 288 375 479
5 239 281 426 237 154
5 366 254 36 378 101
5 418 484 180 443 156
5 295 140 491 379 248
5 423 106 212 129 266
5 68 63 249 440 204
5 441 269 276 53 50
5 433 35 299 69 58
5 26 429 297 252 131
5 275 100 307 418 250
5 423 348 75 298 7
5 54 466 367 361 53
5 225 59 255 421 300
5 215 445 490 236 89
5 48 448 312 180 441
5 153 500 377 137 447
5 483 442 438 20 184
5 397 435 179 242 361
5 313 306 421 155 69
5 201 441 27 395 187
5 498 414 331 171 353
5 246 486 186 450 391
5 214 95 256 212 409
5 19 401 440 41 39
5 252 406 72 260 332
5 150 289 176 54 422
5 433 61 471 144 199
5 272 393 345 81 475
5 121 337 489 202 160
5 282 257 94 428 38
5 134 1 450 419 326
5 130 119 9 163 71
5 177 241 280 321 238
5 499 2 321 467 31
5 301 116 377 167 231
5 356 329 372 338 181
5 111 193 452 24 470
5 306 238 489 301 33
5 180 350 424 266 191
5 386 116 170 179 391
5 319 69 344 67 280
5 75 416 55 242 12
5 10 446 128 485 214
5 288 283 420 310 380
5 239 435 190 100 213
5 322 388 470 369 252
5 401 149 141 184 249
5 365 351 11 101 264
5 500 23 289 463 167
5 202 494 125 268 82
5 76 74 126 108 175
5 115 397 165 398 16
5 492 474 143 63 128
5 204 472 352 5 199
5 325 474 404 323 252
5 394 335 262 377 329
5 78 35 233 131 14
5 201 87 448 269 183
5 306 494 7 30 21
5 403 177 500 224 270
5 89 181 153 275 362
5 222 237 467 232 383
5 362 377 138 493 326
5 408 417 254 166 42
5 104 399 97 114 307
5 442 47 297 481 14
5 54 99 158 260 457
5 222 452 186 498 255
5 281 102 264 189 135
5 64 233 113 56 55
5 259 351 10 113 323
5 392 130 11 359 118
5 95 89 265 151 449
5 5 175 247 304 273
5 265 464 88 186 102
5 405 364 481 333 64
5 490 341 24 333 156
5 96 482 398 66 36
5 421 122 391 67 398
5 150 365 159 402 213
5 123 138 286 338 33
5 369 77 270 499 466
5 498 105 189 32 395
5 12 316 427 127 417
5 337 209 294 258 60
5 81 368 411 62 73
5 23 418 420 188 349
5 330 411 369 292 15
5 300 210 358 396 184
5 500 11 438 72 223
5 410 78 456 80 202
5 107 251 177 348 248
5 395 427 276 500 38
5 449 217 345 211 460
5 497 447 51 414 202
5 413 23 246 352 164
5 409 500 468 401 59
5 167 244 304 378 334
5 389 395 15 123 9
5 353 474 100 12 137
6 84 259 149 423 384 449
5 399 274 240 31 465
5 481 445 145 235 255
5 354 10 61 241 75
5 191 143 413 322 419
5 48 150 249 349 255
5 113 498 51 291 442
5 344 382 274 489 117
5 65 459 104 348 215
5 329 486 299 288 412
5 296 263 85 327 93
5 420 220 228 407 219
5 155 34 446 477 68
5 60 450 80 210 56
5 28 3 37 53 470
5 353 20 77 13 276
5 458 219 414 360 245
5 245 395 270 20 469
5 300 327 239 114 325
5 59 157 93 229 158
5 86 288 109 307 313
5 236 347 446 140 13
5 208 440 98 314 48
5 481 319 155 431 209
5 187 148 143 354 91
5 457 36 272 466 497
5 241 99 434 43 299
5 498 90 23 332 170
5 79 88 46 233 179
5 401 283 105 77 73
6 159 155 406 308 44 193
5 96 380 410 493 469
5 41 437 473 421 200
5 422 349 421 230 144
5 98 457 81 218 458
5 263 498 499 40 48
5 499 305 428 406 403
5 480 268 400 76 81
5 392 284 197 73 458
5 46 215 147 448 15
5 55 154 103 465 486
5 34 140 338 153 152
5 181 259 16 364 393
5 293 326 39 62 374
5 305 4 430 279 146
5 272 412 29 366 90
5 196 427 390 30 54
5 121 97 217 248 7
5 482 235 231 461 225
6 95 186 291 17 172 442
5 393 9 355 101 288
5 63 490 466 58 488
5 378 424 55 157 430
5 143 424 331 161 38
5 271 5 497 101 35
5 41 152 398 387 220
5 211 462 479 287 279
5 199 410 317 145 163
5 356 425 380 486 253
5 426 197 271 216 172
5 480 180 450 277 275
5 258 263 306 46 309
5 101 304 100 17 484
5 370 204 175 200 211
5 65 329 254 2 172
5 230 413 174 4 434
6 482 148 26 166 440 206
5 236 169 174 279 424
5 219 275 52 333 299
5 390 237 185 466 430
5 190 374 110 171 59
5 478 232 42 323 160
5 184 310 466 309 161
5 284 95 443 340 40
5 207 337 216 446 192
5 430 34 229 203 476
5 432 284 264 299 45
5 35 164 146 114 398
5 284 143 165 50 246
5 165 221 428 324 118
5 207 451 430 317 184
5 24 366 365 246 263
5 404 341 7 99 268
5 69 5 454 468 286
5 30 464 223 365 451
5 204 286 84 293 224
6 175 67 342 391 250 229
5 183 174 13 165 173
5 255 268 53 118 140
5 205 409 362 402 300
5 386 324 402 85 379
5 302 183 275 354 449
5 150 81 376 261 408
5 151 192 250 375 3
5 44 374 70 2 491
5 373 62 70 48 105
5 136 365 305 239 212
5 123 403 492 45 235
5 102 331 153 198 61
5 348 417 470 357 67
5 255 80 204 315 351
5 132 420 327 252 276
5 233 226 246 289 485
5 352 336 318 84 489
5 453 46 236 361 90
5 431 396 481 217 95
5 101 129 328 425 94
6 198 89 412 120 401 231
5 173 408 203 381 47
5 102 433 55 37 374
5 343 285 287 190 443
5 214 130 259 146 145
5 179 457 415 164 433
5 432 238 382 469 164
5 310 484 252 274 488
5 247 133 291 146 325
5 246 73 346 318 357
5 425 39 270 148 98
5 190 257 26 15 312
5 209 463 199 355 262
5 163 124 167 395 286
5 407 174 367 23 49
5 100 59 443 361 351
5 10 183 14 478 41
5 352 326 170 416 468
5 357 374 160 415 12
5 470 483 98 456 43
5 461 17 27 215 325
5 37 289 64 285 13
5 28 347 227 372 265
5 91 335 382 65 441
5 374 92 375 247 336
5 484 295 312 298 354
5 280 9 64 8 148
5 138 202 466 172 462
5 99 311 205 173 400
5 109 141 240 65 53
5 35 94 244 281 148
5 447 197 184 470 57
5 242 424 324 80 19
5 416 439 187 189 156
5 168 376 479 346 140
5 218 247 267 496 47
5 218 243 144 374 210
5 119 395 195 388 474
5 456 374 236 467 226
5 167 12 80 382 401
5 474 71 249 38 129
5 49 441 430 336 413
5 148 420 131 258 450
5 490 159 476 161 240
5 421 259 143 456 4
5 34 337 358 24 389
5 431 379 187 315 21
5 370 254 480 151 32
5 52 36 125 313 378
5 487 488 221 288 202
5 275 378 185 178 61
5 56 422 72 431 491
5 320 38 473 160 226
5 262 286 194 191 353
5 111 74 113 188 344
5 306 195 164 196 371
5 299 97 129 337 308
5 193 157 150 71 151
5 176 156 321 479 415
5 162 339 143 61 388
5 446 73 463 489 455
5 195 337 387 415 305
5 446 213 199 460 19
5 419 455 144 166 104
5 254 430 38 438 90
5 203 7 296 451 191
5 292 49 114 30 14
5 272 494 498 286 145
5 169 365 479 350 122
5 9 145 417 213 79
5 211 152 178 141 429
5 131 95 326 221 315
5 23 201 283 212 17
5 455 449 50 35 453
5 453 223 176 231 8
5 6 127 42 214 457
5 448 29 297 483 176
5 77 253 477 186 97
5 335 200 311 397 487
5 274 193 332 196 82
5 56 295 131 212 25
6 373 317 213 93 285 305
6 435 332 350 426 42 37
5 57 54 409 187 160
5 206 83 226 392 219
5 295 470 100 377 398
5 373 122 316 49 182
5 215 188 498 106 428
5 132 104 479 51 128
5 472 11 27 286 186
5 21 500 383 86 165
5 302 392 66 223 286
5 271 241 308 281 311
5 34 243 426 388 173
5 438 226 192 354 291
5 264 346 144 384 436
5 145 282 473 363 109
5 214 49 179 1 461
5 252 150 443 319 37
5 277 106 347 235 310
5 389 138 290 465 455
5 160 230 49 287 159
5 55 3 74 4 86
5 393 349 290 149 416
5 42 287 113 101 121
5 500 175 317 435 99
5 403 198 487 22 493
5 46 174 27 146 7
5 130 70 422 236 165
5 209 57 38 475 412
5 7 484 176 496 3
5 442 250 257 239 40
5 340 298 84 421 199
5 354 388 477 432 424
5 437 409 355 38 159
5 184 323 111 428 141
5 72 180 124 403 196
5 435 293 458 168 272
5 113 491 354 423 5
5 349 354 110 482 474
5 76 463 94 88 256
5 165 204 133 31 12
5 187 303 127 311 297
5 192 466 24 452 152
5 479 145 332 102 399
5 221 498 365 203 200
5 486 78 155 375 496
5 471 16 237 408 463
5 470 182 211 370 385
5 16 4 459 50 381
5 286 4 409 92 314
5 364 273 201 339 246
5 421 36 233 146 79
5 359 360 193 14 347
5 292 334 74 126 85
5 48 413 343 296 243
5 108 493 182 459 266
5 318 207 109 255 386
5 262 288 217 458 383
5 119 96 95 203 251
5 76 110 36 5 133
5 449 409 328 111 24
5 91 253 39 76 170
5 368 419 98 343 375
5 259 144 382 495 63
5 97 451 236 221 54
5 232 244 166 297 17
5 442 101 262 86 322
5 340 482 201 304 114
6 237 194 365 435 124 235
5 177 198 121 59 66
6 279 499 271 74 122 67
5 475 7 383 280 5
5 174 461 211 410 58
5 259 86 142 157 450
5 334 198 303 225 353
5 236 247 164 238 122
6 179 9 368 268 274 456
5 335 85 295 380 373
5 101 487 3 378 326
5 314 398 104 365 135
5 234 387 287 354 486
5 433 25 182 152 72
5 16 154 317 223 113
5 290 203 229 27 489
5 105 263 15 267 93
5 187 274 307 414 406
5 126 368 12 275 416
5 81 54 241 152 355
5 467 25 232 3 402
5 410 115 275 83 402
5 49 109 486 481 107
5 24 185 143 11 223
5 363 209 218 404 376
5 330 224 5 366 138
5 375 231 98 191 390
5 40 394 160 6 499
5 96 305 15 2 477
5 125 220 371 160 455
5 170 474 452 373 146
5 245 97 34 369 38
5 257 120 436 15 200
5 292 108 210 12 261
5 421 217 422 468 106
5 53 191 399 367 47
5 437 294 104 364 307
5 261 144 445 293 80
5 373 488 342 252 115
5 115 366 189 375 457
5 387 251 228 11 65
5 256 311 359 381 154
5 423 133 44 376 450
5 394 148 281 386 482
5 281 460 95 224 400
5 454 469 313 368 267
5 132 87 230 313 288
5 426 284 270 83 82
5 147 415 416 183 296
5 276 338 379 197 394
5 382 158 256 232 272
5 307 222 50 267 95
5 40 41 247 418 459
5 444 184 482 343 139
5 444 374 129 405 190
5 295 413 94 490 16
5 131 152 163 309 130
5 418 393 218 396 22
5 335 201 220 283 165
5 117 217 299 41 213
5 263 92 71 121 473
5 418 458 193 63 75
5 289 304 123 234 33
5 350 120 446 364 106
5 2 395 68 499 121
5 304 182 32 154 317
5 300 338 297 500 206
5 430 462 392 67 285
5 278 314 181 105 368
5 425 460 344 55 142
5 202 255 310 264 98
5 109 381 127 478 375
5 50 163 315 101 324
5 459 406 413 302 389
5 460 46 319 22 104
5 1 300 175 473 193
5 464 420 280 203 202
5 462 255 343 168 154
5 225 345 88 348 297
5 387 82 282 162 61
5 179 481 137 485 346
5 311 219 260 30 460
5 146 143 216 119 385
5 107 247 184 195 278
5 175 437 84 313 382
5 308 472 118 79 33
5 185 238 147 377 5
5 287 231 498 325 184
5 182 324 335 357 227
5 316 360 311 153 444
5 318 12 115 397 287
5 182 484 393 53 462
5 239 361 387 325 57
5 172 84 63 467 388
5 262 118 266 267 408
5 231 68 449 64 130
5 478 29 395 38 91
5 476 305 179 31 23
5 40 399 48 23 64
5 237 340 128 69 87
5 110 92 245 488 176
5 376 46 363 216 154
5 23 122 356 50 202
5 242 122 156 355 88
5 183 380 360 471 135
5 79 167 416 470 301
5 172 26 454 439 95
5 195 274 98 437 126
5 226 175 497 301 249
5 318 119 6 334 86
5 496 71 403 384 374
5 256 147 466 400 363
5 391 470 189 246 165
5 329 77 296 205 230
5 425 441 57 476 55
5 161 170 26 214 485
5 343 201 197 226 308
5 493 208 429 79 314
5 367 35 55 88 185
5 180 227 140 288 414
5 46 384 289 284 151
5 64 436 343 334 155
5 359 52 239 402 37
5 280 3 31 297 466
5 203 401 400 397 256
5 338 272 443 434 405
5 410 249 282 117 75
5 73 122 206 391 425
5 143 390 369 268 367
5 204 32 34 328 255
5 456 365 457 196 163
5 379 298 416 55 247
5 129 198 296 362 285
5 432 182 93 261 388
5 252 220 5 383 175
5 484 106 241 436 238
5 452 397 457 471 312
5 174 192 211 280 341
5 95 159 262 188 46
5 205 192 472 323 129
5 426 207 96 71 1
5 71 30 490 212 19
5 424 488 444 17 150
5 109 418 268 77 78
5 147 398 423 75 370
5 5 405 204 160 136
5 174 472 436 62 292
5 187 287 53 105 49
5 73 153 326 28 443
5 313 34 192 57 256
5 464 244 62 319 131
5 300 341 404 15 284
5 119 346 361 245 448
5 140 284 485 409 65
5 42 298 488 468 135
5 304 443 255 224 489
5 399 198 133 389 72
5 55 361 95 221 381
5 229 230 73 275 492
5 304 280 243 124 187
5 151 172 264 60 371
5 202 270 410 471 356
6 240 323 44 10 390 172
5 210 151 168 107 182
5 129 390 122 171 331
5 76 435 20 339 271
5 499 354 220 250 292
5 278 110 383 459 263
5 415 7 384 391 385
5 101 401 408 116 117
5 213 358 384 32 176
5 159 171 9 393 385
5 209 162 186 427 299
5 129 293 264 297 123
5 446 89 166 136 128
5 307 468 434 250 231
5 178 272 254 82 303
5 39 165 57 103 275
5 104 353 134 336 98
5 280 40 386 491 82
5 66 460 27 415 179
5 481 401 103 258 454
5 143 178 36 288 39
5 271 322 456 412 44
5 72 231 141 67 276
5 300 186 375 421 492
5 486 345 244 194 474
5 371 441 40 397 111
5 309 238 296 168 247
5 487 478 302 300 271
6 417 451 400 480 42 111
5 152 257 380 70 429
5 200 224 220 37 166
5 54 493 391 277 406
5 232 87 156 330 248
5 107 138 124 438 400
5 452 421 293 243 122
5 157 195 452 228 431
5 417 439 321 424 31
5 396 298 400 337 184
5 412 60 57 362 329
5 124 155 86 138 306
5 212 374 291 83 351
5 271 194 89 498 490
5 228 292 347 197 12
5 203 291 26 320 316
5 264 283 465 439 180
5 500 18 83 165 384
5 257 342 426 175 216
5 257 220 233 319 278
5 101 467 354 355 217
5 192 468 237 419 467
5 149 176 98 170 31
5 190 156 141 487 60
5 491 118 427 385 6
5 292 314 13 378 12
5 70 416 30 223 176
5 261 59 82 425 122
6 478 256 319 1 321 59
5 268 241 37 468 214
5 446 417 272 21 485
5 117 40 477 480 23
5 258 485 431 134 346
5 285 494 130 140 310
5 274 388 239 47 437
5 384 353 19 356 334
5 481 320 135 149 492
5 204 171 9 481 250
5 60 139 100 15 111
5 446 335 329 312 415
5 142 161 9 68 166
5 117 397 259 275 263
5 386 70 381 478 356
5 473 137 487 271 326
5 226 113 85 368 54
5 265 301 33 264 341
5 253 112 35 219 486
5 9 233 488 351 450
5 324 376 352 270 218
5 45 279 117 401 400
5 160 146 316 374 392
5 71 447 169 250 97
5 115 125 346 460 95
5 283 49 74 496 107
5 369 422 70 311 362
5 301 268 500 102 113
5 400 77 417 367 98
5 204 73 366 319 62
5 402 377 27 11 208
5 299 134 146 419 129
5 355 415 373 152 393
5 398 299 156 122 92
5 452 270 283 349 255
5 379 321 499 220 18
5 96 53 64 443 56
5 232 378 382 425 270
5 213 235 425 468 277
5 80 356 302 338 202
5 133 391 368 273 25
5 77 487 50 224 403
5 340 396 417 384 386
5 370 469 42 177 470
5 308 69 147 346 343
5 432 126 366 128 334
5 33 242 247 236 289
5 127 13 24 487 437
5 278 3 461 131 429
5 145 71 328 111 34
5 451 472 149 307 199
5 225 133 448 111 467
5 52 135 145 494 81
5 477 356 249 132 322
5 93 413 383 157 280
5 15 164 196 210 190
5 293 395 488 306 474
5 472 491 390 349 24
5 94 250 457 2 229
5 126 7 342 65 290
5 216 403 242 72 205
5 80 390 348 104 207
5 244 226 489 131 198
5 231 50 176 187 115
5 427 424 137 387 175
5 245 89 197 332 236
5 308 110 428 406 257
5 229 10 197 492 494
5 31 490 383 199 476
5 21 351 2 135 471
5 292 254 457 54 74
5 279 392 252 436 67
6 54 278 160 361 63 397
5 229 75 74 401 207
5 271 291 279 451 191
5 256 89 110 480 449
5 141 40 28 184 265
5 146 453 454 242 201
5 471 121 56 205 237
5 98 323 134 458 176
5 332 59 244 361 255
5 360 188 183 8 219
5 433 320 208 94 428
5 177 304 435 411 112
5 326 276 88 185 493
5 311 49 484 158 80
5 140 290 463 76 55
5 497 450 447 114 128
5 470 305 255 417 315
5 477 336 84 196 354
5 130 348 114 97 132
5 448 322 339 135 201
5 446 411 127 226 58
5 335 267 15 169 361
5 350 301 193 233 359
5 400 106 197 14 377
5 312 272 16 26 202
5 369 255 271 77 123
5 16 477 365 11 479
5 358 422 283 380 357
5 463 374 114 14 480
5 378 106 36 377 340
5 282 251 153 132 34
6 339 472 34 166 256 490
5 229 56 191 267 131
5 24 388 233 470 265
5 42 499 21 456 326
5 52 203 366 61 397
5 263 484 48 336 167
5 453 145 451 223 325
5 265 331 18 328 384
5 158 495 448 18 235
5 10 157 320 480 281
5 361 421 172 254 363
5 151 136 414 43 60
5 429 354 71 384 88
5 335 478 10 259 161
5 439 224 316 12 497
5 154 97 71 487 438
5 275 234 183 72 269
5 371 491 273 113 22
5 247 474 108 46 258
5 92 330 43 408 314
5 377 119 369 167 289
5 166 414 254 337 226
5 83 65 52 251 239
5 332 93 262 268 72
5 494 203 246 366 357
5 31 29 103 367 267
5 270 18 395 303 417
5 36 245 137 500 23
5 431 30 243 302 425
5 416 475 17 112 232
5 203 164 353 390 211
5 215 50 214 409 393
5 323 243 429 314 220
5 253 394 221 126 410
5 438 362 17 342 442
5 294 102 327 281 28
5 196 47 405 245 452
5 297 456 400 76 454
5 59 222 49 453 472
5 247 354 438 428 20
5 319 309 85 67 279
5 286 71 1 313 342
5 327 158 37 422 248
5 261 75 41 134 200
6 428 273 233 14 106 155
5 192 302 353 396 131
5 179 230 151 262 435
5 243 26 450 218 134
5 120 326 255 393 310
5 152 358 249 414 491
5 162 493 44 66 248
5 376 322 38 71 336
5 305 124 78 437 29
5 380 184 396 309 118
5 402 290 99 260 192
5 485 484 110 354 418
5 36 257 52 345 18
5 414 253 169 451 39
5 461 248 329 401 310
5 151 240 186 86 411
5 7 473 445 38 93
5 363 442 351 210 15
5 306 18 308 284 311
5 244 397 148 224 274
5 127 217 109 206 6
5 44 28 170 439 99
5 449 129 472 136 99
5 475 53 430 317 52
5 50 425 128 455 88
5 40 92 439 485 160
5 456 423 227 368 182
5 1 208 8 459 207
5 284 132 330 190 50
5 256 163 188 199 410
5 362 379 24 20 437
5 294 46 29 233 14
5 208 254 479 70 89
5 291 220 64 124 170
5 276 386 468 406 109
5 303 154 223 497 421
5 10 356 115 282 345
5 324 179 194 274 44
5 276 480 301 205 311
5 18 42 68 492 231
5 481 116 252 48 24
5 334 132 113 165 251
5 175 176 497 28 27
5 462 11 397 494 446
5 230 359 228 347 4
5 318 476 343 79 228
5 364 115 178 112 57
5 318 467 193 253 88
5 100 172 342 499 252
5 247 440 406 48 175
5 185 210 384 139 176
5 376 174 225 62 411
5 282 3 431 249 381
5 287 178 394 376 424
5 464 279 378 141 125
5 174 285 418 83 161
5 86 72 317 239 181
5 259 25 327 429 55
5 499 287 262 369 75
5 93 167 215 55 15
5 260 278 415 253 348
5 119 24 327 342 466
6 163 384 84 43 11 447
5 460 113 458 288 164
5 498 420 342 76 144
5 42 145 399 341 284
5 413 377 471 199 204
5 496 87 77 223 403
5 69 78 465 104 122
5 209 385 214 489 95
5 417 191 350 283 30
5 18 450 246 60 479
6 406 365 237 94 7 419
5 88 72 266 475 180
5 177 277 284 445 467
5 365 288 339 196 118
5 7 425 349 258 245
5 349 171 241 75 465
5 333 298 484 238 157
5 323 100 398 383 122
5 109 427 35 255 422
5 114 437 350 455 149
5 453 211 384 298 190
5 343 122 103 237 388
5 74 48 494 163 279
5 190 36 30 473 311
5 428 79 420 188 125
5 138 399 15 223 294
5 302 7 392 423 168
5 188 363 26 475 205
5 48 129 315 314 71
5 424 176 371 435 321
5 26 20 392 486 204
5 82 17 450 462 411
5 149 311 193 249 430
5 281 177 267 391 261
5 457 215 123 448 33
5 335 185 68 89 65
5 103 251 51 368 341
5 455 19 401 207 500
5 398 214 370 312 358
5 127 134 310 399 106
5 23 262 166 212 54
5 447 2 407 86 474
5 359 291 182 227 375
5 394 102 453 249 66
5 488 248 468 262 240
5 123 152 116 108 24
5 402 266 20 348 434
5 441 470 491 483 379
4 272 322 397 399
5 129 43 362 455 360
5 259 136 37 161 365
5 112 182 473 471 324
5 194 248 217 315 78
5 420 456 56 310 228
4 365 130 63 301
5 459 194 464 41 438
4 292 237 91 481
4 227 280 102 30
5 126 99 371 43 346
4 454 464 11 476
5 297 356 23 66 373
5 325 28 419 347 1
4 25 153 405 388
4 271 299 332 189
5 61 421 60 468 233
5 211 495 335 69 50
5 58 374 190 239 43
5 392 260 118 204 219
5 209 397 47 391 54
4 174 75 404 143
5 9 353 412 362 198
5 496 253 310 347 283
5 119 420 98 331 327
5 138 340 172 199 386
4 260 234 326 51
4 105 303 424 246
5 53 421 197 469 140
5 193 302 99 54 123
5 338 444 447 140 391
4 150 80 389 42
5 395 44 439 85 163
5 123 374 496 2 47
5 361 97 111 94 95
5 265 199 22 347 346
5 370 40 426 406 284
5 113 296 140 491 358
5 67 460 321 457 400
5 429 329 292 79 306
5 358 9 77 403 213
4 126 484 136 300
5 183 31 279 485 117
5 327 280 321 222 63
5 361 14 71 387 236
5 68 7 179 323 42
5 36 250 373 366 391
4 18 279 357 418
4 182 128 117 65
5 423 42 426 375 440
4 253 117 329 212
5 43 445 409 328 484
5 351 76 81 334 253
5 404 301 70 65 377
5 344 133 161 165 448
5 416 486 343 56 393
4 442 10 105 333
4 486 267 113 232
5 230 396 323 175 4
5 411 224 235 366 254
4 346 410 222 92
5 27 92 387 145 397
5 402 480 346 224 147
4 82 455 496 482
5 19 216 330 146 266
5 269 437 299 40 263
5 441 478 268 100 290
5 451 215 467 89 491
5 375 213 489 266 318
5 143 401 99 43 39
5 204 320 267 182 122
4 139 218 493 305
5 397 301 471 35 342
4 398 378 480 78
6 342 240 431 301 302 445
4 343 175 125 385
4 472 169 473 465
5 149 333 405 449 338
5 308 466 294 337 177
5 328 254 475 8 212
4 458 338 16 324
5 120 354 168 388 61
5 182 461 371 99 60
5 283 309 447 163 134
5 365 341 330 194 436
5 147 211 327 164 306
5 372 157 246 320 434
5 138 97 368 477 253
5 10 293 366 144 224
5 214 151 494 470 258
5 86 22 287 121 53
5 497 371 457 486 493
5 134 227 203 261 489
5 57 202 496 487 486
4 139 471 462 454
4 139 334 102 91
5 48 18 365 196 396
4 468 452 132 453
5 425 152 382 73 317
4 310 323 14 476
5 461 293 436 477 352
4 463 308 464 325
4 39 87 45 121
5 45 250 9 242 197
5 196 217 210 351 149
5 465 100 105 441 290
4 389 79 195 144
5 209 122 383 223 136
4 177 415 200 324
5 211 260 97 410 249
5 236 124 16 438 223
4 232 71 199 488
5 434 218 49 475 402
5 209 170 80 336 19
4 316 342 131 437
5 475 448 52 46 125
4 281 293 342 206
5 425 56 32 142 92
4 430 353 499 119
4 219 106 389 297
5 341 363 340 291 212
5 459 177 238 170 201
5 18 463 115 23 290
4 166 287 375 290
4 164 181 300 422
5 114 26 349 326 199
5 85 195 248 150 238
4 90 318 279 126
4 99 430 227 206
5 287 315 339 137 160
5 171 76 170 149 273
5 376 445 360 349 270
5 249 419 285 132 494
4 385 407 277 326
5 187 235 315 461 359
5 236 112 26 226 219
5 13 241 265 162 292
4 146 378 123 290
5 86 430 49 409 398
5 314 187 468 171 287
5 95 288 24 449 188
4 33 363 48 485
5 277 416 373 330 393
4 254 346 100 490
5 42 258 376 488 221
4 35 147 191 382
5 42 70 476 83 326
5 105 176 289 392 257
5 312 90 331 375 479
5 219 272 366 193 159
4 465 201 254 51
4 326 180 387 33
4 485 237 338 216
4 268 178 168 213
5 136 106 277 98 60
5 316 361 377 79 47
5 120 409 179 200 221
5 59 407 190 256 164
5 309 109 116 176 305
5 449 385 213 95 402
4 386 103 372 495
5 429 206 154 304 343
5 308 335 182 317 94
5 364 300 306 278 368
4 123 169 412 23
5 287 297 212 387 498
5 217 73 283 2 13
5 499 483 469 93 60
5 436 495 165 472 46
5 70 100 274 338 443
5 325 171 151 404 426
5 90 31 247 465 15
5 114 192 222 467 103
5 452 159 336 5 385
5 475 220 184 393 345
5 245 64 312 318 458
5 435 181 106 356 139
5 348 440 223 378 425
4 487 444 263 62
4 374 345 175 91
4 443 300 170 131
5 63 450 180 210 406
5 478 31 369 319 321
5 2 227 90 265 471
4 225 242 165 336
4 428 18 108 140
5 230 191 260 208 413
5 499 495 83 122 410
5 16 88 46 233 450
5 348 259 18 493 429
5 277 300 121 53 235
5 108 331 289 233 13
5 266 299 342 318 17
5 411 187 307 35 468
5 253 196 287 154 230
5 495 227 389 253 165
5 26 175 29 372 28
4 242 136 483 444
4 462 83 20 12
5 58 68 55 226 129
5 89 281 18 448 156
4 128 302 314 207
5 326 498 342 59 475
5 180 161 159 240 160
5 296 477 281 418 149
5 295 404 499 134 271
5 393 461 218 332 215
4 339 474 138 37
4 37 32 84 183
5 411 208 459 106 344
5 344 264 319 431 91
4 134 160 286 343
4 447 327 347 42
5 464 153 319 306 426
5 193 248 61 156 295
4 6 423 255 169
5 222 100 213 32 467
5 480 455 76 361 157
5 230 108 96 223 87
5 87 478 306 484 248
4 92 430 148 359
5 201 326 223 446 474
5 143 277 35 161 278
5 393 298 258 316 341
5 411 28 120 196 112
5 257 126 361 368 341
5 395 437 197 294 308
5 39 214 207 11 427
5 187 173 258 300 184
4 83 34 314 154
5 279 388 416 178 252
5 381 52 44 159 439
5 424 69 274 383 158
5 383 33 366 330 439
4 449 307 38 456
4 202 234 94 170
5 417 490 488 58 396
4 164 97 227 440
6 104 55 440 37 436 365
5 361 116 192 267 367
5 317 233 479 288 147
5 368 65 392 275 430
5 196 11 27 421 186
5 124 1 53 167 171
5 357 69 244 313 346
5 109 163 361 241 377
5 240 395 105 187 251
5 44 481 260 332 59
5 476 482 166 22 297
5 148 112 117 381 328
5 418 313 454 296 100
5 281 230 482 21 349
4 321 171 77 419
5 336 185 134 404 322
5 223 155 284 76 470
5 457 310 406 429 358
4 495 178 207 121
5 24 243 13 285 290
5 394 457 407 214 338
4 466 66 169 13
4 218 357 340 331
4 283 463 375 232
4 228 266 113 112
5 14 217 296 328 56
4 367 496 471 444
5 5 281 135 60 489
4 216 323 39 110
4 341 413 1 228
4 445 350 434 76
5 444 63 381 108 488
5 370 124 293 247 235
5 98 273 212 458 263
5 56 180 55 224 90
4 482 234 153 261
5 79 378 252 327 470
4 444 27 260 285
5 167 199 190 213 471
5 208 164 492 115 392
5 301 4 12 238 382
5 189 170 62 109 464
5 466 396 210 79 205
5 50 80 316 406 269
5 434 393 316 389 183
5 499 53 482 48 484
5 62 382 132 195 274
5 460 450 156 232 53
5 375 417 234 384 328
5 312 211 142 135 344
5 219 351 315 407 457
5 213 18 39 402 3
5 379 210 386 268 402
5 258 223 420 193 94
4 124 164 463 461
5 345 407 489 304 352
5 152 277 252 433 54
4 322 321 210 91
4 62 218 240 23
5 221 4 72 332 268
4 347 229 458 315
4 197 25 134 412
4 243 167 169 72
4 147 458 372 305
5 238 455 281 392 398
4 225 323 287 142
5 137 192 24 16 313
5 418 68 158 119 161
4 169 127 139 27
5 338 203 296 47 405
5 21 335 333 380 440
5 189 42 68 260 457
5 235 128 475 123 19
5 368 246 145 416 479
5 153 248 100 450 486
4 294 33 423 100
4 159 207 372 17
5 109 136 223 500 438
5 289 229 475 59 239
4 115 367 228 3
5 333 278 361 102 459
4 246 224 440 22
4 120 126 137 453
5 488 236 63 249 248
4 75 118 317 481
5 139 147 171 343 248
5 475 194 41 202 18
4 407 136 189 90
4 322 61 93 447
4 114 38 25 483
5 170 151 299 146 3
5 220 370 322 175 99
5 104 6 448 399 15
5 89 476 181 153 7
4 468 101 232 119
4 45 214 200 293
5 315 469 10 382 161
5 324 103 453 473 194
4 87 44 408 3
5 75 257 345 443 240
4 139 273 372 117
5 348 311 241 86 459
4 114 485 133 434
4 162 332 410 124
5 90 403 260 68 77
5 405 412 450 480 423
5 449 297 125 442 82
5 166 150 224 419 60
4 125 96 338 398
5 58 324 35 299 334
4 250 392 337 333
6 332 441 272 347 26 65
4 223 173 413 166
4 238 323 178 226
4 303 185 17 410
4 355 444 215 209
5 63 393 462 255 261
4 493 454 96 433
4 157 122 190 16
5 451 170 262 346 318
4 262 104 57 77
5 273 3 293 80 378
4 212 410 268 15
4 239 132 264 453
4 405 109 75 148
4 150 51 168 267
4 7 251 392 308
4 454 311 98 492
4 270 238 71 28
4 275 280 399 322
4 245 436 381 121
4 218 281 305 92
4 69 500 11 352
4 178 17 76 158
5 124 273 137 378 167
4 430 205 201 306
4 196 295 38 58
4 15 176 473 326
5 49 84 116 179 218
4 102 16 244 312
5 341 299 33 215 301
5 38 240 268 51 151
4 450 169 392 420
5 380 476 24 152 192
4 201 361 93 63
5 78 61 148 68 410
4 246 473 468 91
4 6 74 389 175
4 69 13 147 32
4 390 488 343 214
5 144 385 155 159 233
4 319 394 223 45
5 449 225 414 302 353
4 2 294 457 137
5 309 367 406 191 308
4 167 451 58 262
4 449 392 221 144
4 68 207 114 327
5 432 320 84 43 414
4 205 66 384 41
4 20 183 43 5
5 416 282 119 178 30
5 407 215 233 348 278
5 487 381 438 120 75
5 361 30 88 448 102
4 495 276 311 118
4 155 317 110 412
4 183 50 11 122
4 189 144 20 156
5 438 133 110 428 487
4 117 342 403 490
5 483 402 29 379 99
4 43 28 390 231
4 488 448 298 160
4 388 472 443 9
4 134 314 295 371
4 458 163 406 173
4 167 192 211 73
4 387 349 126 99
4 391 339 347 240
4 483 286 390 297
4 238 219 183 94
4 475 371 417 356
5 372 422 36 56 130
5 140 453 130 296 299
4 330 379 54 466
4 184 213 298 477
4 362 154 224 20
4 435 331 311 73
4 419 69 144 198
5 305 81 253 370 380
5 440 1 159 49 355
4 445 492 409 131
4 91 399 256 95
4 364 479 36 311
5 70 357 254 156 42
4 37 29 32 238
4 306 98 45 89
4 264 6 290 27
5 320 360 271 157 176
5 500 90 93 492 317
5 434 440 436 247 406
5 45 88 181 499 60
4 316 344 314 228
5 202 484 426 462 496
4 318 230 171 445
4 226 240 186 346
4 349 494 294 314
4 320 128 22 266
5 479 425 261 293 378
4 136 325 235 296
5 403 244 469 384 224
5 150 500 317 223 87
4 340 272 169 16
5 455 325 149 474 273
5 131 435 280 341 67
4 410 125 58 242
5 359 208 310 227 118
4 53 323 383 159
4 321 199 287 127
5 250 460 157 104 2
5 94 488 418 208 121
5 122 370 135 283 201
4 172 457 406 207
4 66 233 397 453
4 252 473 482 327
5 55 449 424 242 328
4 290 200 282 409
4 162 201 313 58
4 444 371 323 126
4 226 351 27 238
4 224 386 332 71
4 348 204 498 102
5 483 481 48 237 426
4 455 468 46 79
4 269 46 90 392
4 491 198 456 90
4 29 83 233 21
5 257 138 175 273 5
5 25 250 424 256 274
5 147 476 459 418 343
4 177 229 492 441
4 442 325 327 445
5 220 431 70 381 479
4 287 306 138 222
5 57 328 332 207 387
5 43 278 110 233 133
4 103 78 359 69
5 159 92 374 388 176
4 317 307 164 92
5 137 20 468 26 243
4 369 81 261 137
4 445 59 107 173
4 478 124 103 8
4 244 442 142 20
4 146 182 98 426
5 459 275 410 383 165
4 93 311 433 446
5 154 30 341 15 33
4 104 289 253 413
4 344 486 287 402
4 469 459 292 129
5 456 118 226 33 171
5 418 80 41 267 426
4 160 182 460 459
4 464 57 208 257
5 101 421 149 67 401
4 414 81 24 365
5 394 121 53 208 482
4 23 195 64 286
4 26 282 242 500
4 419 31 181 267
4 219 225 421 161
5 30 63 472 221 425
5 424 44 236 438 321
5 494 188 220 214 462
4 451 286 186 198
5 71 455 263 121 387
4 110 275 266 388
5 338 46 22 308 243
4 312 212 322 365
4 424 258 312 420
4 373 254 29 277
5 112 195 159 115 437
4 120 186 83 52
4 376 381 181 252
4 199 394 428 123
4 330 334 473 224
4 71 21 302 230
4 449 410 358 64
5 265 277 235 314 448
5 341 187 467 133 161
4 42 175 373 104
4 399 360 190 415
4 433 346 62 25
5 147 144 186 418 40
5 480 461 13 329 482
4 278 178 359 130
4 413 258 323 122
4 186 145 172 474
5 27 14 472 489 377
5 234 155 111 87 470
5 320 79 312 202 36
5 448 453 427 58 127
4 350 192 154 412
4 407 242 228 432
4 19 448 346 469
4 454 49 16 17
4 217 119 332 447
5 181 370 175 64 105
4 15 205 419 270
4 345 189 6 12
5 422 306 244 491 56
5 256 128 114 363 261
4 274 129 219 83
4 117 289 45 178
4 327 74 304 296
5 40 136 291 6 235
5 40 492 386 143 186
5 102 195 129 323 390
5 429 150 208 402 151
4 294 152 83 382
5 217 142 431 157 139
4 142 124 258 205
4 467 283 25 196
4 340 236 445 330
5 466 480 416 479 462
5 174 447 500 57 202
5 389 267 132 47 316
4 22 318 362 141
5 143 443 64 343 334
4 128 377 57 274
4 66 265 70 42
4 274 169 163 246
4 75 228 495 123
5 32 231 218 84 98
5 393 61 60 135 139
5 364 285 396 192 446
4 140 205 345 469
5 429 27 33 395 215
5 442 263 366 17 485
5 145 245 444 328 20
4 3 217 389 281
4 356 455 56 231
4 275 404 436 250
4 235 108 357 326
5 263 1 450 393 419
4 233 81 222 396
5 415 202 391 447 114
5 243 8 176 426 1
5 137 489 198 179 153
5 15 468 221 111 312
5 428 299 162 99 105
4 261 86 162 293
4 446 423 194 397
5 164 3 139 471 457
4 285 293 356 46
4 267 148 37 436
4 367 60 122 334
4 367 349 305 400
5 231 402 477 68 67
4 245 331 196 465
5 422 74 145 270 130
4 439 19 243 112
4 56 429 491 281
4 273 469 27 337
4 415 431 422 50
4 431 413 80 288
4 81 455 376 286
4 334 222 375 378
4 360 460 145 413
4 489 191 169 107
5 76 379 499 21 250
4 318 319 469 352
5 44 477 432 206 23
4 331 316 349 406
4 319 65 401 169
4 298 11 31 341
4 88 211 6 347
4 461 309 401 369
5 172 97 368 12 3
4 190 228 27 290
5 494 275 237 463 165
4 112 322 241 349
4 164 13 283 298
4 174 315 198 348
5 244 216 274 166 146
5 454 273 101 91 254
5 401 469 432 337 106
5 479 452 496 487 47
4 193 245 231 29
4 308 339 451 417
4 24 354 101 496
5 11 373 384 24 256
5 274 112 41 300 245
4 377 444 340 420
5 95 154 368 454 280
5 226 235 160 405 158
5 422 450 411 427 258
4 64 315 370 307
5 283 138 276 353 465
4 247 407 41 449
4 66 346 49 371
5 245 67 110 102 369
5 111 300 309 470 193
4 45 316 342 234
5 433 230 387 72 152
5 152 295 166 373 220
4 373 422 348 35
4 136 434 137 352
5 228 466 149 481 172
4 237 489 422 365
4 31 441 130 253
4 419 488 36 370
4 276 312 342 353
4 56 373 296 496
4 487 297 295 279
5 396 257 6 302 415
5 316 199 262 168 127
4 142 200 288 204
4 494 6 20 308
4 325 466 434 452
4 450 270 77 431
4 172 148 421 82
5 467 390 402 383 323
5 44 152 144 436 25
4 266 442 8 198
5 350 187 383 303 21
5 139 291 309 95 176
4 117 478 455 102
4 95 379 484 219
5 64 310 68 399 166
4 455 452 105 360
4 180 391 21 408
5 491 191 82 425 237
5 303 449 120 149 156
4 422 75 324 10
5 289 406 243 64 155
4 51 98 77 4
5 484 270 47 185 490
5 431 496 414 54 254
4 251 123 125 128
5 246 127 470 177 284
4 385 312 408 156
5 224 476 148 366 17
5 184 128 367 417 191
4 267 4 457 471
4 496 51 133 260
5 436 95 200 257 140
4 99 471 110 313
4 322 358 482 409
5 301 241 260 342 265
4 83 87 460 161
4 134 157 489 379
4 305 490 247 213
4 286 475 298 382
5 394 15 499 102 60
4 434 156 435 293
5 248 403 61 37 364
4 114 96 168 305
4 26 460 143 345
4 345 386 16 490
5 47 18 247 290 416
5 221 384 472 97 451
5 57 467 412 74 475
4 282 266 34 453
5 173 398 85 284 80
4 355 274 287 130
5 461 384 427 155 137
4 412 459 378 2
4 98 424 239 403
4 286 310 84 88
4 334 14 359 204
4 238 386 51 417
5 326 203 466 227 377
5 62 308 89 243 43
4 333 207 415 357
5 9 183 70 280 8
5 441 495 410 268 145
5 53 210 189 115 65
4 95 65 307 298
5 163 326 294 199 145
6 351 376 36 210 9 486
4 101 270 362 181
5 96 129 1 198 94
4 214 138 270 490
4 81 314 195 235
5 135 54 362 47 492
4 87 458 123 127
5 172 193 179 291 26
5 271 154 123 216 367
5 448 107 248 210 225
4 28 285 216 495
4 86 352 215 295
4 72 142 336 10
5 86 54 21 494 125
4 204 117 47 146
4 131 52 306 265
4 286 56 13 351
5 215 424 440 236 19
5 323 48 359 252 404
4 111 150 482 424
4 252 328 78 229
4 419 416 432 469
4 67 434 145 273
4 32 456 1 154
5 269 12 264 360 292
5 64 164 405 211 190
4 494 251 252 459
4 376 100 161 485
5 249 362 313 234 326
5 11 141 446 182 143
4 461 289 241 477
5 190 188 400 137 124
5 62 21 402 471 135
4 43 2 136 331
5 415 318 455 245 458
4 80 350 379 211
4 79 498 289 200
4 231 77 279 81
5 80 13 93 49 120
4 474 318 110 243
5 114 361 397 206 109
5 388 248 227 203 450
4 470 148 165 325
4 487 135 167 235
5 185 262 29 377 11
5 91 78 486 371 93
4 234 411 242 453
4 491 60 194 158
5 136 103 98 130 368
4 492 437 186 278
4 204 464 176 118
4 389 116 92 53
4 154 173 269 437
5 379 426 222 82 59
4 446 47 442 163
5 17 374 318 14 226
4 230 453 200 360
4 82 354 219 109
4 318 461 267 406
4 349 1 58 150
5 342 300 442 172 17
4 475 478 402 344
4 381 7 248 108
5 42 58 173 38 113
4 452 41 14 155
4 263 452 111 252
5 14 271 44 376 423
5 212 35 284 443 351
4 131 303 406 450
4 253 93 219 492
5 441 17 150 450 100
5 50 404 401 381 120
4 398 325 63 115
4 192 374 261 250
5 239 337 154 60 414
4 469 424 435 346
4 156 34 384 18
5 20 181 167 231 401
4 481 15 417 195
4 184 177 401 99
4 306 438 149 247
4 171 186 419 164
4 410 191 432 323
4 336 320 372 50
4 318 185 381 276
5 290 457 366 149 99
4 4 7 269 50
4 466 162 107 79
5 429 94 385 263 259
4 447 192 364 116
4 440 57 317 275
4 327 288 114 37
4 25 51 413 295
4 291 265 205 82
4 401 42 135 357
5 170 375 141 98 116
4 311 408 298 118
4 119 194 355 9
4 286 205 142 242
4 390 11 59 207
4 319 355 384 385
5 71 178 64 384 289
4 131 202 34 26
4 349 170 161 123
4 424 34 109 137
4 322 319 242 33
4 464 13 154 30
5 328 154 450 196 18
4 368 122 100 291
4 173 216 288 120
4 132 351 441 296
5 206 244 477 219 304
5 422 275 418 72 56
4 418 453 459 315
4 32 321 44 35
4 93 478 77 87
4 297 8 5 405
4 423 465 44 304
4 355 455 398 440
4 465 139 157 444
4 307 160 478 59
4 50 67 430 222
4 196 68 168 107
5 420 409 414 468 219
4 319 347 428 1
4 439 433 330 197
4 280 481 445 304
4 371 485 454 134
4 407 456 145 399
5 208 102 153 145 135
4 34 286 490 57
5 22 271 35 189 281
4 437 134 450 238
4 303 260 118 133
4 359 451 364 37
4 380 120 78 471
4 469 316 421 296
4 13 405 140 180
4 492 193 105 462
5 144 448 269 273 48
4 103 353 322 135
4 144 246 33 186
4 131 372 198 300
4 287 305 136 85
4 128 30 487 462
4 324 339 376 104
4 401 201 339 425
4 313 308 113 109
4 8 351 305 193
4 74 473 295 131
4 160 289 60 190
4 442 204 193 332
4 140 431 195 435
4 468 107 266 500
4 292 17 285 78
5 308 103 470 182 271
4 95 58 388 39
4 263 112 110 457
4 347 48 362 363
4 56 366 493 360
4 225 218 90 327
4 218 256 395 212
4 249 325 329 453
4 187 407 272 13
4 393 444 155 475
4 274 378 264 487
4 205 248 173 28
5 243 97 77 20 308
5 482 295 335 161 225
4 246 496 461 482
5 46 476 203 165 22
4 182 428 112 28
4 296 65 336 487
4 107 72 70 203
4 367 248 215 17
4 23 303 233 166
4 280 231 131 31
4 183 312 161 415
4 301 491 478 395
4 125 97 350 147
5 62 354 143 185 486
4 116 59 108 400
4 134 348 29 213
5 359 218 78 14 47
4 148 168 210 334
4 65 74 108 382
4 176 350 77 27
5 302 9 314 29 395
4 276 158 381 162
4 390 188 46 453
4 311 191 18 282
4 25 353 408 3
4 351 158 264 2
4 75 264 207 114
4 115 362 326 88
5 397 254 32 457 272
4 186 19 128 299
4 384 465 258 176
4 357 181 358 474
4 364 347 141 181
4 494 489 226 336
4 411 84 174 362
4 378 306 232 25
4 155 116 228 436
4 402 392 471 269
4 157 196 30 309
4 202 240 89 301
4 165 282 106 115
5 81 445 99 396 302
5 395 237 177 87 115
5 466 22 491 280 83
4 25 193 360 60
5 171 279 221 28 393
4 21 8 84 485
4 52 405 50 158
5 363 3 385 114 146
4 406 223 78 24
5 337 76 322 397 400
5 496 307 64 313 71
4 129 495 337 103
4 197 491 252 334
4 218 143 216 297
4 451 304 429 221
4 458 115 412 44
4 9 284 404 447
5 296 407 221 487 428
4 181 177 394 281
4 497 437 87 156
5 443 414 447 497 449
4 235 215 196 84
4 433 118 472 498
4 207 471 467 139
5 430 47 14 376 374
5 409 348 351 434 253
4 444 101 5 201
4 241 211 204 106
4 1 399 89 392
4 382 5 290 138
4 151 104 128 2
5 196 206 82 83 477
4 187 229 73 28
5 366 475 472 491 52
4 157 443 151 262
4 11 393 113 63
4 490 419 450 405
4 144 23 101 261
4 194 339 343 484
4 424 316 291 281
4 404 430 87 92
4 84 356 214 219
5 275 96 386 263 299
4 2 479 229 122
4 406 178 492 10
4 29 145 483 462
4 366 86 424 241
4 292 441 222 493
4 436 320 135 215
4 303 467 334 409
4 358 408 414 497
5 299 403 87 69 45
5 111 287 469 53 197
4 482 308 16 43
5 189 73 28 345 1
4 440 205 333 301
4 408 130 197 229
4 197 167 455 45
4 225 89 224 489
4 470 244 41 179
4 319 302 47 179
4 82 9 311 125
4 117 53 470 212
4 198 350 76 313
4 373 469 251 148
4 220 497 414 432
4 135 221 189 56
4 276 169 109 342
4 366 216 321 138
4 153 471 232 3
5 401 259 113 400 397
4 130 247 2 15
4 350 333 106 305
4 452 26 450 257
4 122 57 21 331
4 295 478 314 109
4 338 480 234 398
4 96 497 438 43
4 37 349 90 283
4 156 491 69 295
4 116 493 469 112
5 415 242 357 355 12
5 203 321 191 229 2
4 208 222 212 95
5 247 332 64 152 13
4 118 354 73 381
4 267 140 242 485
4 204 98 345 144
4 411 345 235 128
4 151 338 274 265
4 400 404 373 203
4 476 438 236 342
4 485 282 353 10
5 481 12 238 171 248
4 455 375 389 480
4 395 318 16 357
4 433 201 362 17
4 311 383 446 477
4 185 305 338 22
4 97 91 313 336
4 464 71 121 436
4 151 425 355 243
4 278 440 462 314
4 359 199 379 256
4 195 321 305 382
5 435 45 213 100 284
4 489 174 436 157
4 155 354 314 135
4 118 344 73 283
4 289 345 467 139
4 355 143 404 106
4 237 58 268 300
4 476 124 5 138
4 104 179 246 233
4 172 219 34 35
4 394 248 283 107
4 119 5 346 376
4 91 400 450 377
4 203 297 162 111
4 47 16 33 88
4 327 330 259 383
4 276 174 118 208
4 434 197 242 432
4 379 137 459 447
4 262 165 492 236
4 399 469 479 311
4 411 70 6 156
4 194 211 351 100
4 410 482 114 270
4 204 125 352 371
4 33 486 107 493
4 353 113 474 189
4 275 36 153 130
4 374 109 394 44
4 221 64 364 457
4 492 439 431 90
4 475 419 429 333
5 182 302 152 475 317
4 403 344 241 214
4 485 303 145 92
5 458 252 324 19 132
4 380 372 214 335
4 43 292 246 263
4 234 225 174 249
5 393 308 185 328 100
4 363 92 232 46
5 258 301 481 341 268
4 483 376 389 133
4 74 466 112 48
4 164 404 432 371
4 239 340 363 482
4 370 337 431 244
5 320 238 85 375 203
4 127 61 53 322
4 266 77 203 494
4 268 152 153 108
4 71 277 331 403
4 192 172 393 215
4 37 338 327 119
4 372 459 389 133
5 102 302 439 327 68
4 201 218 250 461
4 358 85 460 345
4 188 189 420 149
4 31 495 259 240
4 343 439 122 497
4 461 402 75 477
5 382 159 256 365 212
5 243 301 290 193 341
5 52 294 326 342 408
4 456 86 2 251
4 249 350 457 30
4 251 39 149 76
4 407 462 168 399
4 463 247 369 175
4 245 150 346 199
4 399 181 448 385
4 82 177 480 237
4 301 185 328 331
4 408 489 53 10
4 493 184 483 276
4 297 412 373 200
4 382 267 272 312
4 363 443 205 183
4 345 433 389 69
4 321 151 146 119
4 384 498 158 32
4 58 61 41 356
5 244 354 430 384 131
4 14 220 221 258
4 406 287 236 63
4 498 259 129 171
5 412 61 410 282 75
4 158 186 248 206
4 270 199 169 408
5 8 49 249 196 74
4 435 385 207 250
4 363 39 209 226
4 66 119 332 256
4 194 116 309 495
4 92 432 32 344
4 17 282 101 438
5 224 209 14 355 463
4 281 258 132 441
4 222 169 3 28
4 425 342 354 399
4 188 77 495 224
5 324 192 486 474 402
5 77 124 389 260 126
4 186 57 431 412
4 449 27 492 460
4 447 81 490 97
4 7 141 322 111
4 98 460 212 342
5 279 84 287 42 318
4 281 263 95 115
4 9 238 48 163
4 114 396 463 491
4 371 426 44 153
4 261 333 135 82
4 133 33 387 282
5 228 352 477 195 79
4 357 118 474 208
5 362 427 387 391 54
4 386 425 190 350
4 91 331 41 139
4 258 398 442 481
4 478 430 399 279
4 82 27 238 495
4 143 249 465 104
4 493 30 89 449
5 362 238 226 97 54
4 128 319 445 235
4 71 65 272 403
4 177 167 112 120
4 111 121 362 188
4 301 373 227 253
4 340 174 202 268
4 267 472 316 85
4 198 284 212 246
5 19 129 22 442 40
5 370 33 485 13 439
4 315 452 159 133
4 444 252 211 470
5 453 76 305 190 239
5 329 3 296 483 299
4 213 132 122 201
4 216 444 447 316
5 188 90 229 288 95
5 179 374 484 488 435
4 372 169 258 346
4 482 135 45 139
4 10 377 398 116
4 459 63 271 469
4 263 432 396 299
4 409 294 148 187
5 66 230 115 193 302
4 20 443 153 143
4 196 126 25 433
4 414 285 138 27
5 18 456 157 430 281
4 155 382 8 461
5 329 268 38 129 412
4 345 369 100 346
4 234 134 29 94
4 334 333 85 240
5 467 300 255 332 359
4 222 377 380 241
4 132 271 176 278
4 200 19 452 214
4 276 443 420 388
4 206 146 330 385
4 412 262 309 161
4 259 283 163 255
5 331 423 146 262 266
4 36 54 5 245
4 170 339 239 98
5 400 325 81 224 261
4 340 381 341 134
4 13 384 469 421
4 489 80 121 229
4 267 463 499 471
5 276 189 163 70 301
4 70 250 259 377
4 5 142 416 135
4 224 388 254 458
4 355 169 409 479
4 456 369 483 278
4 204 394 175 293
5 325 260 192 114 146
4 391 55 170 4
4 209 417 227 475
4 10 184 498 281
4 443 337 330 360
4 42 288 123 492
4 335 24 83 476
5 269 190 305 350 285
4 451 436 250 458
4 336 75 332 317
5 450 316 227 462 411
4 141 315 442 156
4 284 293 185 432
4 500 322 167 206
4 65 102 228 394
4 36 392 76 200
4 486 266 194 253
5 408 486 155 356 384
4 340 62 217 59
4 65 433 83 290
4 180 327 261 55
4 147 396 438 67
5 439 105 68 339 129
4 377 42 466 104
5 322 420 53 280 115
4 201 414 325 51
4 385 386 148 448
4 394 275 66 105
4 358 352 223 77
4 98 495 456 497
4 6 131 124 437
4 21 358 269 137
4 117 251 299 181
4 396 295 214 388
5 266 257 14 57 239
4 72 52 417 408
4 431 476 337 196
4 489 147 184 134
5 141 352 118 218 324
4 336 177 261 247
4 238 446 498 296
5 106 87 468 485 277
5 27 266 245 350 64
4 250 7 323 45
4 409 41 25 32
4 219 176 237 326
4 298 395 16 165
4 200 52 432 53
4 324 408 242 203
5 229 29 59 277 440
5 101 73 113 273 378
5 331 94 379 139 95
5 454 188 228 411 462
4 291 488 73 51
5 310 97 120 54 336
4 47 134 303 121
5 189 46 179 345 7
4 497 422 300 348
4 119 402 368 341
5 450 102 349 227 390
5 487 435 101 213 100
4 115 490 375 346
4 282 167 363 231
4 335 239 37 402
4 365 210 329 101
4 381 462 105 234
4 233 158 301 193
3 99 279 228
4 199 96 282 409
4 488 157 373 174
4 403 184 207 226
4 472 28 76 24
3 79 293 133
4 259 121 364 37
4 15 377 194 399
4 473 288 182 227
4 70 367 130 309
4 103 214 471 356
4 62 163 117 279
4 491 169 372 414
4 108 78 68 248
3 90 482 195
3 62 389 162
4 124 270 284 95
4 9 175 314 4
4 340 35 44 284
4 364 492 393 494
4 185 414 318 39
4 435 145 433 339
4 382 299 270 74
4 479 387 346 60
4 290 1 375 384
4 444 416 439 170
4 439 319 292 306
4 214 275 308 392
4 120 117 363 297
4 121 79 56 493
4 17 440 348 204
4 192 92 122 156
4 255 236 238 417
4 357 334 343 143
4 311 146 202 149
4 252 216 298 54
3 410 462 334
4 47 11 380 85
4 329 413 383 490
4 259 272 86 21
4 302 216 320 253
3 412 277 291
4 288 191 173 203
4 45 16 273 88
3 420 153 309
3 23 364 150
4 258 22 418 285
4 43 221 118 141
4 392 353 418 135
3 132 462 250
3 93 20 114
4 172 162 363 128
4 424 325 304 287
4 124 298 340 332
4 462 447 217 383
3 265 339 85
4 477 478 395 303
3 332 117 460
4 173 98 45 310
4 436 83 320 226
4 213 482 277 43
3 447 29 143
4 20 64 83 152
3 62 338 441
4 131 245 458 192
3 407 377 150
4 417 126 201 108
4 276 241 81 411
4 105 224 48 74
4 44 120 37 161
4 191 360 100 351
4 465 231 138 250
4 198 410 349 285
4 77 322 466 262
4 366 87 357 331
3 150 415 271
3 274 29 140
4 307 245 394 102
4 254 142 155 68
3 439 96 29
4 149 397 35 272
4 239 27 285 229
4 477 377 337 437
4 58 81 69 433
4 368 476 235 491
4 200 148 183 360
4 263 83 278 174
4 322 18 358 448
4 490 404 453 427
4 371 203 248 206
4 464 253 347 203
4 190 328 164 300
3 62 108 353
4 1 3 44 424
4 184 254 187 295
4 280 295 368 177
4 47 206 127 446
4 421 128 51 104
4 65 310 252 5
4 472 477 5 60
4 355 45 178 121
4 383 168 357 474
4 103 415 126 152
4 68 338 70 327
4 232 58 324 1
3 390 101 109
4 25 211 479 335
4 75 161 238 382
4 475 398 296 391
4 143 27 441 465
4 122 240 183 390
4 264 216 376 154
4 288 483 148 317
4 168 94 101 7
3 48 244 283
4 8 326 102 88
4 74 376 348 480
4 294 440 208 148
4 333 200 361 116
4 115 168 66 356
4 74 427 3 4
4 48 172 445 499
4 277 219 397 457
4 52 463 61 292
4 267 273 356 469
4 31 446 19 347
4 211 17 203 476
4 140 498 379 222
4 201 464 26 246
4 459 47 165 201
4 81 8 40 261
4 268 133 245 7
4 195 180 396 481
4 460 272 494 232
3 168 211 299
4 412 489 377 344
4 290 163 166 17
4 341 94 139 291
4 427 247 149 146
4 173 159 3 287
4 37 399 45 28
4 425 428 38 440
4 120 258 438 75
3 396 276 83
4 381 335 171 159
4 201 376 58 133
4 339 263 387 236
4 115 242 317 360
4 481 89 228 70
4 247 19 379 242
4 405 376 470 311
4 104 180 20 77
4 91 242 136 322
4 203 132 321 222
4 65 405 41 356
4 176 498 61 388
3 35 41 335
4 216 169 103 72
4 493 312 371 317
4 346 122 345 410
4 493 32 469 380
4 164 366 460 224
4 25 457 64 3
4 23 263 269 50
4 177 217 280 328
4 298 209 322 412
3 139 241 255
3 165 294 207
4 244 221 265 288
4 202 61 464 378
4 246 245 261 203
4 63 299 140 18
4 111 20 441 97
4 413 380 156 70
4 136 364 472 66
4 113 312 297 351
4 126 449 125 24
4 32 472 475 195
4 445 117 491 344
4 301 463 283 178
4 51 416 18 418
4 148 175 397 35
4 269 387 237 82
4 383 234 192 275
4 164 154 303 256
4 355 304 78 122
4 385 124 125 196
4 261 334 491 44
4 243 103 486 100
3 461 454 409
4 329 370 453 426
4 233 325 387 287
4 54 202 166 391
4 32 234 287 397
4 23 4 381 286
4 153 209 212 34
4 185 99 205 29
4 366 12 374 353
4 145 159 445 473
4 494 356 220 41
4 31 254 208 12
4 426 218 469 42
4 73 371 77 93
4 354 330 291 135
4 146 254 262 235
3 60 147 208
4 35 120 119 388
4 184 167 199 401
4 416 188 248 232
3 137 41 84
4 61 382 162 272
4 359 137 334 230
3 273 295 57
4 272 429 369 435
4 261 34 83 18
4 61 136 160 40
4 414 110 123 308
4 306 344 278 489
3 331 389 458
4 7 172 181 445
4 264 354 183 196
4 484 294 434 443
4 383 195 340 278
4 340 336 285 19
4 57 144 382 104
4 425 484 223 81
4 280 479 310 208
3 316 285 378
4 284 12 75 100
3 161 378 227
4 215 52 426 203
4 323 405 452 111
4 169 75 360 43
3 210 222 290
4 263 156 62 443
4 55 42 260 113
4 163 379 4 85
4 493 274 117 327
4 63 300 198 255
4 30 155 7 176
3 54 194 275
4 39 70 369 478
4 444 85 59 191
3 266 289 44
4 496 349 316 367
4 159 22 126 440
3 208 127 250
4 3 314 28 40
4 402 284 210 386
4 232 180 71 19
4 499 241 214 42
4 499 180 227 360
4 332 316 256 237
4 446 179 23 326
4 5 6 214 468
3 374 215 443
4 83 133 213 310
4 8 152 1 36
4 302 418 170 339
3 184 473 381
4 128 49 497 162
4 151 410 171 76
4 309 481 64 109
4 122 70 270 373
4 59 341 171 409
4 350 166 187 297
4 455 162 231 29
4 499 486 2 100
4 365 184 460 400
4 416 335 50 187
4 77 491 445 215
4 202 147 467 458
4 359 246 14 43
4 205 200 436 475
3 485 250 382
4 45 118 299 89
4 197 113 64 216
4 69 476 32 34
4 136 436 200 317
4 301 376 238 470
4 460 394 221 55
4 90 493 138 198
4 299 297 189 156
4 117 214 217 485
4 487 158 110 383
4 45 230 264 284
4 235 142 481 255
4 429 235 481 55
4 416 57 252 500
4 328 476 138 465
4 174 139 471 164
4 341 289 99 54
4 99 104 114 168
3 70 407 210
4 52 400 460 342
4 172 212 178 28
4 235 209 283 463
3 471 252 33
4 247 230 313 213
4 142 484 60 57
4 382 291 47 355
3 493 346 219
4 496 392 42 347
4 368 222 61 63
4 496 398 484 95
4 33 6 186 86
4 85 125 123 395
4 99 453 448 123
4 151 282 109 113
4 427 282 39 257
4 259 284 340 55
4 439 342 362 327
4 489 223 36 421
4 404 51 121 386
4 98 36 227 417
4 390 447 352 397
4 36 6 311 479
4 47 440 195 388
4 129 310 358 380
4 184 76 483 337
4 426 433 286 84
4 76 320 456 400
4 144 307 231 498
4 73 313 34 288
4 200 13 314 365
4 162 51 434 372
4 413 350 417 12
4 52 100 295 294
4 189 59 313 97
4 254 160 230 91
3 124 250 397
4 221 250 140 197
4 183 77 73 122
4 270 106 136 83
4 177 150 14 55
4 37 192 278 435
4 75 400 392 257
4 311 112 154 376
4 411 273 80 368
4 312 239 414 447
4 26 103 222 237
4 354 321 496 436
4 177 255 253 184
4 284 490 392 445
4 275 22 52 333
4 291 46 240 95
4 362 396 460 234
3 294 356 283
4 393 433 450 330
4 124 446 273 378
4 21 107 456 303
4 292 35 211 147
4 5 2 172 199
4 140 88 153 152
4 428 408 417 117
4 178 90 168 343
4 6 234 20 72
4 442 417 426 42
4 253 188 61 162
4 474 116 141 249
4 440 170 468 386
4 157 241 408 417
4 466 97 186 3
4 401 420 439 258
4 204 167 1 32
3 353 16 120
4 248 72 239 352
4 482 324 231 110
4 48 267 275 229
4 219 413 156 341
4 268 247 304 465
4 406 283 386 135
4 64 57 464 325
4 409 342 43 11
4 95 88 262 212
4 238 8 18 495
4 391 8 206 297
4 275 206 269 264
4 483 338 240 10
4 204 387 66 392
4 249 181 499 401
3 403 467 432
4 93 110 212 284
4 327 223 242 55
4 454 54 298 468
4 370 381 276 312
4 153 389 183 135
3 379 107 35
4 295 406 318 312
4 284 88 51 76
3 73 405 426
4 69 473 346 500
4 434 375 54 390
3 359 419 414
4 413 106 58 185
4 300 241 121 271
4 146 225 407 214
4 313 163 406 110
4 269 131 226 437
4 49 369 166 390
3 39 130 59
4 318 265 28 497
4 435 50 381 16
4 107 472 264 202
4 67 63 143 64
3 421 114 16
4 151 252 458 404
4 147 356 186 486
4 184 339 110 484
4 169 195 393 3
4 453 31 380 324
4 304 365 419 477
4 102 358 374 91
4 69 194 421 495
3 323 80 201
4 299 315 52 21
4 6 57 347 441
4 425 27 497 382
4 64 78 333 406
3 345 497 177
4 137 249 160 92
4 398 68 281 157
3 333 500 190
3 265 60 86
4 490 233 317 265
4 388 460 199 145
4 398 285 152 132
4 153 51 331 406
4 404 393 60 341
4 186 5 198 265
4 142 117 420 428
4 449 116 328 265
3 37 43 107
4 390 225 98 425
4 102 451 500 165
4 120 448 49 336
4 225 76 305 55
4 265 496 141 271
4 127 333 364 60
3 172 286 449
4 458 138 182 338
4 383 292 474 136
4 428 367 216 49
4 102 445 67 101
4 90 240 227 430
4 131 249 443 251
4 404 191 433 231
4 202 242 432 328
4 231 46 116 151
4 402 456 470 475
3 370 34 428
4 80 344 451 257
3 199 252 89
4 309 402 202 434
4 405 278 86 21
4 454 255 311 297
3 25 349 226
4 187 378 244 464
4 304 391 193 123
4 232 227 244 357
3 448 188 197
4 174 96 261 177
3 161 489 409
4 261 417 427 340
4 387 313 288 175
4 288 407 59 173
4 281 310 277 320
4 455 298 415 43
4 270 108 132 422
3 314 451 422
3 406 195 479
4 252 329 373 488
4 227 337 459 28
4 238 220 248 219
4 28 494 347 237
4 441 209 335 49
4 217 191 419 406
3 477 106 72
4 226 399 390 30
3 236 141 230
4 335 245 10 214
4 374 277 347 12
4 286 117 222 23
4 349 478 104 376
4 296 292 241 85
4 478 411 241 152
4 236 380 112 226
4 43 34 252 96
4 264 92 307 45
4 342 398 286 397
4 18 347 13 37
4 322 486 49 56
4 133 228 454 103
3 231 134 294
4 70 467 381 390
4 464 75 216 461
4 135 262 237 56
4 405 454 101 129
3 36 57 393
3 290 141 234
4 60 187 407 57
4 41 188 421 220
4 488 356 14 374
4 264 94 6 399
4 185 351 223 2
4 230 447 79 116
4 11 418 427 458
4 475 225 219 272
4 282 90 26 428
4 374 241 141 465
4 373 186 105 246
4 6 271 88 448
3 222 46 127
4 154 248 373 488
4 335 445 295 85
4 181 176 464 244
4 344 97 337 431
4 54 443 326 131
4 320 199 442 316
3 148 236 320
4 444 104 490 212
3 112 403 191
3 398 21 103
4 139 166 130 136
4 98 296 417 497
4 125 292 62 391
4 381 8 173 198
4 131 188 412 480
4 317 315 6 199
3 314 93 149
4 296 133 28 39
4 113 314 409 401
3 285 500 9
4 324 55 252 108
4 25 307 418 170
3 215 229 452
4 459 212 470 378
4 175 58 67 185
3 38 308 28
4 30 293 428 306
4 276 275 327 333
4 38 290 289 13
4 110 97 480 438
4 293 180 290 193
4 262 139 316 125
3 431 267 146
4 476 127 89 437
4 108 259 92 142
3 215 79 485
4 383 289 236 500
4 189 446 353 135
4 420 415 283 273
4 313 347 88 94
4 39 445 324 194
4 412 315 353 418
4 118 134 322 243
4 69 75 262 147
4 212 368 49 423
3 370 179 441
3 256 183 282
3 38 219 178
4 181 487 422 72
4 130 198 350 314
4 244 364 167 94
4 376 24 336 285
4 199 475 239 232
4 402 229 177 246
4 323 291 326 44
4 447 155 452 86
3 277 293 178
4 38 223 70 257
4 14 416 44 47
4 6 337 70 481
4 219 465 67 247
4 279 448 46 309
4 407 360 13 352
4 116 451 169 253
4 87 142 430 157
4 374 434 57 486
4 441 331 50 18
3 479 476 279
3 74 210 131
3 429 388 176
3 209 269 479
3 442 180 465
3 138 423 386
3 272 110 168
3 32 331 412
3 270 338 444
3 44 464 213
3 421 430 115
3 375 448 328
3 97 405 408
3 104 70 460
3 146 300 247
3 369 179 113
3 357 77 280
3 78 275 17
3 392 429 66
3 335 450 225
3 378 221 254
3 93 481 14
3 242 104 257
3 114 23 239
3 287 291 198
3 87 116 373
3 499 89 15
3 102 466 500
3 418 456 193
3 268 437 367
3 364 228 387
3 470 291 175
3 145 414 218
3 145 269 317
3 107 420 496
3 308 487 60
3 176 362 24
3 272 128 291
3 390 464 319
3 188 338 383
3 128 171 475
3 168 408 16
3 22 211 353
3 382 254 147
3 155 499 17
3 305 462 484
3 422 321 14
3 267 348 223
3 110 300 89
3 51 116 194
3 395 173 499
3 456 452 154
3 44 249 324
3 467 79 94
3 258 365 316
3 419 67 250
3 84 190 54
3 375 20 463
3 378 33 338
3 329 6 206
3 490 394 244
3 376 400 264
3 443 82 355
3 70 322 30
3 136 131 411
3 138 269 321
3 205 48 273
3 187 432 240
3 286 245 344
3 179 178 30
3 342 317 65
3 22 34 19
3 154 209 230
3 53 319 251
3 176 338 134
3 12 428 199
3 206 408 438
3 267 310 341
3 355 471 451
3 411 336 172
3 59 306 10
3 418 270 193
3 107 130 271
3 210 423 243
3 71 127 251
3 247 161 449
3 1 238 333
3 205 12 112
3 466 435 45
3 111 273 42
3 113 69 498
3 56 256 231
3 43 466 462
3 3 422 64
3 173 192 412
3 342 339 389
3 343 267 307
3 255 47 253
3 301 498 315
3 126 477 219
3 385 27 92
3 217 85 439
3 403 249 326
3 449 367 286
3 261 121 113
3 398 127 67
3 285 448 89
3 327 381 164
3 92 104 98
3 129 312 412
3 221 48 441
3 1 267 242
3 224 321 473
3 331 141 161
3 186 150 408
3 368 262 165
3 173 347 346
3 129 51 96
3 10 232 6
3 494 144 489
3 404 131 302
3 87 287 369
3 110 464 202
3 233 121 428
3 355 25 327
3 139 430 480
3 39 305 281
3 228 463 406
3 392 301 135
3 366 74 101
3 266 359 255
3 19 372 123
3 402 123 169
3 12 312 357
3 224 289 118
3 345 129 83
3 458 409 235
3 275 382 4
3 22 414 344
3 11 9 84
3 484 366 216
3 345 376 424
3 128 185 210
3 446 399 307
3 290 422 312
3 417 24 166
3 426 268 241
3 165 331 218
3 226 232 119
3 348 61 135
3 213 38 97
3 408 50 414
3 272 499 395
3 215 422 490
3 265 438 471
3 268 157 360
3 487 96 120
3 144 209 342
3 63 471 103
3 71 262 19
3 292 77 226
3 381 17 232
3 122 330 452
3 435 142 287
3 78 196 168
3 490 167 126
3 340 401 369
3 390 320 343
3 246 181 91
3 61 407 304
3 58 441 92
3 53 78 482
3 389 142 74
3 140 427 279
3 82 159 5
3 127 379 4
3 300 424 31
3 366 294 102
3 234 365 307
3 424 228 303
3 389 306 271
3 215 119 376
3 231 164 171
3 68 396 500
3 388 29 314
3 177 286 342
3 192 9 304
3 240 22 40
3 269 45 392
3 355 53 487
3 227 81 30
3 64 271 312
3 198 481 350
3 34 474 12
3 40 52 273
3 86 339 125
3 105 146 241
3 356 312 46
3 160 16 439
3 121 500 123
3 190 274 62
3 191 452 133
3 489 145 99
3 299 91 371
3 253 1 434
3 227 194 351
3 321 389 369
3 40 188 143
3 309 446 118
3 307 495 83
3 69 133 13
3 210 424 236
3 240 415 12
3 316 65 357
3 242 443 324
3 158 419 37
3 60 480 160
3 466 23 237
3 425 44 126
3 32 351 297
3 81 51 370
3 249 452 471
3 249 166 482
3 461 467 201
3 474 417 485
3 422 337 125
3 324 303 415
3 37 427 443
3 67 153 292
3 442 495 438
3 25 89 401
3 20 303 469
3 280 88 207
3 63 211 84
3 381 31 154
3 50 300 396
3 309 472 5
3 426 372 203
3 101 165 144
3 47 295 132
3 83 171 471
3 235 150 194
3 382 400 83
3 353 234 195
3 407 111 7
3 45 189 68
3 131 4 56
3 231 71 431
3 170 430 151
3 122 434 495
3 14 1 292
3 109 122 60
3 23 6 211
3 471 441 91
3 116 26 20
3 489 151 51
3 183 305 125
3 350 404 134
3 350 473 412
3 162 129 136
3 258 385 316
3 337 7 155
3 205 214 457
3 208 223 285
3 92 163 301
3 449 132 243
3 309 84 32
3 102 303 332
3 388 347 354
3 385 500 155
3 370 451 276
3 412 273 45
3 245 432 369
3 223 318 107
3 198 387 174
3 249 298 350
3 153 286 298
3 493 405 497
3 469 128 290
3 190 403 360
3 49 97 232
3 218 151 434
3 283 316 291
3 361 380 160
3 18 304 50
3 9 248 284
3 222 293 255
3 266 133 74
3 354 427 95
3 53 359 299
3 483 223 446
3 447 206 148
3 485 236 70
3 151 362 347
3 402 156 150
3 159 257 112
3 414 45 167
3 11 491 182
3 441 118 260
3 293 159 286
3 315 66 21
3 2 455 217
3 142 21 488
3 386 144 445
3 492 227 300
3 15 343 167
3 94 105 476
3 386 252 383
3 188 388 125
3 469 396 27
3 62 88 462
3 391 367 229
3 121 84 156
3 371 349 221
3 232 278 264
3 417 84 127
3 371 152 333
3 90 374 58
3 364 214 138
3 219 470 80
3 425 149 237
3 190 468 250
3 226 189 484
3 313 423 302
3 377 438 42
3 218 194 414
3 96 310 426
3 203 406 27
3 463 488 338
3 391 111 308
3 7 353 38
3 44 214 81
3 16 321 77
3 75 263 167
3 457 21 375
3 496 298 320
3 40 321 2
3 253 312 255
3 426 364 202
3 298 8 213
3 67 239 293
3 209 163 279
3 181 387 31
3 4 294 344
3 128 198 66
3 355 201 159
3 64 169 416
3 316 231 468
3 484 163 81
3 297 57 104
3 447 133 52
3 61 335 361
3 260 486 345
3 108 207 352
3 69 269 162
3 195 91 273
3 167 7 248
3 72 101 467
3 178 398 85
3 348 2 324
3 57 463 369
3 351 478 443
3 306 254 277
3 463 42 16
3 29 385 155
3 106 439 342
3 245 305 279
3 210 464 349
3 217 374 212
3 30 82 148
3 195 118 305
3 403 163 45
3 286 106 66
3 393 206 159
3 276 405 202
3 73 485 159
3 140 473 445
3 380 224 419
3 144 311 362
3 397 358 250
3 126 281 152
3 472 160 24
3 31 186 472
3 213 370 486
3 247 498 32
3 118 488 260
3 346 266 460
3 377 308 331
3 179 436 9
3 456 114 363
3 18 178 321
3 247 212 363
3 17 344 161
3 470 164 174
3 352 288 227
3 42 285 426
3 87 463 140
3 492 294 441
3 206 246 14
3 443 479 420
3 385 2 156
3 284 359 82
3 335 178 89
3 72 367 25
3 111 163 283
3 148 498 35
3 452 264 41
3 74 237 327
3 468 185 173
3 266 24 194
3 91 428 180
3 39 465 88
3 357 241 78
3 358 404 99
3 420 453 99
3 147 78 64
3 392 86 363
3 314 305 22
3 333 433 229
3 343 291 99
3 363 373 348
3 142 419 86
3 465 167 331
3 251 139 444
3 417 250 377
3 340 307 96
3 365 443 374
3 147 112 26
3 468 251 51
3 215 198 295
3 326 292 314
3 76 206 343
3 27 168 138
3 94 409 136
3 40 76 485
3 13 10 466
3 407 302 377
3 218 329 90
3 231 491 239
3 158 417 439
3 389 388 200
3 170 419 25
3 121 461 387
3 330 491 208
3 333 146 52
3 173 6 415
3 262 333 359
3 375 74 98
3 89 29 439
3 111 126 224
3 4 400 381
3 472 260 124
3 55 308 251
3 14 45 296
3 209 461 363
3 251 495 309
3 483 187 309
3 41 98 306
3 304 195 46
3 10 9 388
3 202 28 317
3 430 177 445
3 256 413 159
3 392 191 160
3 134 354 36
3 223 220 214
3 437 39 421
3 336 279 91
3 236 186 361
3 308 149 395
3 479 12 67
3 102 151 498
3 125 75 465
3 215 287 234
3 215 269 256
3 129 100 478
3 373 98 157
3 89 435 365
3 34 467 471
3 43 208 374
3 252 50 5
3 304 310 123
3 220 357 233
3 400 368 149
3 249 79 117
3 358 251 282
3 208 120 474
3 130 473 442
3 182 104 233
3 345 344 16
3 497 333 438
3 466 160 46
3 406 478 236
3 76 294 361
3 185 494 143
3 68 363 376
3 228 298 484
3 26 21 143
3 445 134 319
3 142 470 402
3 269 484 496
3 436 366 33
3 237 335 187
3 208 473 429
3 173 79 93
3 231 185 289
3 427 73 66
3 338 263 459
3 359 207 118
3 330 274 29
3 372 132 264
3 266 220 4
3 167 156 395
3 243 250 242
3 233 358 140
3 86 168 479
3 51 385 216
3 486 414 81
3 332 428 123
3 243 226 269
3 495 488 117
3 86 298 151
3 285 149 380
3 469 413 289
3 281 49 93
3 436 454 37
3 66 467 432
3 36 461 372
3 237 462 453
3 152 278 110
3 159 332 197
3 261 283 93
3 41 4 413
3 128 277 125
3 244 257 282
3 423 419 217
3 158 177 295
3 243 433 30
3 336 251 39
3 175 269 460
3 305 260 437
3 361 386 384
3 317 289 154
3 50 160 323
3 307 425 232
3 96 353 480
3 283 438 254
3 84 232 11
3 371 363 212
3 353 82 474
3 319 438 193
3 11 428 110
3 229 136 438
3 397 125 399
3 214 361 411
2 149 315
2 281 319
2 205 17
2 63 94
2 161 164
2 397 135
2 460 166
2 105 436
2 368 403
2 69 326
2 71 432
2 395 394
2 167 29
2 133 59
2 233 309
2 465 409
2 140 234
2 229 369
2 129 355
2 445 226
2 144 87
2 426 382
2 451 328
2 280 260
2 430 213
2 219 285
2 375 72
2 303 277
2 183 38
2 336 498
2 317 334
2 309 120
2 35 339
2 137 111
2 41 406
2 487 461
2 203 315
2 67 10
2 1 311
2 432 123
2 29 212
2 454 143
2 331 402
2 139 321
2 262 264
2 488 414
2 198 289
2 430 439
2 404 476
2 239 242
2 110 353
2 41 158
2 345 203
2 80 8
2 488 415
2 325 16
2 225 360
2 464 22
2 20 238
2 378 163
2 261 323
2 256 235
2 328 427
2 95 500
2 295 401
2 51 127
2 82 79
2 69 375
2 440 259
2 257 441
2 319 205
2 370 304
2 301 31
2 176 325
2 188 490
2 416 345
2 387 77
2 94 164
2 363 451
2 316 33
2 452 11
2 26 10
2 487 485
2 123 143
2 433 232
2 182 275
2 17 34
2 486 419
2 293 471
2 415 211
2 116 100
2 356 476
2 29 101
2 217 216
2 290 103
2 337 214
2 306 200
2 455 438
2 405 194
2 270 335
2 42 131
2 473 20
2 133 380
2 395 172
2 346 46
2 350 463
2 123 295
2 103 263
2 304 38
2 303 288
2 411 472
2 459 419
2 111 260
2 487 253
2 416 58
2 276 112
2 59 339
2 7 424
2 63 496
2 328 130
2 449 261
2 235 334
2 322 173
2 213 164
2 100 325
2 154 129
2 486 174
2 462 329
2 25 484
2 462 73
2 425 68
2 433 315
2 283 88
2 137 108
2 168 411
2 410 195
2 421 329
2 86 106
2 250 492
2 341 334
2 421 280
2 443 293
2 460 243
2 200 495
2 44 65
2 252 354
2 491 190
2 496 297
2 122 282
2 321 232
2 110 298
2 194 420
2 473 360
2 114 32
2 340 254
2 396 255
2 20 158
2 380 394
2 422 105
2 274 387
2 269 278
2 67 451
2 379 78
2 168 451
2 135 396
2 29 293
2 408 378
2 89 400
2 102 141
2 431 456
2 186 404
2 110 296
2 77 471
2 188 83
2 279 327
2 107 52
2 492 211
2 332 325
2 266 287
2 468 261
2 469 209
2 396 440
2 95 294
2 207 234
2 473 228
2 42 242
2 158 124
2 54 318
2 484 227
2 419 240
2 393 133
2 112 198
2 134 124
2 191 324
2 34 423
2 377 113
2 174 200
2 181 209
2 270 4
2 376 277
2 68 219
2 239 353
2 97 4
2 500 349
2 237 138
2 457 491
2 337 87
2 141 237
2 184 153
2 210 332
2 347 483
2 113 459
2 442 369
2 434 30
2 48 353
2 137 232
2 387 416
2 28 84
2 33 490
2 36 35
2 39 439
2 363 173
2 499 230
2 208 170
2 136 448
2 43 234
2 147 189
2 127 79
2 167 225
2 139 485
2 22 59
2 457 183
2 14 458
2 332 160
2 280 229
2 210 333
2 361 359
2 476 274
2 218 85
2 470 409
2 419 230
2 323 496
2 299 425
2 72 469
2 444 61
2 181 296
2 99 108
2 389 197
2 242 295
2 191 437
2 467 61
2 90 20
2 480 299
2 445 397
2 131 195
2 282 302
2 281 215
2 327 96
2 270 38
2 342 345
2 355 184
2 308 330
2 274 200
2 9 49
2 354 53
2 294 196
2 47 28
2 342 9
2 49 83
2 177 114
2 442 393
2 28 277
2 36 469
2 184 127
2 202 15
2 112 365
2 164 152
2 285 390
2 271 310
2 272 258
2 263 141
2 349 229
2 125 230
2 437 352
2 202 88
2 37 115
2 272 174
2 57 397
2 1 135
2 194 411
2 18 204
2 100 278
2 23 394
2 75 472
2 295 486
2 260 62
2 88 400
2 478 452
2 284 135
2 361 401
2 282 246
2 441 477
2 161 230
2 469 225
2 199 158
2 473 390
2 369 453
2 84 162
2 363 492
2 498 169
2 449 347
2 307 458
2 228 433
2 207 367
2 75 271
2 78 230
2 167 74
2 29 226
2 306 447
2 423 422
2 412 150
2 253 327
2 31 337
2 448 431
2 81 199
2 482 352
2 193 446
2 390 180
2 234 251
2 302 265
2 458 8
2 475 162
2 369 379
2 216 144
2 157 6
2 401 374
2 464 299
2 143 434
2 491 46
2 228 351
2 425 388
2 155 253
2 76 292
2 168 141
2 32 217
2 329 364
2 286 330
2 497 58
2 265 180
2 53 66
2 201 500
2 463 26
2 162 228
2 155 432
2 353 125
2 311 340
2 399 35
2 383 426
2 259 453
2 115 299
2 176 334
2 207 420
2 459 373
2 135 98
2 62 458
2 52 141
2 158 48
2 255 13
2 234 481
2 484 191
2 426 394
2 38 56
2 399 480
2 281 364
2 279 138
2 210 282
2 179 187
2 359 479
2 292 121
2 293 384
2 229 302
2 428 61
2 410 215
2 379 320
2 258 368
2 358 273
2 56 278
2 198 405
2 203 298
2 132 9
2 51 193
2 21 411
2 220 469
2 263 244
2 397 241
2 341 427
2 438 379
2 429 212
2 300 367
2 331 481
2 216 429
2 411 313
2 405 163
2 79 358
2 134 9
2 340 380
2 198 484
2 330 75
2 358 237
2 158 165
2 383 302
2 87 454
2 472 375
2 170 152
2 93 246
2 4 463
2 444 259
2 52 330
2 220 461
2 115 48
2 110 345
2 422 332
2 127 130
2 205 130
2 482 384
2 120 290
2 177 446
2 437 446
2 247 248
2 26 444
2 240 306
2 16 116
2 127 225
2 136 381
2 109 428
2 165 452
2 157 352
2 326 380
2 463 311
2 370 23
2 423 495
2 423 500
2 58 134
2 96 375
2 106 391
2 38 194
2 166 78
2 489 114
2 5 347
2 67 206
2 461 333
2 22 232
2 276 59
2 66 15
2 65 278
2 92 80
2 348 494
2 46 57
2 397 22
2 80 96
2 423 62
2 432 109
2 183 195
2 371 365
2 192 227
2 443 296
2 325 348
2 184 257
2 218 175
2 407 373
2 57 314
2 257 215
2 319 353
2 425 409
2 409 181
2 105 21
2 4 109
2 23 475
2 436 59
2 346 211
2 195 348
2 325 232
2 411 428
2 109 348
2 407 117
2 477 73
2 452 73
2 130 497
2 74 27
2 134 214
2 47 434
2 128 312
2 411 145
2 147 453
2 471 405
2 270 248
2 169 121
2 375 314
2 282 141
2 119 364
2 460 201
2 391 157
2 149 465
2 217 77
2 487 222
2 187 241
2 183 480
2 394 291
2 42 181
2 394 311
2 428 469
2 33 175
2 116 456
2 194 403
2 478 469
2 27 311
2 496 136
2 302 370
2 324 310
2 265 114
2 374 166
2 363 194
2 93 495
2 156 4
2 367 5
2 59 356
2 145 310
2 403 175
2 338 456
2 306 396
2 246 351
2 217 269
2 490 174
2 454 60
2 483 290
2 482 12
2 427 292
2 433 130
2 497 121
2 485 494
2 440 296
2 2 23
2 9 291
2 495 378
2 23 403
2 279 2
2 91 288
2 5 241
2 258 47
2 117 347
2 220 360
2 360 339
2 224 2
2 143 80
2 459 341
2 128 206
2 386 288
2 367 439
2 225 252
2 288 249
2 420 463
2 461 55
2 33 356
2 269 70
2 150 494
2 83 150
2 391 34
2 174 431
2 74 194
2 148 121
2 228 150
2 218 180
2 477 148
2 467 437
2 124 364
2 132 438
2 431 464
2 379 153
2 330 8
2 296 410
2 169 391
2 352 264
2 347 294
2 453 217
2 446 386
2 454 429
2 372 236
2 17 392
2 372 156
2 60 175
2 386 125
2 61 8
2 212 241
2 180 213
2 132 431
2 125 488
2 169 141
2 236 153
2 213 356
2 236 353
