321
2 26 32
2 43 34
2 25 4
2 19 39
2 38 7
2 39 5
2 20 26
2 28 36
2 44 14
2 2 43
2 39 7
2 22 4
2 31 17
2 43 1
2 2 8
2 12 32
2 38 24
2 27 39
2 31 9
2 36 7
2 38 19
2 10 11
2 38 20
2 12 43
2 45 13
2 48 15
2 22 18
2 50 19
2 44 11
2 50 18
2 50 5
2 3 4
2 40 25
2 32 39
2 30 6
2 2 11
2 42 50
2 7 35
2 12 42
2 13 47
2 45 39
2 44 15
2 21 40
2 17 18
2 2 40
2 13 15
2 46 23
2 44 31
2 7 2
2 45 41
2 36 37
2 26 37
2 16 8
2 30 22
2 46 6
2 6 14
2 17 30
2 34 45
2 28 23
2 9 19
2 40 33
2 38 5
2 21 32
2 19 17
2 7 17
2 38 32
2 16 40
2 43 23
2 39 40
2 4 38
2 30 23
2 35 45
2 11 36
2 14 38
2 25 20
2 5 3
2 19 33
2 14 34
2 8 13
2 31 22
2 33 14
2 36 29
2 21 11
2 35 40
2 5 23
2 6 37
2 17 46
2 43 50
2 24 2
2 7 1
2 34 30
2 26 42
2 3 32
2 20 48
2 28 21
2 34 31
2 12 7
2 46 22
2 34 18
2 10 43
2 25 14
2 2 14
2 24 33
2 47 34
2 24 12
2 12 29
2 43 38
2 19 12
2 48 11
2 37 3
2 46 44
2 48 7
2 32 9
2 49 8
2 11 39
2 14 9
2 49 19
2 22 8
2 37 25
2 31 13
2 25 42
2 8 50
2 24 41
2 1 27
2 27 25
2 29 25
2 8 48
2 3 27
2 39 46
2 6 20
2 1 42
2 50 11
2 40 1
2 17 4
2 35 43
2 42 48
2 45 12
2 42 17
2 45 26
2 27 44
2 19 22
2 44 40
2 28 35
2 47 16
2 29 21
2 48 43
2 3 42
2 28 17
2 3 30
2 38 30
2 37 35
2 32 50
2 40 12
2 48 37
2 30 41
2 42 2
2 39 47
2 4 35
2 28 22
2 8 35
2 15 33
2 40 17
2 33 20
2 50 47
2 26 47
2 41 20
2 16 20
2 40 48
2 33 46
2 25 15
2 47 36
2 21 15
2 41 7
2 49 24
2 8 26
2 14 22
2 50 45
2 24 23
2 48 24
2 17 24
2 14 39
2 2 27
2 4 41
2 9 43
2 30 35
2 30 9
2 11 3
2 44 43
2 19 25
2 19 16
2 34 40
2 33 42
2 33 29
2 34 37
2 7 25
2 41 31
2 6 47
2 5 10
2 40 36
2 5 49
2 16 29
2 45 23
2 20 44
2 3 14
2 13 42
2 28 39
2 45 38
2 42 38
2 17 43
2 5 41
2 31 12
2 36 8
2 18 44
2 38 40
2 33 7
2 50 14
2 21 37
2 16 4
2 31 16
2 18 26
2 11 41
2 30 25
2 14 26
2 13 14
2 13 18
2 37 38
2 3 15
2 12 8
2 42 21
2 48 29
2 33 5
2 1 14
2 32 44
2 5 25
2 35 11
2 27 17
2 5 22
2 33 31
2 4 1
2 22 7
2 24 25
2 22 32
2 17 8
2 9 47
2 41 8
2 35 29
2 40 13
2 47 41
2 19 6
2 38 8
2 43 41
2 39 18
2 35 5
2 18 12
2 10 15
2 37 22
2 36 5
2 39 29
2 18 49
2 15 36
2 1 20
2 35 27
2 29 9
2 32 6
2 10 4
2 46 35
2 29 44
2 28 33
2 46 9
2 32 2
2 11 22
2 4 49
2 39 43
2 13 7
2 30 2
2 23 7
2 34 24
2 48 45
2 10 32
2 16 43
2 49 29
2 47 2
2 46 26
2 16 42
2 34 29
2 26 31
2 5 12
2 46 41
2 23 27
2 17 11
2 49 31
2 32 33
2 21 45
2 23 20
2 3 24
2 34 32
2 27 41
2 40 49
2 16 7
2 35 14
2 43 36
2 4 2
2 16 37
2 19 21
2 18 10
2 7 49
2 2 46
2 15 1
2 4 13
2 37 50
2 37 49
2 41 40
2 12 15
2 37 10
2 13 19
2 42 9
2 33 8
2 31 48
2 44 47
2 16 28
2 42 6
