339
6 46 59 100 18 4 92
6 88 85 57 54 24 30
6 5 23 26 20 60 46
6 43 26 48 40 85 65
6 68 51 33 7 21 65
6 49 9 72 91 22 38
6 88 93 7 92 53 64
6 74 21 37 8 95 3
6 83 66 77 18 91 14
6 84 29 48 62 36 54
6 22 39 60 25 50 18
6 61 91 4 65 33 45
6 82 53 93 25 65 24
6 59 88 53 81 2 18
6 26 21 33 52 23 54
6 24 50 57 7 65 67
6 37 60 44 18 50 73
6 33 92 93 87 75 7
6 23 18 97 59 99 46
5 20 93 13 96 44
5 46 78 45 11 66
5 1 17 67 86 94
5 52 19 77 1 60
5 27 41 62 83 96
5 14 56 90 73 29
5 30 31 6 28 78
5 39 98 35 40 3
5 87 58 10 20 39
5 54 49 41 98 63
5 63 74 67 71 100
5 13 47 56 91 81
5 18 56 6 3 42
5 29 99 49 27 69
5 42 13 72 50 85
5 55 70 72 95 24
5 27 57 52 80 14
5 30 64 89 11 80
5 87 29 61 67 5
5 83 76 61 24 46
5 63 89 96 70 69
5 39 62 29 51 64
5 62 82 98 70 93
6 12 85 43 19 40 48
5 35 33 95 15 23
5 14 21 59 70 24
5 50 90 22 4 63
5 34 66 14 55 39
5 8 41 67 37 46
5 67 51 43 60 48
5 97 62 85 41 55
5 95 17 30 55 100
5 17 33 97 38 65
5 20 75 10 89 8
5 77 86 41 7 53
5 2 91 62 79 56
5 87 95 16 18 73
5 14 75 84 87 38
5 72 100 40 39 82
5 23 83 50 60 47
5 25 45 50 63 2
5 40 38 93 43 53
5 24 35 65 74 91
5 93 90 64 8 4
5 81 54 80 62 89
5 49 92 56 73 53
6 23 10 52 39 60 22
5 31 94 88 82 93
5 18 26 11 97 42
5 24 52 67 78 27
5 35 46 71 66 11
5 23 14 99 29 30
5 7 72 51 100 41
5 5 13 60 22 48
5 17 2 79 18 87
5 11 98 63 2 81
5 16 56 27 13 81
5 3 48 18 65 14
5 63 33 100 54 44
5 20 12 57 58 10
5 62 23 20 81 21
5 38 3 39 78 6
5 50 75 55 63 24
5 84 59 66 2 53
5 11 15 27 80 99
5 10 65 4 43 58
5 76 30 31 28 73
5 41 95 28 37 16
5 78 54 88 89 96
4 68 44 2 94
5 14 36 91 84 90
5 71 73 60 44 10
5 13 64 53 65 82
5 1 62 22 39 51
4 12 47 69 35
4 25 61 41 88
4 34 32 48 89
4 28 47 82 99
5 17 21 8 78 67
5 73 75 37 63 74
4 50 64 66 9
4 79 19 63 7
4 71 69 79 61
4 16 98 42 61
4 55 57 29 8
5 87 34 46 100 67
5 85 83 89 24 65
5 66 52 83 31 78
4 12 9 32 70
4 60 40 94 9
5 7 90 77 64 86
4 99 57 84 91
4 48 52 69 61
4 49 25 15 60
4 80 8 99 9
4 66 95 14 94
4 82 89 1 11
4 19 50 22 76
4 3 28 97 33
4 57 70 33 45
4 1 46 36 54
4 78 12 93 17
5 26 37 85 54 43
4 17 13 30 15
4 83 68 51 8
4 87 83 70 10
4 44 76 67 30
4 72 69 36 39
5 67 92 74 27 24
4 35 42 64 88
5 41 81 100 86 53
4 95 53 49 58
4 28 79 49 31
5 24 18 76 53 56
4 43 15 72 9
5 53 94 65 51 93
5 69 4 65 97 33
4 84 93 86 59
4 41 34 31 62
5 10 77 75 7 53
4 97 76 31 21
5 75 98 10 39 52
4 47 92 59 32
4 29 44 68 71
4 77 44 83 33
4 4 86 26 43
4 68 11 46 5
5 91 11 78 89 45
4 75 79 55 30
4 98 60 35 19
4 67 45 71 10
4 61 55 76 45
4 20 63 40 44
4 30 2 64 90
4 81 70 32 27
5 67 23 78 5 60
4 55 32 29 5
4 99 88 15 53
4 56 48 63 13
4 82 26 72 5
4 65 31 38 79
4 90 54 61 52
4 74 6 96 3
4 55 93 36 84
4 95 80 87 5
5 39 54 18 66 50
5 61 100 65 40 82
4 82 37 25 21
4 93 16 64 37
4 30 3 83 85
4 94 54 41 30
4 22 99 37 50
4 92 19 77 40
4 82 29 58 62
4 88 79 82 19
5 93 74 94 88 24
5 18 8 53 56 3
4 86 42 85 16
4 80 4 52 15
5 60 32 37 50 73
4 2 77 59 44
3 35 4 83
3 7 99 20
4 64 32 8 4
4 83 13 61 27
4 76 43 61 40
4 19 96 22 60
4 18 31 60 37
4 51 90 50 39
4 71 52 22 66
4 73 35 29 56
4 35 41 12 40
4 16 39 51 98
4 15 55 36 30
3 20 95 1
4 9 46 59 23
4 76 26 30 46
4 17 53 10 2
3 75 97 43
4 2 74 73 90
4 92 26 21 7
4 51 27 57 14
4 34 64 11 46
4 97 29 84 54
4 32 96 34 55
4 11 12 69 27
4 72 87 2 91
4 8 85 26 42
4 31 29 90 49
4 80 79 91 57
3 14 28 86
4 54 34 23 33
4 44 49 69 96
4 42 12 40 9
3 1 57 35
4 80 39 25 14
4 35 100 59 39
4 42 63 97 33
3 13 14 66
3 57 40 38
3 61 11 100
3 70 23 63
3 10 56 58
3 70 25 98
3 76 69 53
3 1 3 38
3 73 62 51
3 65 96 20
3 17 22 9
3 57 86 58
3 24 68 91
3 34 79 69
3 65 81 50
3 3 72 7
3 25 30 6
3 97 19 28
3 5 81 87
3 6 50 66
3 25 84 41
3 92 69 89
3 90 21 68
3 36 7 53
3 54 72 88
3 11 38 71
3 83 38 24
3 13 73 85
3 3 71 85
3 71 20 21
3 52 32 33
3 43 35 39
3 25 47 88
3 6 43 12
3 47 75 82
3 55 56 47
3 33 94 45
3 99 4 43
3 1 15 25
3 58 22 37
3 7 49 98
3 98 74 61
3 38 47 59
3 23 74 34
3 20 64 5
3 43 2 97
3 89 76 82
3 38 58 3
3 42 89 91
3 85 52 41
3 89 51 16
3 3 77 96
3 68 59 47
3 59 45 61
3 99 78 37
3 22 27 76
3 82 86 77
3 37 40 50
3 5 94 51
3 44 36 63
2 94 19
2 12 28
2 16 79
2 45 14
2 32 10
2 98 44
2 100 21
2 42 21
2 51 66
2 19 8
2 25 34
2 9 31
2 7 62
2 9 74
2 86 60
2 55 4
2 13 70
2 47 54
2 74 86
2 75 48
2 81 77
2 96 2
2 46 6
2 85 92
2 69 10
2 15 48
2 91 41
2 84 71
2 89 36
2 31 20
2 5 36
2 79 43
2 85 99
2 62 78
2 67 4
2 1 32
2 2 12
2 27 94
2 36 9
2 80 40
2 27 3
2 44 87
2 52 93
2 85 45
2 97 16
2 73 59
2 25 8
2 54 10
2 100 29
2 91 92
2 89 6
2 8 44
2 14 26
2 90 17
2 48 21
2 40 34
2 58 68
2 16 9
2 6 44
2 64 28
2 67 77
2 31 45
