255
9 20 84 21 58 70 100 15 87 29
9 25 76 99 79 48 9 1 58 80
9 14 25 34 67 55 76 6 84 52
9 7 59 81 11 90 84 39 15 40
8 56 51 19 80 13 64 24 85
8 31 86 7 63 19 2 87 67
8 21 48 66 61 37 53 43 45
8 79 26 33 24 10 15 77 83
8 27 95 16 100 14 36 24 74
8 22 13 39 17 97 3 26 14
8 3 56 30 50 16 96 59 10
8 45 27 73 13 69 94 50 7
8 100 55 42 46 4 57 99 38
8 89 60 99 98 75 51 62 82
8 33 16 41 1 32 90 28 43
8 65 42 26 96 47 98 15 73
8 2 61 51 18 93 36 99 86
8 49 66 18 4 55 97 71 48
8 82 5 87 6 98 34 92 16
8 57 8 19 25 16 14 65 37
8 5 61 85 9 13 14 28 73
8 52 80 10 95 24 60 4 91
8 42 63 17 23 36 86 3 50
8 40 51 15 9 83 49 12 58
8 65 79 69 67 18 76 50 51
8 88 66 16 80 95 89 27 59
8 82 33 37 43 10 7 41 70
8 82 73 97 13 87 21 29 90
8 11 83 22 33 6 60 84 10
8 20 25 40 63 34 19 7 4
7 78 21 93 12 92 55 72
7 94 39 44 63 29 24 57
7 5 49 30 32 63 72 59
7 23 8 92 62 46 41 10
7 25 78 68 28 46 44 100
7 30 68 83 57 85 91 84
7 90 27 31 51 96 93 14
7 8 12 65 2 28 58 75
8 80 35 34 6 64 24 58 52
7 38 72 71 1 16 9 94
7 47 80 21 74 98 20 36
7 76 70 86 44 31 1 96
7 78 13 32 46 38 88 17
7 70 94 87 65 30 13 52
7 9 96 5 62 48 75 69
7 12 59 23 61 11 3 24
7 90 64 23 91 76 87 15
7 83 87 54 16 98 53 69
7 29 31 34 81 74 82 39
7 10 69 78 50 89 46 19
7 11 89 56 97 32 16 39
7 97 93 75 77 22 96 17
7 48 87 84 81 4 75 95
7 88 76 14 70 71 8 67
7 73 22 60 45 85 23 3
6 26 88 40 68 56 74
7 72 29 67 55 34 43 35
7 57 31 97 19 66 64 2
7 9 17 31 18 35 93 99
7 29 61 63 25 20 1 54
7 77 44 86 46 41 100 90
7 25 26 47 79 20 91 52
7 79 16 92 95 85 68 83
7 32 24 53 35 9 5 48
7 15 38 55 37 68 12 78
8 70 45 10 8 43 48 76 80
6 28 98 77 99 37 88
7 21 14 77 3 93 50 24
7 20 13 68 16 22 34 80
7 97 100 49 74 55 70 52
7 61 95 11 53 40 84 3
6 35 62 57 82 47 32
7 58 60 63 62 82 7 39
6 24 62 11 67 71 54
8 49 87 59 75 58 15 20 79
8 27 15 16 7 4 90 37 96
7 74 41 81 98 59 95 100
7 36 69 91 23 27 17 46
6 40 42 34 3 2 32
8 13 48 7 64 80 76 61 45
7 38 18 30 62 55 17 99
7 65 44 18 77 78 19 69
7 35 36 82 67 34 41 14
6 73 78 35 86 52 58
6 88 93 7 10 79 94
6 90 83 63 73 56 30
6 72 97 33 12 26 23
7 71 98 96 2 89 59 16
7 15 1 47 92 21 43 98
6 5 1 43 8 12 94
6 21 44 66 42 84 2
7 49 93 22 12 10 11 55
6 15 44 49 53 57 68
6 79 82 46 31 87 54
6 64 94 47 77 83 57
6 5 19 37 85 75 35
7 78 29 94 60 13 38 88
6 23 28 32 65 54 69
8 34 94 74 55 84 5 52 14
7 20 6 90 4 80 51 27
6 2 6 92 97 3 52
7 54 86 5 33 16 87 1
6 36 83 49 58 80 17
7 9 84 95 58 99 34 25
7 71 34 15 68 4 24 26
6 71 87 53 7 36 67
6 83 70 67 63 37 85
6 49 33 88 99 58 9
6 81 12 22 100 65 14
6 59 57 27 37 50 28
7 40 55 77 67 86 18 19
7 45 68 21 92 55 13 29
6 6 44 10 59 11 78
7 99 56 79 89 9 69 75
6 77 6 88 17 30 80
7 65 91 12 14 73 15 24
6 21 8 66 60 4 84
6 100 13 3 85 4 38
5 58 98 85 19 43
6 47 95 81 41 1 86
6 48 14 6 45 35 50
6 46 73 54 99 88 42
5 74 3 22 92 51
6 28 97 48 96 33 25
6 25 39 23 75 60 22
6 81 77 19 50 84 10
6 100 63 96 62 67 70
7 17 45 66 93 61 55 18
6 78 76 53 61 73 69
6 65 93 35 31 52 75
6 84 36 89 75 82 10
6 40 57 46 39 27 74
6 98 18 76 8 43 41
6 39 85 30 29 60 91
6 27 33 51 9 89 72
6 71 90 47 7 39 96
7 28 64 16 41 7 13 59
6 94 100 1 98 57 99
6 3 5 39 61 96 22
5 11 41 24 48 43
6 40 87 76 49 64 51
5 52 69 47 42 92
4 6 66 29 75
5 15 19 23 53 97
5 70 2 99 47 42
6 61 89 55 51 86 12
5 96 8 3 53 56
6 86 38 36 95 68 46
6 42 30 72 26 32 56
5 75 7 72 20 12
6 29 93 79 55 76 25
5 35 40 60 85 83
5 28 38 45 27 23
5 89 26 4 19 91
5 88 62 33 66 54
4 43 42 60 90
5 85 48 10 57 64
5 7 54 4 13 50
5 67 68 22 50 65
6 27 58 65 93 28 88
5 7 22 44 31 10
5 64 9 91 62 17
5 93 98 72 47 77
5 14 11 91 37 27
5 68 31 24 64 86
6 89 29 63 67 50 82
5 1 6 46 78 90
6 34 8 81 76 4 87
6 45 26 33 60 13 3
5 21 91 69 92 29
5 72 48 42 30 50
5 20 38 79 58 99
5 29 32 25 24 43
5 45 12 59 6 80
5 27 53 88 94 93
5 62 81 40 32 9
5 92 4 96 7 63
4 99 8 31 90
5 36 56 97 18 16
5 42 14 46 34 39
5 15 74 83 73 97
4 37 74 72 7
4 79 43 90 77
4 2 78 34 13
4 31 59 72 9
4 45 95 55 99
4 17 84 82 62
4 82 26 65 52
4 64 39 26 3
4 83 28 47 25
4 44 56 51 53
4 49 60 71 63
4 97 86 48 42
4 68 70 46 80
4 32 18 51 33
4 75 70 41 20
4 21 32 70 37
3 1 19 30
4 98 44 5 77
3 74 17 41
3 74 89 41
3 80 65 96
3 18 47 50
3 64 54 34
3 44 27 18
3 29 3 57
3 87 39 20
3 35 42 100
3 93 46 91
3 26 8 83
3 61 81 23
3 37 52 33
3 10 71 12
3 5 68 95
3 1 52 61
3 31 95 65
3 100 54 57
3 41 60 94
3 99 22 48
3 23 35 18
3 63 93 18
2 97 88
2 46 56
2 11 38
2 98 3
2 33 19
2 56 37
2 57 89
2 40 72
2 26 44
2 39 66
2 82 38
2 72 13
2 67 66
2 51 91
2 42 20
2 69 6
2 67 20
2 27 30
2 43 88
2 31 69
2 61 49
2 96 55
2 100 91
2 53 47
2 51 70
2 67 9
2 69 85
2 76 38
2 71 17
2 79 2
2 83 81
2 30 2
2 71 95
2 24 99
